# stats: dump at 1449007422
stats: users 1 2
stats: {cpu,"tsung_controller@ip-172-30-3-206"} 1 1.2788462619291165 0 1.2788462619291165 1.2788462619291165 0 0
stats: {load,"tsung_controller@ip-172-30-3-206"} 1 0.01171875 0 0.01171875 0.01171875 0 0
stats: {freemem,"tsung_controller@ip-172-30-3-206"} 1 6879.76953125 0 6879.76953125 6879.76953125 0 0
stats: session 1 1494.447021484375 0 1494.447021484375 1494.447021484375 0 0
stats: users_count 2 2
stats: finish_users_count 1 1
stats: page 4 78.66302490234375 36.38839742680798 114.10693359375 17.760009765625 0 0
stats: request 40 7.800946044921875 13.640080602930212 81.837158203125 0.492919921875 0 0
stats: connect 4 22.03326416015625 29.751061204895993 73.08203125 0.925048828125 0 0
stats: 302 2 2
stats: 200 38 38
stats: size_rcv 1300308 1300308
stats: size_sent 13041 13041
stats: connected 2 2
# stats: dump at 1449007432
stats: users 3 9
stats: {recvpackets,"tsung_controller@ip-172-30-3-206"} 1 975 0 975 975 0 0
stats: {sentpackets,"tsung_controller@ip-172-30-3-206"} 1 476 0 476 476 0 0
stats: {cpu,"tsung_controller@ip-172-30-3-206"} 1 1.0923535253227408 0.0 1.2788462619291165 1.0923535253227408 1.2788462619291165 1
stats: {load,"tsung_controller@ip-172-30-3-206"} 1 0.01171875 0.0 0.01171875 0.01171875 0.01171875 1
stats: {freemem,"tsung_controller@ip-172-30-3-206"} 1 6878.25390625 0.0 6879.76953125 6878.25390625 6879.76953125 1
stats: session 10 4106.700659179687 2427.4402007742797 8388.943115234375 305.549072265625 1494.447021484375 1
stats: users_count 12 14
stats: finish_users_count 10 11
stats: request 339 5.629738056554207 6.567619107971445 81.837158203125 0.492919921875 7.800946044921875 40
stats: connect 35 1.5104561941964285 0.8139811868973037 73.08203125 0.740966796875 22.03326416015625 4
stats: page 35 54.884388950892856 40.37042050178129 117.6240234375 15.63916015625 78.66302490234375 4
stats: 302 34 36
stats: 200 228 266
stats: size_rcv 7950440 9250748
stats: size_sent 102527 115568
stats: connected 1 3
stats: 404 77 77
# stats: dump at 1449007442
stats: users 12 13
stats: {recvpackets,"tsung_controller@ip-172-30-3-206"} 1 5917.0 0.0 5917 975 975.0 1
stats: {sentpackets,"tsung_controller@ip-172-30-3-206"} 1 2715.0 0.0 2715 476 476.0 1
stats: {cpu,"tsung_controller@ip-172-30-3-206"} 1 1.6881827209533267 0.0 1.6881827209533267 1.0923535253227408 1.1855998936259287 2
stats: {load,"tsung_controller@ip-172-30-3-206"} 1 0.01171875 0.0 0.01171875 0.01171875 0.01171875 2
stats: {freemem,"tsung_controller@ip-172-30-3-206"} 1 6877.54296875 0.0 6879.76953125 6877.54296875 6879.01171875 2
stats: session 6 4223.882405598958 3139.639253547409 9242.64501953125 305.549072265625 3869.223055752841 11
stats: users_count 15 29
stats: finish_users_count 6 17
stats: request 305 5.924379642674179 6.830088561065225 81.837158203125 0.492919921875 5.858889295432061 379
stats: connect 31 1.6115880166330645 0.8564018253579705 73.08203125 0.656982421875 3.6153595753205128 39
stats: page 31 58.62572454637097 42.997554021482294 123.14794921875 14.861083984375 57.32322340745192 39
stats: 302 23 59
stats: 200 247 513
stats: size_rcv 8519655 17770403
stats: size_sent 95719 211287
stats: connected 8 11
stats: 404 35 112
# stats: dump at 1449007452
stats: users 10 15
stats: {recvpackets,"tsung_controller@ip-172-30-3-206"} 1 7749.0 0.0 7749 975 3446.0 2
stats: {sentpackets,"tsung_controller@ip-172-30-3-206"} 1 3506.0 0.0 3506 476 1595.5 2
stats: {cpu,"tsung_controller@ip-172-30-3-206"} 1 1.6898608349900597 0.0 1.6898608349900597 1.0923535253227408 1.3531275027350613 3
stats: {load,"tsung_controller@ip-172-30-3-206"} 1 0.0 0.0 0.01171875 0.0 0.01171875 3
stats: {freemem,"tsung_controller@ip-172-30-3-206"} 1 6875.88671875 0.0 6879.76953125 6875.88671875 6878.522135416667 3
stats: session 16 6819.152496337891 4890.507348637047 21379.7109375 305.549072265625 3994.3969439338234 17
stats: users_count 14 43
stats: finish_users_count 16 33
stats: request 424 5.216655803176597 5.216251298837318 81.837158203125 0.468017578125 5.888091862550256 684
stats: connect 44 1.4625355113636365 0.8225394591059974 73.08203125 0.656982421875 2.7279750279017856 70
stats: page 44 50.6246504350142 34.51910961321792 127.1181640625 14.861083984375 57.90004534040179 70
stats: 302 46 105
stats: 200 266 779
stats: size_rcv 9318076 27088479
stats: newphase 1 1
stats: size_sent 127717 339004
stats: connected -2 9
stats: 404 112 224
# stats: dump at 1449007462
stats: users 8 15
stats: {recvpackets,"tsung_controller@ip-172-30-3-206"} 1 6990.0 0.0 7749 975 4880.333333333333 3
stats: {sentpackets,"tsung_controller@ip-172-30-3-206"} 1 3321.0 0.0 3506 476 2232.3333333333335 3
stats: {cpu,"tsung_controller@ip-172-30-3-206"} 1 1.8830525272547076 0.0 1.8830525272547076 1.0923535253227408 1.437310835798811 4
stats: {load,"tsung_controller@ip-172-30-3-206"} 1 0.0 0.0 0.01171875 0.0 0.0087890625 4
stats: {freemem,"tsung_controller@ip-172-30-3-206"} 1 6876.171875 0.0 6879.76953125 6875.88671875 6877.86328125 4
stats: session 14 6914.278843470982 4363.461609473862 21379.7109375 305.549072265625 5363.97539358428 33
stats: users_count 12 55
stats: finish_users_count 14 47
stats: request 375 5.721957031250005 6.798996999927614 81.837158203125 0.468017578125 5.631152431887411 1108
stats: connect 39 1.4585023537660255 0.8124908967555503 73.08203125 0.656982421875 2.2395597759046053 114
stats: page 39 55.36045798277244 41.20408401065326 127.1181640625 14.861083984375 55.091998183936404 114
stats: 302 42 147
stats: 200 228 1007
stats: size_rcv 8004278 35092757
stats: newphase 0 1
stats: size_sent 111670 450674
stats: connected -3 6
stats: 404 105 329
# stats: dump at 1449007472
stats: users 6 15
stats: {recvpackets,"tsung_controller@ip-172-30-3-206"} 1 5545.0 0.0 7749 975 5407.75 4
stats: {sentpackets,"tsung_controller@ip-172-30-3-206"} 1 2538.0 0.0 3506 476 2504.5 4
stats: {cpu,"tsung_controller@ip-172-30-3-206"} 1 1.2941762070681933 0.0 1.8830525272547076 1.0923535253227408 1.5264591740899902 5
stats: {load,"tsung_controller@ip-172-30-3-206"} 1 0.0 0.0 0.01171875 0.0 0.00703125 5
stats: {freemem,"tsung_controller@ip-172-30-3-206"} 1 6876.16015625 0.0 6879.76953125 6875.88671875 6877.525 5
stats: session 16 5358.427688598633 4423.05921578817 21379.7109375 145.08203125 5825.767910571809 47
stats: users_count 14 69
stats: finish_users_count 16 63
stats: request 455 5.759964693509615 5.9707572602956 81.837158203125 0.468017578125 5.6541138106877975 1483
stats: connect 47 1.4745574301861701 0.8358234684045355 73.08203125 0.656982421875 2.04046670751634 153
stats: page 47 56.1093126662234 38.912997184060856 129.593994140625 14.861083984375 55.16042911305147 153
stats: 302 46 193
stats: 200 304 1311
stats: size_rcv 10604882 45697639
stats: newphase 0 1
stats: size_sent 138006 588680
stats: connected 1 7
stats: 404 105 434
# stats: dump at 1449007482
stats: users 9 15
stats: {recvpackets,"tsung_controller@ip-172-30-3-206"} 1 8878.0 0.0 8878 975 5435.2 5
stats: {sentpackets,"tsung_controller@ip-172-30-3-206"} 1 4046.0 0.0 4046 476 2511.2 5
stats: {cpu,"tsung_controller@ip-172-30-3-206"} 1 2.3785926660059467 0.0 2.3785926660059467 1.0923535253227408 1.4877453462530241 6
stats: {load,"tsung_controller@ip-172-30-3-206"} 1 0.0 0.0 0.01171875 0.0 0.005859375 6
stats: {freemem,"tsung_controller@ip-172-30-3-206"} 1 6875.52734375 0.0 6879.76953125 6875.52734375 6877.297526041667 6
stats: session 16 3753.363082885742 2752.5102435238123 21379.7109375 145.08203125 5707.078330388144 63
stats: users_count 19 88
stats: finish_users_count 16 79
stats: request 479 5.373859827603077 5.746913315664002 81.837158203125 0.468017578125 5.678965282144932 1938
stats: connect 50 1.607109375 1.3765424556247072 73.08203125 0.656982421875 1.9074780273437504 200
stats: page 50 51.8496435546875 38.031362408211244 130.97900390625 14.6171875 55.383416748046876 200
stats: 302 50 243
stats: 200 310 1621
stats: size_rcv 10774972 56472611
stats: newphase 1 2
stats: size_sent 145795 734475
stats: connected 0 7
stats: 404 119 553
# stats: dump at 1449007492
stats: users 15 16
stats: {recvpackets,"tsung_controller@ip-172-30-3-206"} 1 7930.0 0.0 8878 975 6009.0 6
stats: {sentpackets,"tsung_controller@ip-172-30-3-206"} 1 3726.0 0.0 4046 476 2767.0 6
stats: {cpu,"tsung_controller@ip-172-30-3-206"} 1 1.8389662027833 0.0 2.3785926660059467 1.0923535253227408 1.6150092490748702 7
stats: {load,"tsung_controller@ip-172-30-3-206"} 1 0.0 0.0 0.01171875 0.0 0.005022321428571429 7
stats: {freemem,"tsung_controller@ip-172-30-3-206"} 1 6875.1328125 0.0 6879.76953125 6875.1328125 6877.044642857143 7
stats: session 17 4038.068488625919 3579.3591019126184 21379.7109375 145.08203125 5311.389166337025 79
stats: users_count 23 111
stats: finish_users_count 17 96
stats: request 647 5.951828073681416 7.979359730964989 127.35107421875 0.468017578125 5.6184996169709365 2417
stats: connect 66 1.5404533617424243 0.8617066910430027 73.08203125 0.656982421875 1.8474042968750002 250
stats: page 66 58.70419773910985 45.25054740119375 231.8759765625 14.6171875 54.676662109375 250
stats: 302 59 302
stats: 200 469 2090
stats: size_rcv 16340362 72812973
stats: newphase 0 2
stats: size_sent 197182 931657
stats: connected 7 14
stats: 404 119 672
# stats: dump at 1449007502
stats: users 6 16
stats: {recvpackets,"tsung_controller@ip-172-30-3-206"} 1 10859.0 0.0 10859 975 6283.428571428572 7
stats: {sentpackets,"tsung_controller@ip-172-30-3-206"} 1 4844.0 0.0 4844 476 2904.0 7
stats: {cpu,"tsung_controller@ip-172-30-3-206"} 1 2.3383084577114426 0.0 2.3785926660059467 1.0923535253227408 1.643003868288424 8
stats: {load,"tsung_controller@ip-172-30-3-206"} 1 0.0 0.0 0.01171875 0.0 0.00439453125 8
stats: {freemem,"tsung_controller@ip-172-30-3-206"} 1 6874.74609375 0.0 6879.76953125 6874.74609375 6876.8056640625 8
stats: session 28 5499.576154436384 6096.948967879231 26554.882080078125 145.08203125 5085.905296325684 96
stats: users_count 19 130
stats: finish_users_count 28 124
stats: request 643 5.288428797506804 5.764775398587507 127.35107421875 0.4580078125 5.688885880512608 3064
stats: connect 67 1.3539601795708955 0.8068236169886794 73.08203125 0.626953125 1.7832942914359178 316
stats: page 67 51.118247871968286 36.47543334585255 231.8759765625 14.6171875 55.51785625988924 316
stats: 302 74 376
stats: 200 380 2470
stats: size_rcv 13367426 86180399
stats: newphase 0 2
stats: size_sent 190955 1122612
stats: connected -7 7
stats: 404 189 861
# stats: dump at 1449007512
stats: users 23 23
stats: {recvpackets,"tsung_controller@ip-172-30-3-206"} 1 10068.0 0.0 10859 975 6855.375 8
stats: {sentpackets,"tsung_controller@ip-172-30-3-206"} 1 4988.0 0.0 4988 476 3146.5 8
stats: {cpu,"tsung_controller@ip-172-30-3-206"} 1 2.538576406172225 0.0 2.538576406172225 1.0923535253227408 1.7202599337798705 9
stats: {load,"tsung_controller@ip-172-30-3-206"} 1 0.0 0.0 0.01171875 0.0 0.00390625 9
stats: {freemem,"tsung_controller@ip-172-30-3-206"} 1 6873.42578125 0.0 6879.76953125 6873.42578125 6876.576822916667 9
stats: session 16 4745.972183227539 4917.674337831174 26554.882080078125 145.08203125 5179.314844931326 124
stats: users_count 33 163
stats: finish_users_count 16 140
stats: request 760 5.658139841180097 6.508094388838929 127.35107421875 0.4580078125 5.61942434709671 3707
stats: connect 79 1.474572290348101 0.8466682785536527 73.08203125 0.626953125 1.7081888462793733 383
stats: page 78 55.41299516726763 41.81053444421361 231.8759765625 14.6171875 54.748211972707246 383
stats: 302 64 440
stats: 200 577 3047
stats: size_rcv 19881595 106061994
stats: newphase 1 3
stats: size_sent 237022 1359634
stats: connected 15 22
stats: 404 119 980
# stats: dump at 1449007522
stats: users 28 30
stats: {recvpackets,"tsung_controller@ip-172-30-3-206"} 1 16506.0 0.0 16506 975 7212.333333333333 9
stats: {sentpackets,"tsung_controller@ip-172-30-3-206"} 1 7644.0 0.0 7644 476 3351.1111111111113 9
stats: {cpu,"tsung_controller@ip-172-30-3-206"} 1 3.053053053053053 0.0 3.053053053053053 1.0923535253227408 1.802091581019106 10
stats: {load,"tsung_controller@ip-172-30-3-206"} 1 0.0 0.0 0.01171875 0.0 0.003515625 10
stats: {freemem,"tsung_controller@ip-172-30-3-206"} 1 6874.23046875 0.0 6879.76953125 6873.42578125 6876.26171875 10
stats: session 34 3919.6786319508274 2752.149952908272 26554.882080078125 145.08203125 5129.789969308035 140
stats: users_count 39 202
stats: finish_users_count 34 174
stats: connect 116 1.408133671201509 0.8230931224715221 73.08203125 0.626953125 1.6682414265422079 462
stats: request 1136 5.592524353886998 6.831195293394369 127.35107421875 0.4580078125 5.62601126796158 4467
stats: page 116 54.97588690396013 41.86462516277723 231.8759765625 14.6171875 54.86069155877169 461
stats: 302 109 549
stats: 200 791 3838
stats: size_rcv 27614081 133676075
stats: newphase 0 3
stats: size_sent 345808 1705442
stats: connected 7 29
stats: 404 236 1216
# stats: dump at 1449007532
stats: users 27 34
stats: {recvpackets,"tsung_controller@ip-172-30-3-206"} 1 20646.0 0.0 20646 975 8141.7 10
stats: {sentpackets,"tsung_controller@ip-172-30-3-206"} 1 9427.0 0.0 9427 476 3780.4 10
stats: {cpu,"tsung_controller@ip-172-30-3-206"} 1 4.365079365079365 0.0 4.365079365079365 1.0923535253227408 1.9158153512040101 11
stats: {load,"tsung_controller@ip-172-30-3-206"} 1 0.0 0.0 0.01171875 0.0 0.0031960227272727275 11
stats: {freemem,"tsung_controller@ip-172-30-3-206"} 1 6872.66015625 0.0 6879.76953125 6872.66015625 6876.077059659091 11
stats: session 47 6275.410254945146 6137.682628865423 26554.882080078125 145.08203125 4893.331432123294 174
stats: users_count 46 248
stats: finish_users_count 47 221
stats: request 1340 5.36068224551073 5.712878265833187 127.35107421875 0.4580078125 5.619221845439944 5603
stats: connect 139 1.3815513995053954 0.8591665298742767 73.08203125 0.6171875 1.6160398701070502 578
stats: page 139 52.11112086892986 37.582303606699945 231.8759765625 14.6171875 54.88385041499675 577
stats: 302 140 689
stats: 200 874 4712
stats: size_rcv 30535933 164212008
stats: newphase 0 3
stats: size_sent 404713 2110155
stats: connected -1 28
stats: 404 326 1542
# stats: dump at 1449007542
stats: users 40 40
stats: {recvpackets,"tsung_controller@ip-172-30-3-206"} 1 23986.0 0.0 23986 975 9278.454545454546 11
stats: {sentpackets,"tsung_controller@ip-172-30-3-206"} 1 11019.0 0.0 11019 476 4293.727272727273 11
stats: {cpu,"tsung_controller@ip-172-30-3-206"} 1 4.780876494023905 0.0 4.780876494023905 1.0923535253227408 2.119920685693623 12
stats: {load,"tsung_controller@ip-172-30-3-206"} 1 0.0 0.0 0.01171875 0.0 0.0029296875 12
stats: {freemem,"tsung_controller@ip-172-30-3-206"} 1 6870.7890625 0.0 6879.76953125 6870.7890625 6875.792317708333 12
stats: session 54 5600.30862539786 5592.052369873742 30664.2099609375 145.08203125 5187.257697610294 221
stats: users_count 67 315
stats: finish_users_count 54 275
stats: connect 185 1.453443042652027 1.0158617921409396 73.08203125 0.5927734375 1.5705811568383892 717
stats: page 184 55.19581935716712 48.33501960603269 372.6630859375 14.614990234375 54.34556912043907 716
stats: 302 173 862
stats: request 1790 5.686718613608585 8.6275471733601 175.883056640625 0.4580078125 5.5693236654161575 6943
stats: 200 1241 5953
stats: size_rcv 42943758 207155766
stats: newphase 1 4
stats: size_sent 548097 2658252
stats: connected 12 40
stats: 404 376 1918
# stats: dump at 1449007552
stats: users 30 45
stats: {recvpackets,"tsung_controller@ip-172-30-3-206"} 1 32815.0 0.0 32815 975 10504.083333333334 12
stats: {sentpackets,"tsung_controller@ip-172-30-3-206"} 1 15147.0 0.0 15147 476 4854.166666666667 12
stats: {cpu,"tsung_controller@ip-172-30-3-206"} 1 6.659989984977466 0.0 6.659989984977466 1.0923535253227408 2.3246095940267213 13
stats: {load,"tsung_controller@ip-172-30-3-206"} 1 0.0 0.0 0.01171875 0.0 0.002704326923076923 13
stats: {freemem,"tsung_controller@ip-172-30-3-206"} 1 6867.29296875 0.0 6879.76953125 6867.29296875 6875.407451923077 13
stats: session 67 5375.658552938433 4905.9164929581575 30664.2099609375 145.08203125 5268.365879794034 275
stats: users_count 57 372
stats: finish_users_count 67 342
stats: request 1743 5.2368075818900595 5.352626487333484 175.883056640625 0.4580078125 5.593386067484684 8733
stats: connect 181 1.4281565629316293 1.6398670216675313 73.08203125 0.5927734375 1.5465561555917406 902
stats: page 181 50.9931047133978 36.1096319145676 372.6630859375 14.614990234375 54.519398057725695 900
stats: 302 192 1054
stats: 200 1075 7028
stats: size_rcv 37911439 245067205
stats: newphase 0 4
stats: size_sent 519789 3178041
stats: connected -11 29
stats: 404 476 2394
# stats: dump at 1449007562
stats: users 30 45
stats: {recvpackets,"tsung_controller@ip-172-30-3-206"} 1 27141.0 0.0 32815 975 12220.307692307691 13
stats: {sentpackets,"tsung_controller@ip-172-30-3-206"} 1 12708.0 0.0 15147 476 5645.923076923077 13
stats: {cpu,"tsung_controller@ip-172-30-3-206"} 1 5.555555555555555 0.0 6.659989984977466 1.0923535253227408 2.6342796219517743 14
stats: {load,"tsung_controller@ip-172-30-3-206"} 1 0.0 0.0 0.01171875 0.0 0.0025111607142857145 14
stats: {freemem,"tsung_controller@ip-172-30-3-206"} 1 6868.89453125 0.0 6879.76953125 6867.29296875 6874.827845982143 14
stats: session 54 5857.954589843751 5251.810153974563 30664.2099609375 145.08203125 5289.385204649808 342
stats: users_count 54 426
stats: finish_users_count 54 396
stats: connect 162 1.3666585286458333 0.8472928794422643 73.08203125 0.5927734375 1.526768227363227 1083
stats: request 1579 5.0959483479457015 4.885100952751471 175.883056640625 0.4580078125 5.534058432853964 10476
stats: page 164 49.855343702362795 34.25313144354698 372.6630859375 14.614990234375 53.928964112005666 1081
stats: 302 161 1215
stats: 200 1047 8075
stats: size_rcv 36580038 281647243
stats: newphase 0 4
stats: size_sent 478083 3656124
stats: connected 1 30
stats: 404 371 2765
# stats: dump at 1449007572
stats: users 47 53
stats: {recvpackets,"tsung_controller@ip-172-30-3-206"} 1 29233.0 0.0 32815 975 13286.07142857143 14
stats: {sentpackets,"tsung_controller@ip-172-30-3-206"} 1 13732.0 0.0 15147 476 6150.357142857143 14
stats: {cpu,"tsung_controller@ip-172-30-3-206"} 1 6.312625250501001 0.0 6.659989984977466 1.0923535253227408 2.8290313508586933 15
stats: {load,"tsung_controller@ip-172-30-3-206"} 1 0.0 0.0 0.01171875 0.0 0.00234375 15
stats: {freemem,"tsung_controller@ip-172-30-3-206"} 1 6868.71484375 0.0 6879.76953125 6867.29296875 6874.432291666667 15
stats: session 68 5309.832411822151 5247.715326059402 30664.2099609375 145.08203125 5366.917393539891 396
stats: users_count 85 511
stats: finish_users_count 68 464
stats: request 2283 5.447144998357424 9.136026210470256 297.2470703125 0.4580078125 5.476673461964694 12055
stats: connect 235 1.4093614943484047 0.8449943188015706 73.08203125 0.5927734375 1.5059346762048191 1245
stats: page 235 53.29663605385638 57.80291524384458 758.172119140625 14.614990234375 53.39235869258283 1245
stats: 302 218 1433
stats: 200 1596 9671
stats: size_rcv 55517601 337164844
stats: newphase 1 5
stats: size_sent 697324 4353448
stats: connected 17 47
stats: 404 469 3234
# stats: dump at 1449007582
stats: users 63 64
stats: {recvpackets,"tsung_controller@ip-172-30-3-206"} 1 43424.0 0.0 43424 975 14349.2 15
stats: {sentpackets,"tsung_controller@ip-172-30-3-206"} 1 20326.0 0.0 20326 476 6655.8 15
stats: {cpu,"tsung_controller@ip-172-30-3-206"} 1 9.145728643216081 0.0 9.145728643216081 1.0923535253227408 3.0467559695863375 16
stats: {load,"tsung_controller@ip-172-30-3-206"} 1 0.0 0.0 0.01171875 0.0 0.002197265625 16
stats: {freemem,"tsung_controller@ip-172-30-3-206"} 1 6865.84765625 0.0 6879.76953125 6865.84765625 6874.074951171875 16
stats: session 81 4603.881709346065 3984.391907439873 30664.2099609375 145.08203125 5358.551491046774 464
stats: users_count 97 608
stats: finish_users_count 81 545
stats: connect 281 1.4503629962744662 1.391646748774208 73.08203125 0.5927734375 1.4906004209776182 1480
stats: request 2717 5.2417732606620255 6.351722534719981 297.2470703125 0.4580078125 5.4719717265472445 14338
stats: page 280 51.21413312639508 37.67205970280262 758.172119140625 14.614990234375 53.37715948981208 1480
stats: 302 265 1698
stats: 200 1872 11543
stats: size_rcv 64996937 402161781
stats: newphase 0 5
stats: size_sent 829748 5183196
stats: connected 16 63
stats: 404 581 3815
# stats: dump at 1449007592
stats: users 61 66
stats: {recvpackets,"tsung_controller@ip-172-30-3-206"} 1 50482.0 0.0 50482 975 16166.375 16
stats: {sentpackets,"tsung_controller@ip-172-30-3-206"} 1 23303.0 0.0 23303 476 7510.1875 16
stats: {cpu,"tsung_controller@ip-172-30-3-206"} 1 10.040160642570282 0.0 10.040160642570282 1.0923535253227408 3.405519068035146 17
stats: {load,"tsung_controller@ip-172-30-3-206"} 1 0.0 0.0 0.01171875 0.0 0.002068014705882353 17
stats: {freemem,"tsung_controller@ip-172-30-3-206"} 1 6862.31640625 0.0 6879.76953125 6862.31640625 6873.590992647059 17
stats: session 110 5302.828930664063 5319.4605572754745 32330.693115234375 145.08203125 5246.389560188503 545
stats: users_count 108 716
stats: finish_users_count 110 655
stats: request 3116 5.407902885309697 6.108178542949657 297.2470703125 0.4580078125 5.435299241539321 17055
stats: connect 324 1.4144528235918206 0.8968742214548024 73.08203125 0.5927734375 1.4841797984099943 1761
stats: page 322 52.393987620099004 34.97427439617781 758.172119140625 14.614990234375 53.03304165926846 1760
stats: 302 324 2022
stats: 200 2036 13579
stats: size_rcv 70844648 473006429
stats: newphase 0 5
stats: size_sent 945508 6128704
stats: connected 0 63
stats: 404 756 4571
# stats: dump at 1449007602
stats: users 132 139
stats: {recvpackets,"tsung_controller@ip-172-30-3-206"} 1 54452.0 0.0 54452 975 18184.941176470587 17
stats: {sentpackets,"tsung_controller@ip-172-30-3-206"} 1 25306.0 0.0 25306 476 8439.176470588236 17
stats: {cpu,"tsung_controller@ip-172-30-3-206"} 1 12.293853073463268 0.0 12.293853073463268 1.0923535253227408 3.774110266620431 18
stats: {load,"tsung_controller@ip-172-30-3-206"} 1 0.0 0.0 0.01171875 0.0 0.001953125 18
stats: {freemem,"tsung_controller@ip-172-30-3-206"} 1 6861.984375 0.0 6879.76953125 6861.984375 6872.964626736111 18
stats: session 136 5081.175583783317 5162.44801755302 32330.693115234375 145.08203125 5255.867927749285 655
stats: users_count 207 923
stats: finish_users_count 136 791
stats: request 5360 5.981438707949514 12.781930300008428 462.357177734375 0.4580078125 5.431067074268907 20171
stats: connect 549 1.470884118140939 0.891704750766771 73.08203125 0.566162109375 1.4733445275029975 2085
stats: page 550 58.91799982244318 61.57197460661134 758.172119140625 14.614990234375 52.934206212288366 2082
stats: 302 481 2503
stats: 200 3913 17492
stats: size_rcv 136032758 609039187
stats: newphase 1 6
stats: size_sent 1644124 7772828
stats: connected 68 131
stats: 404 966 5537
# stats: dump at 1449007612
stats: users 165 165
stats: {recvpackets,"tsung_controller@ip-172-30-3-206"} 1 110356.0 0.0 110356 975 20199.777777777777 18
stats: {sentpackets,"tsung_controller@ip-172-30-3-206"} 1 48754.0 0.0 48754 476 9376.222222222223 18
stats: {cpu,"tsung_controller@ip-172-30-3-206"} 1 23.620862587763288 0.0 23.620862587763288 1.0923535253227408 4.222517782770054 19
stats: {load,"tsung_controller@ip-172-30-3-206"} 1 0.21875 0.0 0.21875 0.0 0.001850328947368421 19
stats: {freemem,"tsung_controller@ip-172-30-3-206"} 1 6837.62890625 0.0 6879.76953125 6837.62890625 6872.38671875 19
stats: session 216 5427.712099428525 5066.096601871917 32330.693115234375 145.08203125 5225.832328786742 791
stats: users_count 249 1172
stats: finish_users_count 216 1007
stats: connect 704 2.845045609907669 37.56122931844692 998.452880859375 0.566162109375 1.4728317086951879 2634
stats: request 6810 5.67531042785197 13.135375845053153 1005.522216796875 0.453857421875 5.54661256627972 25531
stats: page 700 55.45360735212055 50.262477234183066 1019.927978515625 14.614990234375 54.184619010762965 2632
stats: 302 672 3175
stats: 200 4635 22127
stats: size_rcv 161188119 770227306
stats: newphase 0 6
stats: size_sent 2073988 9846816
stats: connected 32 163
stats: 404 1504 7041
# stats: dump at 1449007622
stats: users 152 167
stats: {recvpackets,"tsung_controller@ip-172-30-3-206"} 1 128479.0 0.0 128479 975 24944.842105263157 19
stats: {sentpackets,"tsung_controller@ip-172-30-3-206"} 1 56385.0 0.0 56385 476 11448.736842105263 19
stats: {cpu,"tsung_controller@ip-172-30-3-206"} 1 28.592814371257486 0.0 28.592814371257486 1.0923535253227408 5.192435023019716 20
stats: {load,"tsung_controller@ip-172-30-3-206"} 1 0.26171875 0.0 0.26171875 0.0 0.0126953125 20
stats: {freemem,"tsung_controller@ip-172-30-3-206"} 1 6828.734375 0.0 6879.76953125 6828.734375 6870.648828125 20
stats: session 269 5463.750236879938 5465.918182084928 39493.385986328125 145.08203125 5269.135238874752 1007
stats: users_count 256 1428
stats: finish_users_count 269 1276
stats: connect 779 1.4344515329147947 0.9037322420541651 998.452880859375 0.566162109375 1.762238115661511 3338
stats: page 782 56.76918689308262 32.96082023502871 1019.927978515625 14.614990234375 54.4512132001238 3332
stats: 302 795 3970
stats: request 7534 5.829718103451867 4.530860536439482 1005.522216796875 0.453857421875 5.573712298424892 32341
stats: 200 4859 26986
stats: size_rcv 170007185 940234491
stats: newphase 0 6
stats: size_sent 2270531 12117347
stats: connected -15 148
stats: 404 1879 8920
# stats: dump at 1449007632
stats: users 256 267
stats: {recvpackets,"tsung_controller@ip-172-30-3-206"} 1 129813.0 0.0 129813 975 30121.55 20
stats: {sentpackets,"tsung_controller@ip-172-30-3-206"} 1 58081.0 0.0 58081 476 13695.55 20
stats: {cpu,"tsung_controller@ip-172-30-3-206"} 1 30.08982035928144 0.0 30.08982035928144 1.0923535253227408 6.306738801507229 21
stats: {load,"tsung_controller@ip-172-30-3-206"} 1 0.21875 0.0 0.26171875 0.0 0.024553571428571428 21
stats: {freemem,"tsung_controller@ip-172-30-3-206"} 1 6828.3828125 0.0 6879.76953125 6828.3828125 6868.652901785715 21
stats: session 350 4908.406414620531 5524.1569559371665 39493.385986328125 145.08203125 5310.16300883039 1276
stats: users_count 454 1882
stats: finish_users_count 350 1626
stats: request 12204 8.696723930486423 8.525651576656708 1005.522216796875 0.453857421875 5.6220821475803335 39875
stats: connect 1261 1.590645871022501 0.9577505719855172 998.452880859375 0.566162109375 1.7002158305122053 4117
stats: page 1253 85.04930978152427 60.576794665106476 1019.927978515625 14.614990234375 54.89181976985978 4114
stats: 302 1155 5125
stats: 200 8590 35576
stats: size_rcv 298223282 1238457773
stats: newphase 1 7
stats: size_sent 3740154 15857501
stats: connected 105 253
stats: 404 2460 11380
# stats: dump at 1449007642
stats: users 365 376
stats: {recvpackets,"tsung_controller@ip-172-30-3-206"} 1 246792.0 0.0 246792 975 34868.76190476191 21
stats: {sentpackets,"tsung_controller@ip-172-30-3-206"} 1 99855.0 0.0 99855 476 15809.142857142857 21
stats: {cpu,"tsung_controller@ip-172-30-3-206"} 1 51.49367088607595 0.0 51.49367088607595 1.0923535253227408 7.3877879632242385 22
stats: {load,"tsung_controller@ip-172-30-3-206"} 1 0.328125 0.0 0.328125 0.0 0.033380681818181816 22
stats: {freemem,"tsung_controller@ip-172-30-3-206"} 1 6776.2734375 0.0 6879.76953125 6776.2734375 6866.822443181818 22
stats: session 418 5977.187880812653 5398.0204392955775 39493.385986328125 145.08203125 5223.684037137001 1626
stats: users_count 527 2409
stats: finish_users_count 418 2044
stats: request 14296 24.540307384932884 33.9203211839488 1005.522216796875 0.453857421875 6.342582316911272 52079
stats: 302 1389 6514
stats: connect 1502 1.6229301686293294 1.1408447562501414 998.452880859375 0.566162109375 1.6745245477088366 5378
stats: page 1457 228.57808914132195 231.41395538595302 1021.529052734375 14.614990234375 61.932500780594935 5367
stats: 200 9854 45430
stats: size_rcv 342218770 1580676543
stats: newphase 0 7
stats: size_sent 4389283 20246784
stats: connected 111 364
stats: 404 3053 14433
# stats: dump at 1449007652
stats: users 363 403
stats: {recvpackets,"tsung_controller@ip-172-30-3-206"} 1 270685.0 0.0 270685 975 44501.63636363637 22
stats: {sentpackets,"tsung_controller@ip-172-30-3-206"} 1 106938.0 0.0 106938 476 19629.409090909092 22
stats: {cpu,"tsung_controller@ip-172-30-3-206"} 1 56.96846388606307 0.0 56.96846388606307 1.0923535253227408 9.305435046826487 23
stats: {load,"tsung_controller@ip-172-30-3-206"} 1 0.4296875 0.0 0.4296875 0.0 0.04619565217391304 23
stats: {freemem,"tsung_controller@ip-172-30-3-206"} 1 6713.77734375 0.0 6879.76953125 6713.77734375 6862.885529891304 23
stats: session 494 6721.8425367100535 5191.625216618155 39493.385986328125 145.08203125 5377.776310452276 2044
stats: users_count 492 2901
stats: finish_users_count 494 2538
stats: request 14298 44.44041761536248 45.88760201843875 1005.522216796875 0.453857421875 10.262050152277553 66375
stats: connect 1493 1.5789957627783813 0.9405438749770605 998.452880859375 0.566162109375 1.6632607748342114 6880
stats: page 1475 427.2351223185911 299.6241939274867 1146.765869140625 14.614990234375 97.51318985468335 6824
stats: 302 1489 8003
stats: 200 9316 54746
stats: size_rcv 325581607 1906258150
stats: newphase 0 7
stats: size_sent 4322078 24568862
stats: connected 0 364
stats: 404 3493 17926
# stats: dump at 1449007662
stats: users 92 403
stats: {recvpackets,"tsung_controller@ip-172-30-3-206"} 1 244964.0 0.0 270685 975 54335.69565217391 23
stats: {sentpackets,"tsung_controller@ip-172-30-3-206"} 1 97456.0 0.0 106938 476 23425.434782608696 23
stats: {cpu,"tsung_controller@ip-172-30-3-206"} 1 53.54049923586347 0.0 56.96846388606307 1.0923535253227408 11.291394581794679 24
stats: {load,"tsung_controller@ip-172-30-3-206"} 1 0.58984375 0.0 0.58984375 0.0 0.062174479166666664 24
stats: {freemem,"tsung_controller@ip-172-30-3-206"} 1 6749.05859375 0.0 6879.76953125 6713.77734375 6856.672688802083 24
stats: session 355 8501.587801221393 6261.214200349528 39493.385986328125 145.08203125 5639.38730957416 2538
stats: users_count 84 2985
stats: finish_users_count 355 2893
stats: request 5010 30.055835107129475 41.31683340907908 1005.522216796875 0.453857421875 16.319619574354185 80673
stats: connect 484 1.344825933787448 1.3280060996702772 998.452880859375 0.566162109375 1.6482353761719215 8373
stats: page 558 315.84348573308705 318.0112014445581 1146.765869140625 14.614990234375 156.11541306040257 8299
stats: 302 756 8759
stats: 200 1969 56715
stats: size_rcv 73412847 1979670997
stats: newphase 0 7
stats: size_sent 1366267 25935129
stats: connected -266 98
stats: 404 2283 20209
# stats: dump at 1449007672
stats: users 14 403
stats: {recvpackets,"tsung_controller@ip-172-30-3-206"} 1 5505.0 0.0 270685 975 62278.541666666664 24
stats: {sentpackets,"tsung_controller@ip-172-30-3-206"} 1 5956.0 0.0 106938 476 26510.041666666668 24
stats: {cpu,"tsung_controller@ip-172-30-3-206"} 1 6.4083457526080485 0.0 56.96846388606307 1.0923535253227408 12.981358767957431 25
stats: {load,"tsung_controller@ip-172-30-3-206"} 1 0.5 0.0 0.58984375 0.0 0.08328125 25
stats: {freemem,"tsung_controller@ip-172-30-3-206"} 1 6803.90234375 0.0 6879.76953125 6713.77734375 6852.368125 25
stats: session 78 17525.09131172375 7246.958955212443 56353.51611328125 145.08203125 5990.607902223578 2893
stats: users_count 0 2985
stats: finish_users_count 78 2971
stats: request 729 4.087109642918383 0.9851470108823531 1005.522216796875 0.453857421875 17.122794531104116 85683
stats: connect 81 0.8115535783179012 0.13440794004478973 998.452880859375 0.566162109375 1.6316552508344386 8857
stats: page 81 37.13739390432099 2.9535509961979347 1146.765869140625 14.614990234375 166.17844394573146 8857
stats: 302 162 8921
stats: 200 0 56715
stats: size_rcv 1092622 1980763619
stats: newphase 0 7
stats: size_sent 185329 26120458
stats: connected -81 17
stats: 404 567 20776
# stats: dump at 1449007682
stats: users 6 403
stats: {recvpackets,"tsung_controller@ip-172-30-3-206"} 1 1103.0 0.0 270685 975 60007.6 25
stats: {sentpackets,"tsung_controller@ip-172-30-3-206"} 1 1220.0 0.0 106938 476 25687.88 25
stats: {cpu,"tsung_controller@ip-172-30-3-206"} 1 1.488833746898263 0.0 56.96846388606307 1.0923535253227408 12.728550575059378 26
stats: {load,"tsung_controller@ip-172-30-3-206"} 1 0.5 0.0 0.58984375 0.0 0.09930889423076923 26
stats: {freemem,"tsung_controller@ip-172-30-3-206"} 1 6813.17578125 0.0 6879.76953125 6713.77734375 6850.504056490385 26
stats: session 8 33888.68569946289 8591.552427388006 56353.51611328125 145.08203125 6293.431768242095 2971
stats: users_count 0 2985
stats: finish_users_count 8 2979
stats: request 99 4.014419093276516 1.0554607502761877 1005.522216796875 0.453857421875 17.01282121393188 86412
stats: connect 11 0.8777299360795454 0.09615274484468109 998.452880859375 0.566162109375 1.6242231367738167 8938
stats: page 11 36.47511985085227 2.4723856496262173 1146.765869140625 14.614990234375 165.00901845307604 8938
stats: 302 22 8943
stats: 200 0 56715
stats: size_rcv 148381 1980912000
stats: newphase 0 7
stats: size_sent 25146 26145604
stats: connected -11 6
stats: 404 77 20853
# stats: dump at 1449007692
stats: users 2 403
stats: {recvpackets,"tsung_controller@ip-172-30-3-206"} 1 167.0 0.0 270685 167 57742.03846153846 26
stats: {sentpackets,"tsung_controller@ip-172-30-3-206"} 1 183.0 0.0 106938 183 24746.80769230769 26
stats: {cpu,"tsung_controller@ip-172-30-3-206"} 1 0.6461232604373758 0.0 56.96846388606307 0.6461232604373758 12.312264766608966 27
stats: {load,"tsung_controller@ip-172-30-3-206"} 1 0.421875 0.0 0.58984375 0.0 0.11414930555555555 27
stats: {freemem,"tsung_controller@ip-172-30-3-206"} 1 6836.296875 0.0 6879.76953125 6713.77734375 6849.121527777777 27
stats: session 4 40216.03387451172 9293.164642581061 56353.51611328125 145.08203125 6367.537854663635 2979
stats: users_count 0 2985
stats: finish_users_count 4 2983
stats: request 36 3.9409044053819446 0.9438214991189782 1005.522216796875 0.453857421875 16.997946321606683 86511
stats: connect 4 0.9095458984375 0.10317844682023955 998.452880859375 0.566162109375 1.6233055565740584 8949
stats: page 4 35.814453125 1.0484086517367421 1146.765869140625 14.614990234375 164.85102617632728 8949
stats: 302 8 8951
stats: 200 0 56715
stats: size_rcv 53957 1980965957
stats: newphase 0 7
stats: size_sent 9092 26154696
stats: connected -4 2
stats: 404 28 20881
# stats: dump at 1449007699
stats: users 0 403
stats: {recvpackets,"tsung_controller@ip-172-30-3-206"} 1 25.0 0.0 270685 25 55609.62962962963 27
stats: {sentpackets,"tsung_controller@ip-172-30-3-206"} 1 26.0 0.0 106938 26 23837.037037037036 27
stats: {cpu,"tsung_controller@ip-172-30-3-206"} 1 0.5955334987593052 0.0 56.96846388606307 0.5955334987593052 11.895616855674266 28
stats: {load,"tsung_controller@ip-172-30-3-206"} 1 0.359375 0.0 0.58984375 0.0 0.12513950892857142 28
stats: {freemem,"tsung_controller@ip-172-30-3-206"} 1 6842.67578125 0.0 6879.76953125 6713.77734375 6848.663504464285 28
stats: session 2 44612.35681152344 2987.4849853515625 56353.51611328125 145.08203125 6412.926384358369 2983
stats: users_count 0 2985
stats: finish_users_count 2 2985
stats: request 18 4.423624674479167 1.6088836278839085 1005.522216796875 0.453857421875 16.992515128047298 86547
stats: connect 2 1.050537109375 0.0654296875 998.452880859375 0.566162109375 1.622986664735284 8953
stats: page 2 40.1419677734375 3.4879150390625 1146.765869140625 14.614990234375 164.79337552378564 8953
stats: 302 4 8955
stats: 200 0 56715
stats: size_rcv 26979 1980992936
stats: newphase 0 7
stats: size_sent 4546 26159242
stats: connected -2 0
stats: 404 14 20895
EndMonitor:{1449,7699,259579}
