[24/Nov/2015:22:22:05 -0000] access to /favicon.ico failed for 0:0:0:0:0:FFFF:A9E7:6D64, reason: 
"httpd_file: Can't access /home/ec2-user/.tsung/log/20151124-2214/favicon.ico: File not found"
[24/Nov/2015:22:22:05 -0000] access to /assets/ico/favicon.ico failed for 0:0:0:0:0:FFFF:A9E7:6D64, reason: 
"httpd_file: Can't access /home/ec2-user/.tsung/log/20151124-2214/assets/ico/favicon.ico: File not found"
[24/Nov/2015:22:22:54 -0000] access to /images/graphes-Transactions-mean_tn.png failed for 0:0:0:0:0:FFFF:A9E7:6D64, reason: 
"httpd_file: Can't access /home/ec2-user/.tsung/log/20151124-2214/images/graphes-Transactions-mean_tn.png: File not found"
[24/Nov/2015:22:22:54 -0000] access to /images/graphes-Transactions-rate_tn.png failed for 0:0:0:0:0:FFFF:A9E7:6D64, reason: 
"httpd_file: Can't access /home/ec2-user/.tsung/log/20151124-2214/images/graphes-Transactions-rate_tn.png: File not found"
[24/Nov/2015:22:22:54 -0000] access to /images/graphes-Transactions-mean_tn.png failed for 0:0:0:0:0:FFFF:A9E7:6D64, reason: 
"httpd_file: Can't access /home/ec2-user/.tsung/log/20151124-2214/images/graphes-Transactions-mean_tn.png: File not found"
[24/Nov/2015:22:22:56 -0000] access to /images/graphes-Transactions-mean.png failed for 0:0:0:0:0:FFFF:A9E7:6D64, reason: 
"httpd_file: Can't access /home/ec2-user/.tsung/log/20151124-2214/images/graphes-Transactions-mean.png: File not found"
[24/Nov/2015:22:25:24 -0000] server crash for 0:0:0:0:0:FFFF:A9E7:6D64, reason: 
"Error reading request: No request received on keep-alive connection before server side timeout"

[24/Nov/2015:22:26:17 -0000] access to /images/graphes-Transactions-mean_tn.png failed for 0:0:0:0:0:FFFF:A9E7:6D64, reason: 
"httpd_file: Can't access /home/ec2-user/.tsung/log/20151124-2214/images/graphes-Transactions-mean_tn.png: File not found"
[24/Nov/2015:22:26:18 -0000] access to /images/graphes-Transactions-rate_tn.png failed for 0:0:0:0:0:FFFF:A9E7:6D64, reason: 
"httpd_file: Can't access /home/ec2-user/.tsung/log/20151124-2214/images/graphes-Transactions-rate_tn.png: File not found"
[24/Nov/2015:22:26:18 -0000] access to /images/graphes-Transactions-mean_tn.png failed for 0:0:0:0:0:FFFF:A9E7:6D64, reason: 
"httpd_file: Can't access /home/ec2-user/.tsung/log/20151124-2214/images/graphes-Transactions-mean_tn.png: File not found"
