# stats: dump at 1448403280
stats: users 7 7
stats: {freemem,"tsung_controller@ip-172-30-3-45"} 1 3173.01953125 0 3173.01953125 3173.01953125 0 0
stats: {load,"tsung_controller@ip-172-30-3-45"} 1 0.03125 0 0.03125 0.03125 0 0
stats: {cpu,"tsung_controller@ip-172-30-3-45"} 1 7.114180251444337 0 7.114180251444337 7.114180251444337 0 0
stats: users_count 7 7
stats: finish_users_count 0 0
stats: request 21 15.588750930059524 25.110974665421566 119.06201171875 1.60791015625 0 0
stats: connect 14 14.34779575892857 28.697591265498172 116.451904296875 1.35986328125 0 0
stats: 200 21 21
stats: size_rcv 53970 53970
stats: size_sent 4798 4798
stats: connected 0 0
# stats: dump at 1448403290
stats: users 16 16
stats: {freemem,"tsung_controller@ip-172-30-3-45"} 1 3171.4375 0.0 3173.01953125 3171.4375 3173.01953125 1
stats: {load,"tsung_controller@ip-172-30-3-45"} 1 0.01953125 0.0 0.03125 0.01953125 0.03125 1
stats: {recvpackets,"tsung_controller@ip-172-30-3-45"} 1 128 0 128 128 0 0
stats: {sentpackets,"tsung_controller@ip-172-30-3-45"} 1 176 0 176 176 0 0
stats: {cpu,"tsung_controller@ip-172-30-3-45"} 1 2.355250245338567 0.0 7.114180251444337 2.355250245338567 7.114180251444337 1
stats: users_count 9 16
stats: finish_users_count 0 0
stats: request 27 9.922462745949074 9.472968827635103 119.06201171875 1.492919921875 15.588750930059524 21
stats: connect 18 5.999593098958333 3.851667720414054 116.451904296875 1.35986328125 14.34779575892857 14
stats: 200 27 48
stats: size_rcv 69390 123360
stats: size_sent 6186 10984
stats: connected 0 0
# stats: dump at 1448403300
stats: users 27 27
stats: {freemem,"tsung_controller@ip-172-30-3-45"} 1 3170.7421875 0.0 3173.01953125 3170.7421875 3172.228515625 2
stats: {load,"tsung_controller@ip-172-30-3-45"} 1 0.01953125 0.0 0.03125 0.01953125 0.025390625 2
stats: {recvpackets,"tsung_controller@ip-172-30-3-45"} 1 144.0 0.0 144 128 128.0 1
stats: {sentpackets,"tsung_controller@ip-172-30-3-45"} 1 217.0 0.0 217 176 176.0 1
stats: {cpu,"tsung_controller@ip-172-30-3-45"} 1 1.185770750988142 0.0 7.114180251444337 1.185770750988142 4.734715248391452 2
stats: users_count 11 27
stats: finish_users_count 0 0
stats: request 33 10.153453480113638 9.41924357475364 119.06201171875 1.492919921875 12.401463826497396 48
stats: connect 22 5.863636363636363 3.982176882382538 116.451904296875 1.324951171875 9.651931762695313 32
stats: 200 33 81
stats: size_rcv 84810 208170
stats: size_sent 7550 18534
stats: connected 0 0
# stats: dump at 1448403310
stats: users 42 42
stats: {freemem,"tsung_controller@ip-172-30-3-45"} 1 3169.5390625 0.0 3173.01953125 3169.5390625 3171.7330729166665 3
stats: {load,"tsung_controller@ip-172-30-3-45"} 1 0.01953125 0.0 0.03125 0.01953125 0.0234375 3
stats: {recvpackets,"tsung_controller@ip-172-30-3-45"} 1 177.0 0.0 177 128 136.0 2
stats: {sentpackets,"tsung_controller@ip-172-30-3-45"} 1 265.0 0.0 265 176 196.5 2
stats: {cpu,"tsung_controller@ip-172-30-3-45"} 1 1.3806706114398422 0.0 7.114180251444337 1.185770750988142 3.5517337492570156 3
stats: users_count 15 42
stats: finish_users_count 0 0
stats: request 39 9.913411458333334 9.346675407543092 119.06201171875 1.447998046875 11.48560775945216 81
stats: connect 26 5.752676156850962 3.9749758375247173 116.451904296875 1.324951171875 8.108552155671296 54
stats: 200 39 120
stats: size_rcv 100230 308400
stats: newphase 1 1
stats: size_sent 8986 27520
stats: connected 0 0
# stats: dump at 1448403320
stats: users 60 60
stats: {freemem,"tsung_controller@ip-172-30-3-45"} 1 3167.86328125 0.0 3173.01953125 3167.86328125 3171.1845703125 4
stats: {load,"tsung_controller@ip-172-30-3-45"} 1 0.01171875 0.0 0.03125 0.01171875 0.0224609375 4
stats: {recvpackets,"tsung_controller@ip-172-30-3-45"} 1 276.0 0.0 276 128 149.66666666666666 3
stats: {sentpackets,"tsung_controller@ip-172-30-3-45"} 1 398.0 0.0 398 176 219.33333333333334 3
stats: {cpu,"tsung_controller@ip-172-30-3-45"} 1 1.4807502467917077 0.0 7.114180251444337 1.185770750988142 3.0089679648027223 4
stats: users_count 18 60
stats: finish_users_count 0 0
stats: request 57 9.791551021107455 9.688866626457983 119.06201171875 1.44384765625 10.974643961588542 120
stats: connect 38 5.697111430921052 4.050294042415999 116.451904296875 1.281982421875 7.342892456054687 80
stats: 200 57 177
stats: size_rcv 146490 454890
stats: newphase 0 1
stats: size_sent 13006 40526
stats: connected 0 0
# stats: dump at 1448403330
stats: users 74 74
stats: {freemem,"tsung_controller@ip-172-30-3-45"} 1 3166.4375 0.0 3173.01953125 3166.4375 3170.5203125 5
stats: {load,"tsung_controller@ip-172-30-3-45"} 1 0.01171875 0.0 0.03125 0.01171875 0.0203125 5
stats: {recvpackets,"tsung_controller@ip-172-30-3-45"} 1 240.0 0.0 276 128 181.25 4
stats: {sentpackets,"tsung_controller@ip-172-30-3-45"} 1 392.0 0.0 398 176 264.0 4
stats: {cpu,"tsung_controller@ip-172-30-3-45"} 1 1.4807502467917077 0.0 7.114180251444337 1.185770750988142 2.703324421200519 5
stats: users_count 14 74
stats: finish_users_count 0 0
stats: request 45 9.676144748263889 9.68076953187161 119.06201171875 1.35302734375 10.593647929908192 177
stats: connect 30 5.637752278645833 4.042590474875647 116.451904296875 1.1689453125 6.812895176774364 118
stats: 200 45 222
stats: size_rcv 115650 570540
stats: newphase 0 1
stats: size_sent 10302 50828
stats: connected 0 0
# stats: dump at 1448403340
stats: users 87 87
stats: {freemem,"tsung_controller@ip-172-30-3-45"} 1 3165.015625 0.0 3173.01953125 3165.015625 3169.83984375 6
stats: {load,"tsung_controller@ip-172-30-3-45"} 1 0.01171875 0.0 0.03125 0.01171875 0.018880208333333332 6
stats: {recvpackets,"tsung_controller@ip-172-30-3-45"} 1 224.0 0.0 276 128 193.0 5
stats: {sentpackets,"tsung_controller@ip-172-30-3-45"} 1 364.0 0.0 398 176 289.6 5
stats: {cpu,"tsung_controller@ip-172-30-3-45"} 1 1.477832512315271 0.0 7.114180251444337 1.185770750988142 2.4995620587990506 6
stats: users_count 13 87
stats: finish_users_count 0 0
stats: request 39 9.788680639022436 9.487928372532062 119.06201171875 1.35302734375 10.407667555250564 222
stats: connect 26 5.7755596454326925 3.9449295025213043 116.451904296875 1.1689453125 6.574690535261825 148
stats: 200 39 261
stats: size_rcv 100230 670770
stats: newphase 1 2
stats: size_sent 8938 59766
stats: connected 0 0
# stats: dump at 1448403350
stats: users 106 106
stats: {freemem,"tsung_controller@ip-172-30-3-45"} 1 3163.81640625 0.0 3173.01953125 3163.81640625 3169.1506696428573 7
stats: {load,"tsung_controller@ip-172-30-3-45"} 1 0.01171875 0.0 0.03125 0.01171875 0.017857142857142856 7
stats: {recvpackets,"tsung_controller@ip-172-30-3-45"} 1 224.0 0.0 276 128 198.16666666666666 6
stats: {sentpackets,"tsung_controller@ip-172-30-3-45"} 1 362.0 0.0 398 176 302.0 6
stats: {cpu,"tsung_controller@ip-172-30-3-45"} 1 1.477832512315271 0.0 7.114180251444337 1.185770750988142 2.3536006950156536 7
stats: users_count 19 106
stats: finish_users_count 0 0
stats: request 57 9.719619483278514 9.506216275535783 119.06201171875 1.35302734375 10.315175257423371 261
stats: connect 38 5.657123766447368 4.060369168906385 116.451904296875 1.1669921875 6.455280172413793 174
stats: 200 57 318
stats: size_rcv 146490 817260
stats: newphase 0 2
stats: size_sent 13054 72820
stats: connected 0 0
# stats: dump at 1448403360
stats: users 124 124
stats: {freemem,"tsung_controller@ip-172-30-3-45"} 1 3161.64453125 0.0 3173.01953125 3161.64453125 3168.48388671875 8
stats: {load,"tsung_controller@ip-172-30-3-45"} 1 0.01171875 0.0 0.03125 0.01171875 0.01708984375 8
stats: {recvpackets,"tsung_controller@ip-172-30-3-45"} 1 336.0 0.0 336 128 201.85714285714286 7
stats: {sentpackets,"tsung_controller@ip-172-30-3-45"} 1 530.0 0.0 530 176 310.57142857142856 7
stats: {cpu,"tsung_controller@ip-172-30-3-45"} 1 1.8737672583826428 0.0 7.114180251444337 1.185770750988142 2.2441296721781057 8
stats: users_count 18 124
stats: finish_users_count 0 0
stats: request 51 9.787645526960784 9.589029707651394 119.06201171875 1.35302734375 10.208424694133257 318
stats: connect 34 5.780481675091912 3.997440229574466 116.451904296875 1.1669921875 6.312214401533019 212
stats: 200 51 369
stats: size_rcv 131070 948330
stats: newphase 0 2
stats: size_sent 11642 84462
stats: connected 0 0
# stats: dump at 1448403370
stats: users 165 165
stats: {freemem,"tsung_controller@ip-172-30-3-45"} 1 3159.8125 0.0 3173.01953125 3159.8125 3167.7239583333335 9
stats: {load,"tsung_controller@ip-172-30-3-45"} 1 0.01171875 0.0 0.03125 0.01171875 0.016493055555555556 9
stats: {recvpackets,"tsung_controller@ip-172-30-3-45"} 1 322.0 0.0 336 128 218.625 8
stats: {sentpackets,"tsung_controller@ip-172-30-3-45"} 1 514.0 0.0 530 176 338.0 8
stats: {cpu,"tsung_controller@ip-172-30-3-45"} 1 1.673228346456693 0.0 7.114180251444337 1.185770750988142 2.2029782928674986 9
stats: users_count 41 165
stats: finish_users_count 0 0
stats: request 114 10.258840460526313 9.675039112899755 119.06201171875 1.35302734375 10.150268223873645 369
stats: connect 76 5.991657457853617 4.000082296970304 116.451904296875 1.090087890625 6.2387228864964435 246
stats: 200 114 483
stats: size_rcv 292980 1241310
stats: newphase 1 3
stats: size_sent 26108 110570
stats: connected 0 0
# stats: dump at 1448403380
stats: users 204 204
stats: {freemem,"tsung_controller@ip-172-30-3-45"} 1 3155.41015625 0.0 3173.01953125 3155.41015625 3166.9328125 10
stats: {load,"tsung_controller@ip-172-30-3-45"} 1 0.078125 0.0 0.078125 0.01171875 0.016015625 10
stats: {recvpackets,"tsung_controller@ip-172-30-3-45"} 1 673.0 0.0 673 128 230.11111111111111 9
stats: {sentpackets,"tsung_controller@ip-172-30-3-45"} 1 1010.0 0.0 1010 176 357.55555555555554 9
stats: {cpu,"tsung_controller@ip-172-30-3-45"} 1 2.747791952894995 0.0 7.114180251444337 1.185770750988142 2.150003298226418 10
stats: users_count 39 204
stats: finish_users_count 0 0
stats: request 129 9.921488917151164 9.666605354182144 119.06201171875 1.35302734375 10.175893969170549 483
stats: connect 86 5.64627430050872 4.057486079133744 116.451904296875 1.090087890625 6.180409307065218 322
stats: 200 129 612
stats: size_rcv 331530 1572840
stats: newphase 0 3
stats: size_sent 29566 140136
stats: connected 0 0
# stats: dump at 1448403390
stats: users 233 233
stats: {freemem,"tsung_controller@ip-172-30-3-45"} 1 3151.41796875 0.0 3173.01953125 3151.41796875 3165.8852982954545 11
stats: {load,"tsung_controller@ip-172-30-3-45"} 1 0.0703125 0.0 0.078125 0.01171875 0.02166193181818182 11
stats: {recvpackets,"tsung_controller@ip-172-30-3-45"} 1 577.0 0.0 673 128 274.4 10
stats: {sentpackets,"tsung_controller@ip-172-30-3-45"} 1 933.0 0.0 1010 176 422.8 10
stats: {cpu,"tsung_controller@ip-172-30-3-45"} 1 2.066929133858268 0.0 7.114180251444337 1.185770750988142 2.204347721378107 11
stats: users_count 29 233
stats: finish_users_count 0 0
stats: request 87 10.090222588900861 10.021052663133233 119.06201171875 1.35302734375 10.122269374872344 612
stats: connect 58 5.816153690732759 4.345802924011932 116.451904296875 1.090087890625 6.067822026271446 408
stats: 200 87 699
stats: size_rcv 223590 1796430
stats: newphase 0 3
stats: size_sent 19946 160082
stats: connected 0 0
# stats: dump at 1448403400
stats: users 281 281
stats: {freemem,"tsung_controller@ip-172-30-3-45"} 1 3148.0078125 0.0 3173.01953125 3148.0078125 3164.6796875 12
stats: {load,"tsung_controller@ip-172-30-3-45"} 1 0.05859375 0.0 0.078125 0.01171875 0.025716145833333332 12
stats: {recvpackets,"tsung_controller@ip-172-30-3-45"} 1 544.0 0.0 673 128 301.90909090909093 11
stats: {sentpackets,"tsung_controller@ip-172-30-3-45"} 1 849.0 0.0 1010 176 469.1818181818182 11
stats: {cpu,"tsung_controller@ip-172-30-3-45"} 1 2.0771513353115725 0.0 7.114180251444337 1.185770750988142 2.1928961724181204 12
stats: users_count 48 281
stats: finish_users_count 0 0
stats: request 141 9.611743683510639 9.474553088691128 119.06201171875 1.35302734375 10.118280719107652 699
stats: connect 94 5.628449135638295 4.01534526740809 116.451904296875 0.93310546875 6.0364984995305795 466
stats: 200 141 840
stats: size_rcv 362370 2158800
stats: newphase 1 4
stats: size_sent 32318 192400
stats: connected 0 0
stats: error_connect_etimedout 1 1
# stats: dump at 1448403410
stats: users 341 341
stats: {freemem,"tsung_controller@ip-172-30-3-45"} 1 3142.25390625 0.0 3173.01953125 3142.25390625 3163.397235576923 13
stats: {load,"tsung_controller@ip-172-30-3-45"} 1 0.05078125 0.0 0.078125 0.01171875 0.028245192307692308 13
stats: {recvpackets,"tsung_controller@ip-172-30-3-45"} 1 928.0 0.0 928 128 322.08333333333337 12
stats: {sentpackets,"tsung_controller@ip-172-30-3-45"} 1 1423.0 0.0 1423 176 500.8333333333333 12
stats: {cpu,"tsung_controller@ip-172-30-3-45"} 1 2.665350444225074 0.0 7.114180251444337 1.185770750988142 2.183992723409925 13
stats: users_count 60 341
stats: finish_users_count 0 0
stats: request 180 9.658751085069444 9.445757646437706 119.06201171875 1.3369140625 10.033254859561012 840
stats: connect 120 5.733203124999999 3.9648660734453323 116.451904296875 0.93310546875 5.968004499162946 560
stats: 200 180 1020
stats: size_rcv 462600 2621400
stats: newphase 0 4
stats: size_sent 41208 233608
stats: connected 0 0
stats: error_connect_etimedout 12 13
# stats: dump at 1448403420
stats: users 391 391
stats: {freemem,"tsung_controller@ip-172-30-3-45"} 1 3137.05859375 0.0 3173.01953125 3137.05859375 3161.8869977678573 14
stats: {load,"tsung_controller@ip-172-30-3-45"} 1 0.0390625 0.0 0.078125 0.01171875 0.029854910714285716 14
stats: {recvpackets,"tsung_controller@ip-172-30-3-45"} 1 800.0 0.0 928 128 368.6923076923077 13
stats: {sentpackets,"tsung_controller@ip-172-30-3-45"} 1 1346.0 0.0 1423 176 571.7692307692307 13
stats: {cpu,"tsung_controller@ip-172-30-3-45"} 1 2.3738872403560833 0.0 7.114180251444337 1.185770750988142 2.218375417753864 14
stats: users_count 50 391
stats: finish_users_count 0 0
stats: request 153 10.022966771343945 9.762621284728736 119.06201171875 1.3369140625 9.967165958180146 1020
stats: connect 102 5.691415824142157 4.022197394723295 116.451904296875 0.93310546875 5.926568962545955 680
stats: 200 153 1173
stats: size_rcv 393210 3014610
stats: newphase 0 4
stats: size_sent 35046 268654
stats: connected 0 0
stats: error_connect_etimedout 5 18
# stats: dump at 1448403430
stats: users 488 488
stats: {freemem,"tsung_controller@ip-172-30-3-45"} 1 3130.76953125 0.0 3173.01953125 3130.76953125 3160.2317708333335 15
stats: {load,"tsung_controller@ip-172-30-3-45"} 1 0.0390625 0.0 0.078125 0.01171875 0.03046875 15
stats: {recvpackets,"tsung_controller@ip-172-30-3-45"} 1 920.0 0.0 928 128 399.5 14
stats: {sentpackets,"tsung_controller@ip-172-30-3-45"} 1 1475.0 0.0 1475 176 627.0714285714286 14
stats: {cpu,"tsung_controller@ip-172-30-3-45"} 1 2.66798418972332 0.0 7.114180251444337 1.185770750988142 2.2287428725940117 15
stats: users_count 97 488
stats: finish_users_count 0 0
stats: request 291 10.025203534417956 9.590321686817166 119.06201171875 1.22021484375 9.974444325114556 1173
stats: connect 194 5.71779105589562 4.03551711459524 116.451904296875 0.93310546875 5.895896814058504 782
stats: 200 291 1464
stats: size_rcv 747870 3762480
stats: newphase 1 5
stats: size_sent 66706 335360
stats: connected 0 0
stats: error_connect_etimedout 11 29
# stats: dump at 1448403440
stats: users 592 592
stats: {freemem,"tsung_controller@ip-172-30-3-45"} 1 3119.8984375 0.0 3173.01953125 3119.8984375 3158.390380859375 16
stats: {load,"tsung_controller@ip-172-30-3-45"} 1 0.109375 0.0 0.109375 0.01171875 0.031005859375 16
stats: {recvpackets,"tsung_controller@ip-172-30-3-45"} 1 1626.0 0.0 1626 128 434.2 15
stats: {sentpackets,"tsung_controller@ip-172-30-3-45"} 1 2549.0 0.0 2549 176 683.6 15
stats: {cpu,"tsung_controller@ip-172-30-3-45"} 1 4.063429137760158 0.0 7.114180251444337 1.185770750988142 2.2561954549145935 16
stats: users_count 104 592
stats: finish_users_count 0 0
stats: request 303 9.957635558477724 11.597453538553406 123.89208984375 1.22021484375 9.984533758111338 1464
stats: connect 202 5.708399404393567 4.236182901399547 116.451904296875 0.93310546875 5.860494644915471 976
stats: 200 303 1767
stats: size_rcv 778710 4541190
stats: newphase 0 5
stats: size_sent 69482 404842
stats: connected 0 0
stats: error_connect_etimedout 20 49
# stats: dump at 1448403450
stats: users 690 690
stats: {freemem,"tsung_controller@ip-172-30-3-45"} 1 3108.18359375 0.0 3173.01953125 3108.18359375 3156.126148897059 17
stats: {load,"tsung_controller@ip-172-30-3-45"} 1 0.08984375 0.0 0.109375 0.01171875 0.03561580882352941 17
stats: {recvpackets,"tsung_controller@ip-172-30-3-45"} 1 1712.0 0.0 1712 128 508.6875 16
stats: {sentpackets,"tsung_controller@ip-172-30-3-45"} 1 2793.0 0.0 2793 176 800.1875 16
stats: {cpu,"tsung_controller@ip-172-30-3-45"} 1 4.4422507403751235 0.0 7.114180251444337 1.185770750988142 2.3625033186113917 17
stats: users_count 98 690
stats: finish_users_count 0 0
stats: request 303 10.030284717924914 11.17096644823812 123.89208984375 1.22021484375 9.97992133338639 1767
stats: connect 202 5.69343672648515 4.156886111716637 116.451904296875 0.93310546875 5.834413797219864 1178
stats: 200 303 2070
stats: size_rcv 778710 5319900
stats: newphase 0 5
stats: size_sent 69506 474348
stats: connected 0 0
stats: error_connect_etimedout 14 63
# stats: dump at 1448403460
stats: users 806 806
stats: {freemem,"tsung_controller@ip-172-30-3-45"} 1 3097.56640625 0.0 3173.01953125 3097.56640625 3153.4626736111113 18
stats: {load,"tsung_controller@ip-172-30-3-45"} 1 0.078125 0.0 0.109375 0.01171875 0.038628472222222224 18
stats: {recvpackets,"tsung_controller@ip-172-30-3-45"} 1 1594.0 0.0 1712 128 579.4705882352941 17
stats: {sentpackets,"tsung_controller@ip-172-30-3-45"} 1 2619.0 0.0 2793 176 917.4117647058823 17
stats: {cpu,"tsung_controller@ip-172-30-3-45"} 1 4.051383399209486 0.0 7.114180251444337 1.185770750988142 2.47804484204271 18
stats: users_count 116 806
stats: finish_users_count 0 0
stats: request 348 9.699441844019397 9.572189923513442 123.89208984375 1.22021484375 9.987293365036232 2070
stats: connect 232 5.683204387796336 4.23959404292975 116.451904296875 0.93310546875 5.813778023097826 1380
stats: 200 348 2418
stats: size_rcv 894360 6214260
stats: newphase 1 6
stats: size_sent 79592 553940
stats: connected 0 0
stats: error_connect_etimedout 12 75
# stats: dump at 1448403470
stats: users 806 806
stats: {freemem,"tsung_controller@ip-172-30-3-45"} 1 3087.82421875 0.0 3173.01953125 3087.82421875 3150.5207648026317 19
stats: {load,"tsung_controller@ip-172-30-3-45"} 1 0.0703125 0.0 0.109375 0.01171875 0.04070723684210526 19
stats: {recvpackets,"tsung_controller@ip-172-30-3-45"} 1 1454.0 0.0 1712 128 635.8333333333334 18
stats: {sentpackets,"tsung_controller@ip-172-30-3-45"} 1 2554.0 0.0 2793 176 1011.9444444444445 18
stats: {cpu,"tsung_controller@ip-172-30-3-45"} 1 3.180914512922465 0.0 7.114180251444337 1.185770750988142 2.5608521345251716 19
stats: users_count 0 806
stats: finish_users_count 0 0
stats: request 0 0 0 123.89208984375 1.22021484375 9.945865602706265 2418
stats: connect 0 0 0 116.451904296875 0.93310546875 5.794985787744261 1612
stats: 200 0 2418
stats: size_rcv 0 6214260
stats: newphase 0 6
stats: size_sent 0 553940
stats: connected 0 0
stats: error_connect_etimedout 17 92
# stats: dump at 1448403480
stats: users 806 806
stats: {freemem,"tsung_controller@ip-172-30-3-45"} 1 3087.60546875 0.0 3173.01953125 3087.60546875 3147.3859375 20
stats: {load,"tsung_controller@ip-172-30-3-45"} 1 0.05859375 0.0 0.109375 0.01171875 0.0421875 20
stats: {recvpackets,"tsung_controller@ip-172-30-3-45"} 1 0.0 0.0 1712 0 678.8947368421053 19
stats: {sentpackets,"tsung_controller@ip-172-30-3-45"} 1 442.0 0.0 2793 176 1093.1052631578948 19
stats: {cpu,"tsung_controller@ip-172-30-3-45"} 1 1.085883514313919 0.0 7.114180251444337 1.085883514313919 2.5918552534450363 20
stats: users_count 0 806
stats: finish_users_count 0 0
stats: request 0 0 0 123.89208984375 1.22021484375 9.945865602706265 2418
stats: connect 0 0 0 116.451904296875 0.93310546875 5.794985787744261 1612
stats: 200 0 2418
stats: size_rcv 0 6214260
stats: newphase 0 6
stats: size_sent 0 553940
stats: connected 0 0
stats: error_connect_etimedout 18 110
# stats: dump at 1448403490
stats: users 806 806
stats: {freemem,"tsung_controller@ip-172-30-3-45"} 1 3087.4765625 0.0 3173.01953125 3087.4765625 3144.5392485119046 21
stats: {load,"tsung_controller@ip-172-30-3-45"} 1 0.05078125 0.0 0.109375 0.01171875 0.04296875 21
stats: {recvpackets,"tsung_controller@ip-172-30-3-45"} 1 1.0 0.0 1712 0 644.95 20
stats: {sentpackets,"tsung_controller@ip-172-30-3-45"} 1 256.0 0.0 2793 176 1060.55 20
stats: {cpu,"tsung_controller@ip-172-30-3-45"} 1 1.0880316518298714 0.0 7.114180251444337 1.085883514313919 2.520142313486412 21
stats: users_count 0 806
stats: finish_users_count 0 0
stats: request 0 0 0 123.89208984375 1.22021484375 9.945865602706265 2418
stats: connect 0 0 0 116.451904296875 0.93310546875 5.794985787744261 1612
stats: 200 0 2418
stats: size_rcv 0 6214260
stats: newphase 0 6
stats: size_sent 0 553940
stats: connected 0 0
stats: error_connect_etimedout 20 130
# stats: dump at 1448403500
stats: users 806 806
stats: {freemem,"tsung_controller@ip-172-30-3-45"} 1 3087.3359375 0.0 3173.01953125 3087.3359375 3141.945490056818 22
stats: {load,"tsung_controller@ip-172-30-3-45"} 1 0.0390625 0.0 0.109375 0.01171875 0.04332386363636364 22
stats: {recvpackets,"tsung_controller@ip-172-30-3-45"} 1 1.0 0.0 1712 0 614.2857142857143 21
stats: {sentpackets,"tsung_controller@ip-172-30-3-45"} 1 344.0 0.0 2793 176 1022.2380952380952 21
stats: {cpu,"tsung_controller@ip-172-30-3-45"} 1 0.9891196834817012 0.0 7.114180251444337 0.9891196834817012 2.4550463743202053 22
stats: users_count 0 806
stats: finish_users_count 0 0
stats: request 0 0 0 123.89208984375 1.22021484375 9.945865602706265 2418
stats: connect 0 0 0 116.451904296875 0.93310546875 5.794985787744261 1612
stats: 200 0 2418
stats: size_rcv 0 6214260
stats: newphase 0 6
stats: size_sent 0 553940
stats: connected 0 0
stats: error_connect_etimedout 43 173
# stats: dump at 1448403510
stats: users 806 806
stats: {freemem,"tsung_controller@ip-172-30-3-45"} 1 3086.98828125 0.0 3173.01953125 3086.98828125 3139.5711616847825 23
stats: {load,"tsung_controller@ip-172-30-3-45"} 1 0.03125 0.0 0.109375 0.01171875 0.04313858695652174 23
stats: {recvpackets,"tsung_controller@ip-172-30-3-45"} 1 1.0 0.0 1712 0 586.409090909091 22
stats: {sentpackets,"tsung_controller@ip-172-30-3-45"} 1 315.0 0.0 2793 176 991.4090909090909 22
stats: {cpu,"tsung_controller@ip-172-30-3-45"} 1 1.089108910891089 0.0 7.114180251444337 0.9891196834817012 2.3913104312402704 23
stats: users_count 0 806
stats: finish_users_count 0 0
stats: request 0 0 0 123.89208984375 1.22021484375 9.945865602706265 2418
stats: connect 0 0 0 116.451904296875 0.93310546875 5.794985787744261 1612
stats: 200 0 2418
stats: size_rcv 0 6214260
stats: newphase 0 6
stats: size_sent 0 553940
stats: connected 0 0
stats: error_connect_etimedout 35 208
# stats: dump at 1448403520
stats: users 806 806
stats: {freemem,"tsung_controller@ip-172-30-3-45"} 1 3086.87890625 0.0 3173.01953125 3086.87890625 3137.3802083333335 24
stats: {load,"tsung_controller@ip-172-30-3-45"} 1 0.03125 0.0 0.109375 0.01171875 0.042643229166666664 24
stats: {recvpackets,"tsung_controller@ip-172-30-3-45"} 1 1.0 0.0 1712 0 560.9565217391305 23
stats: {sentpackets,"tsung_controller@ip-172-30-3-45"} 1 318.0 0.0 2793 176 962.0 23
stats: {cpu,"tsung_controller@ip-172-30-3-45"} 1 0.9900990099009901 0.0 7.114180251444337 0.9891196834817012 2.3370520345590546 24
stats: users_count 0 806
stats: finish_users_count 0 0
stats: request 0 0 0 123.89208984375 1.22021484375 9.945865602706265 2418
stats: connect 0 0 0 116.451904296875 0.93310546875 5.794985787744261 1612
stats: 200 0 2418
stats: size_rcv 0 6214260
stats: newphase 0 6
stats: size_sent 0 553940
stats: connected 0 0
stats: error_connect_etimedout 36 244
# stats: dump at 1448403530
stats: users 806 806
stats: {freemem,"tsung_controller@ip-172-30-3-45"} 1 3086.43359375 0.0 3173.01953125 3086.43359375 3135.36015625 25
stats: {load,"tsung_controller@ip-172-30-3-45"} 1 0.01953125 0.0 0.109375 0.01171875 0.0421875 25
stats: {recvpackets,"tsung_controller@ip-172-30-3-45"} 1 0.0 0.0 1712 0 537.6250000000001 24
stats: {sentpackets,"tsung_controller@ip-172-30-3-45"} 1 348.0 0.0 2793 176 935.1666666666666 24
stats: {cpu,"tsung_controller@ip-172-30-3-45"} 1 0.9910802775024776 0.0 7.114180251444337 0.9891196834817012 2.2831739135727322 25
stats: users_count 0 806
stats: finish_users_count 0 0
stats: request 0 0 0 123.89208984375 1.22021484375 9.945865602706265 2418
stats: connect 0 0 0 116.451904296875 0.93310546875 5.794985787744261 1612
stats: 200 0 2418
stats: size_rcv 0 6214260
stats: newphase 0 6
stats: size_sent 0 553940
stats: connected 0 0
stats: error_connect_etimedout 58 302
# stats: dump at 1448403540
stats: users 806 806
stats: {freemem,"tsung_controller@ip-172-30-3-45"} 1 3085.9921875 0.0 3173.01953125 3085.9921875 3133.4783653846152 26
stats: {load,"tsung_controller@ip-172-30-3-45"} 1 0.01953125 0.0 0.109375 0.01171875 0.04131610576923077 26
stats: {recvpackets,"tsung_controller@ip-172-30-3-45"} 1 1.0 0.0 1712 0 516.1200000000001 25
stats: {sentpackets,"tsung_controller@ip-172-30-3-45"} 1 327.0 0.0 2793 176 911.68 25
stats: {cpu,"tsung_controller@ip-172-30-3-45"} 1 0.8955223880597015 0.0 7.114180251444337 0.8955223880597015 2.233478004493107 26
stats: users_count 0 806
stats: finish_users_count 0 0
stats: request 0 0 0 123.89208984375 1.22021484375 9.945865602706265 2418
stats: connect 0 0 0 116.451904296875 0.93310546875 5.794985787744261 1612
stats: 200 0 2418
stats: size_rcv 0 6214260
stats: newphase 0 6
stats: size_sent 0 553940
stats: connected 0 0
stats: error_connect_etimedout 61 363
# stats: dump at 1448403550
stats: users 806 806
stats: {freemem,"tsung_controller@ip-172-30-3-45"} 1 3085.53515625 0.0 3173.01953125 3085.53515625 3131.7196180555557 27
stats: {load,"tsung_controller@ip-172-30-3-45"} 1 0.01953125 0.0 0.109375 0.01171875 0.04050925925925926 27
stats: {recvpackets,"tsung_controller@ip-172-30-3-45"} 1 0.0 0.0 1712 0 496.30769230769243 26
stats: {sentpackets,"tsung_controller@ip-172-30-3-45"} 1 362.0 0.0 2793 176 889.1923076923077 26
stats: {cpu,"tsung_controller@ip-172-30-3-45"} 1 1.188118811881188 0.0 7.114180251444337 0.8955223880597015 2.1839240927733514 27
stats: users_count 0 806
stats: finish_users_count 0 0
stats: request 0 0 0 123.89208984375 1.22021484375 9.945865602706265 2418
stats: connect 0 0 0 116.451904296875 0.93310546875 5.794985787744261 1612
stats: 200 0 2418
stats: size_rcv 0 6214260
stats: newphase 0 6
stats: size_sent 0 553940
stats: connected 0 0
stats: error_connect_etimedout 65 428
# stats: dump at 1448403560
stats: users 806 806
stats: {freemem,"tsung_controller@ip-172-30-3-45"} 1 3085.0859375 0.0 3173.01953125 3085.0859375 3130.0701729910716 28
stats: {load,"tsung_controller@ip-172-30-3-45"} 1 0.01953125 0.0 0.109375 0.01171875 0.039760044642857144 28
stats: {recvpackets,"tsung_controller@ip-172-30-3-45"} 1 2.0 0.0 1712 0 477.92592592592604 27
stats: {sentpackets,"tsung_controller@ip-172-30-3-45"} 1 419.0 0.0 2793 176 869.6666666666666 27
stats: {cpu,"tsung_controller@ip-172-30-3-45"} 1 0.9950248756218906 0.0 7.114180251444337 0.8955223880597015 2.1483596184557743 28
stats: users_count 0 806
stats: finish_users_count 0 0
stats: request 0 0 0 123.89208984375 1.22021484375 9.945865602706265 2418
stats: connect 0 0 0 116.451904296875 0.93310546875 5.794985787744261 1612
stats: 200 0 2418
stats: size_rcv 0 6214260
stats: newphase 0 6
stats: size_sent 0 553940
stats: connected 0 0
stats: error_connect_etimedout 112 540
# stats: dump at 1448403570
stats: users 806 806
stats: {freemem,"tsung_controller@ip-172-30-3-45"} 1 3084.16015625 0.0 3173.01953125 3084.16015625 3128.5189924568967 29
stats: {load,"tsung_controller@ip-172-30-3-45"} 1 0.01171875 0.0 0.109375 0.01171875 0.0390625 29
stats: {recvpackets,"tsung_controller@ip-172-30-3-45"} 1 1.0 0.0 1712 0 460.92857142857156 28
stats: {sentpackets,"tsung_controller@ip-172-30-3-45"} 1 645.0 0.0 2793 176 853.5714285714286 28
stats: {cpu,"tsung_controller@ip-172-30-3-45"} 1 1.0945273631840797 0.0 7.114180251444337 0.8955223880597015 2.1085894549097786 29
stats: users_count 0 806
stats: finish_users_count 0 0
stats: request 0 0 0 123.89208984375 1.22021484375 9.945865602706265 2418
stats: connect 0 0 0 116.451904296875 0.93310546875 5.794985787744261 1612
stats: 200 0 2418
stats: size_rcv 0 6214260
stats: newphase 0 6
stats: size_sent 0 553940
stats: connected 0 0
stats: error_connect_etimedout 127 667
# stats: dump at 1448403580
stats: users 806 806
stats: {freemem,"tsung_controller@ip-172-30-3-45"} 1 3083.48828125 0.0 3173.01953125 3083.48828125 3127.0403645833335 30
stats: {load,"tsung_controller@ip-172-30-3-45"} 1 0.01171875 0.0 0.109375 0.01171875 0.03815104166666667 30
stats: {recvpackets,"tsung_controller@ip-172-30-3-45"} 1 2.0 0.0 1712 0 445.0689655172415 29
stats: {sentpackets,"tsung_controller@ip-172-30-3-45"} 1 685.0 0.0 2793 176 846.3793103448276 29
stats: {cpu,"tsung_controller@ip-172-30-3-45"} 1 0.9960159362549801 0.0 7.114180251444337 0.8955223880597015 2.0747873851855885 30
stats: users_count 0 806
stats: finish_users_count 0 0
stats: request 0 0 0 123.89208984375 1.22021484375 9.945865602706265 2418
stats: connect 0 0 0 116.451904296875 0.93310546875 5.794985787744261 1612
stats: 200 0 2418
stats: size_rcv 0 6214260
stats: newphase 0 6
stats: size_sent 0 553940
stats: connected 0 0
stats: error_connect_etimedout 111 778
# stats: dump at 1448403590
stats: users 806 806
stats: {freemem,"tsung_controller@ip-172-30-3-45"} 1 3082.21484375 0.0 3173.01953125 3082.21484375 3125.6354586693546 31
stats: {load,"tsung_controller@ip-172-30-3-45"} 1 0.08984375 0.0 0.109375 0.01171875 0.037298387096774195 31
stats: {recvpackets,"tsung_controller@ip-172-30-3-45"} 1 1.0 0.0 1712 0 430.3000000000001 30
stats: {sentpackets,"tsung_controller@ip-172-30-3-45"} 1 836.0 0.0 2793 176 841.0 30
stats: {cpu,"tsung_controller@ip-172-30-3-45"} 1 1.5873015873015872 0.0 7.114180251444337 0.8955223880597015 2.039988306187827 31
stats: users_count 0 806
stats: finish_users_count 0 0
stats: request 0 0 0 123.89208984375 1.22021484375 9.945865602706265 2418
stats: connect 0 0 0 116.451904296875 0.93310546875 5.794985787744261 1612
stats: 200 0 2418
stats: size_rcv 0 6214260
stats: newphase 0 6
stats: size_sent 0 553940
stats: connected 0 0
stats: error_connect_etimedout 108 886
# stats: dump at 1448403600
stats: users 806 806
stats: {freemem,"tsung_controller@ip-172-30-3-45"} 1 3082.22265625 0.0 3173.01953125 3082.21484375 3124.278564453125 32
stats: {load,"tsung_controller@ip-172-30-3-45"} 1 0.078125 0.0 0.109375 0.01171875 0.0389404296875 32
stats: {recvpackets,"tsung_controller@ip-172-30-3-45"} 1 0.0 0.0 1712 0 416.4516129032259 31
stats: {sentpackets,"tsung_controller@ip-172-30-3-45"} 1 539.0 0.0 2793 176 840.8387096774194 31
stats: {cpu,"tsung_controller@ip-172-30-3-45"} 1 0.891089108910891 0.0 7.114180251444337 0.891089108910891 2.0258418462226317 32
stats: users_count 0 806
stats: finish_users_count 0 0
stats: request 0 0 0 123.89208984375 1.22021484375 9.945865602706265 2418
stats: connect 0 0 0 116.451904296875 0.93310546875 5.794985787744261 1612
stats: 200 0 2418
stats: size_rcv 0 6214260
stats: newphase 0 6
stats: size_sent 0 553940
stats: connected 0 0
stats: error_connect_etimedout 16 902
# stats: dump at 1448403610
stats: users 806 806
stats: {freemem,"tsung_controller@ip-172-30-3-45"} 1 3082.31640625 0.0 3173.01953125 3082.21484375 3123.004142992424 33
stats: {load,"tsung_controller@ip-172-30-3-45"} 1 0.05859375 0.0 0.109375 0.01171875 0.04012784090909091 33
stats: {recvpackets,"tsung_controller@ip-172-30-3-45"} 1 1.0 0.0 1712 0 403.4375000000001 32
stats: {sentpackets,"tsung_controller@ip-172-30-3-45"} 1 357.0 0.0 2793 176 831.40625 32
stats: {cpu,"tsung_controller@ip-172-30-3-45"} 1 1.0880316518298714 0.0 7.114180251444337 0.891089108910891 1.9914553996374273 33
stats: users_count 0 806
stats: finish_users_count 0 0
stats: request 0 0 0 123.89208984375 1.22021484375 9.945865602706265 2418
stats: connect 0 0 0 116.451904296875 0.93310546875 5.794985787744261 1612
stats: 200 0 2418
stats: size_rcv 0 6214260
stats: newphase 0 6
stats: size_sent 0 553940
stats: connected 0 0
stats: error_connect_etimedout 19 921
# stats: dump at 1448403620
stats: users 806 806
stats: {freemem,"tsung_controller@ip-172-30-3-45"} 1 3082.19140625 0.0 3173.01953125 3082.19140625 3121.807444852941 34
stats: {load,"tsung_controller@ip-172-30-3-45"} 1 0.05078125 0.0 0.109375 0.01171875 0.04067095588235294 34
stats: {recvpackets,"tsung_controller@ip-172-30-3-45"} 1 1.0 0.0 1712 0 391.24242424242436 33
stats: {sentpackets,"tsung_controller@ip-172-30-3-45"} 1 331.0 0.0 2793 176 817.030303030303 33
stats: {cpu,"tsung_controller@ip-172-30-3-45"} 1 1.0880316518298714 0.0 7.114180251444337 0.891089108910891 1.964884112937205 34
stats: users_count 0 806
stats: finish_users_count 0 0
stats: request 0 0 0 123.89208984375 1.22021484375 9.945865602706265 2418
stats: connect 0 0 0 116.451904296875 0.93310546875 5.794985787744261 1612
stats: 200 0 2418
stats: size_rcv 0 6214260
stats: newphase 0 6
stats: size_sent 0 553940
stats: connected 0 0
stats: error_connect_etimedout 30 951
# stats: dump at 1448403630
stats: users 806 806
stats: {freemem,"tsung_controller@ip-172-30-3-45"} 1 3082.39453125 0.0 3173.01953125 3082.19140625 3120.6755580357144 35
stats: {load,"tsung_controller@ip-172-30-3-45"} 1 0.05078125 0.0 0.109375 0.01171875 0.04095982142857143 35
stats: {recvpackets,"tsung_controller@ip-172-30-3-45"} 1 1.0 0.0 1712 0 379.76470588235304 34
stats: {sentpackets,"tsung_controller@ip-172-30-3-45"} 1 295.0 0.0 2793 176 802.7352941176471 34
stats: {cpu,"tsung_controller@ip-172-30-3-45"} 1 1.089108910891089 0.0 7.114180251444337 0.891089108910891 1.9398311854769954 35
stats: users_count 0 806
stats: finish_users_count 0 0
stats: request 0 0 0 123.89208984375 1.22021484375 9.945865602706265 2418
stats: connect 0 0 0 116.451904296875 0.93310546875 5.794985787744261 1612
stats: 200 0 2418
stats: size_rcv 0 6214260
stats: newphase 0 6
stats: size_sent 0 553940
stats: connected 0 0
stats: error_connect_etimedout 36 987
# stats: dump at 1448403640
stats: users 806 806
stats: {freemem,"tsung_controller@ip-172-30-3-45"} 1 3082.6328125 0.0 3173.01953125 3082.19140625 3119.6121961805557 36
stats: {load,"tsung_controller@ip-172-30-3-45"} 1 0.0390625 0.0 0.109375 0.01171875 0.04123263888888889 36
stats: {recvpackets,"tsung_controller@ip-172-30-3-45"} 1 0.0 0.0 1712 0 368.94285714285724 35
stats: {sentpackets,"tsung_controller@ip-172-30-3-45"} 1 336.0 0.0 2793 176 788.2285714285714 35
stats: {cpu,"tsung_controller@ip-172-30-3-45"} 1 0.8928571428571428 0.0 7.114180251444337 0.891089108910891 1.9162000111829423 36
stats: users_count 0 806
stats: finish_users_count 0 0
stats: request 0 0 0 123.89208984375 1.22021484375 9.945865602706265 2418
stats: connect 0 0 0 116.451904296875 0.93310546875 5.794985787744261 1612
stats: 200 0 2418
stats: size_rcv 0 6214260
stats: newphase 0 6
stats: size_sent 0 553940
stats: connected 0 0
stats: error_connect_etimedout 33 1020
# stats: dump at 1448403650
stats: users 806 806
stats: {freemem,"tsung_controller@ip-172-30-3-45"} 1 3082.77734375 0.0 3173.01953125 3082.19140625 3118.6127533783783 37
stats: {load,"tsung_controller@ip-172-30-3-45"} 1 0.03125 0.0 0.109375 0.01171875 0.041173986486486486 37
stats: {recvpackets,"tsung_controller@ip-172-30-3-45"} 1 2.0 0.0 1712 0 358.69444444444457 36
stats: {sentpackets,"tsung_controller@ip-172-30-3-45"} 1 320.0 0.0 2793 176 775.6666666666666 36
stats: {cpu,"tsung_controller@ip-172-30-3-45"} 1 0.9891196834817012 0.0 7.114180251444337 0.891089108910891 1.8885420958227854 37
stats: users_count 0 806
stats: finish_users_count 0 0
stats: request 0 0 0 123.89208984375 1.22021484375 9.945865602706265 2418
stats: connect 0 0 0 116.451904296875 0.93310546875 5.794985787744261 1612
stats: 200 0 2418
stats: size_rcv 0 6214260
stats: newphase 0 6
stats: size_sent 0 553940
stats: connected 0 0
stats: error_connect_etimedout 43 1063
# stats: dump at 1448403660
stats: users 806 806
stats: {freemem,"tsung_controller@ip-172-30-3-45"} 1 3082.6953125 0.0 3173.01953125 3082.19140625 3117.6697162828946 38
stats: {load,"tsung_controller@ip-172-30-3-45"} 1 0.03125 0.0 0.109375 0.01171875 0.04091282894736842 38
stats: {recvpackets,"tsung_controller@ip-172-30-3-45"} 1 0.0 0.0 1712 0 349.0540540540542 37
stats: {sentpackets,"tsung_controller@ip-172-30-3-45"} 1 310.0 0.0 2793 176 763.3513513513514 37
stats: {cpu,"tsung_controller@ip-172-30-3-45"} 1 0.9930486593843099 0.0 7.114180251444337 0.891089108910891 1.8648730849717043 38
stats: users_count 0 806
stats: finish_users_count 0 0
stats: request 0 0 0 123.89208984375 1.22021484375 9.945865602706265 2418
stats: connect 0 0 0 116.451904296875 0.93310546875 5.794985787744261 1612
stats: 200 0 2418
stats: size_rcv 0 6214260
stats: newphase 0 6
stats: size_sent 0 553940
stats: connected 0 0
stats: error_connect_etimedout 67 1130
# stats: dump at 1448403670
stats: users 806 806
stats: {freemem,"tsung_controller@ip-172-30-3-45"} 1 3082.76171875 0.0 3173.01953125 3082.19140625 3116.772936698718 39
stats: {load,"tsung_controller@ip-172-30-3-45"} 1 0.01953125 0.0 0.109375 0.01171875 0.040665064102564104 39
stats: {recvpackets,"tsung_controller@ip-172-30-3-45"} 1 2.0 0.0 1712 0 339.8684210526317 38
stats: {sentpackets,"tsung_controller@ip-172-30-3-45"} 1 390.0 0.0 2793 176 751.421052631579 38
stats: {cpu,"tsung_controller@ip-172-30-3-45"} 1 0.8946322067594433 0.0 7.114180251444337 0.891089108910891 1.8425186125207456 39
stats: users_count 0 806
stats: finish_users_count 0 0
stats: request 0 0 0 123.89208984375 1.22021484375 9.945865602706265 2418
stats: connect 0 0 0 116.451904296875 0.93310546875 5.794985787744261 1612
stats: 200 0 2418
stats: size_rcv 0 6214260
stats: newphase 0 6
stats: size_sent 0 553940
stats: connected 0 0
stats: error_connect_etimedout 58 1188
# stats: dump at 1448403680
stats: users 806 806
stats: {freemem,"tsung_controller@ip-172-30-3-45"} 1 3082.640625 0.0 3173.01953125 3082.19140625 3115.92265625 40
stats: {load,"tsung_controller@ip-172-30-3-45"} 1 0.01953125 0.0 0.109375 0.01171875 0.04013671875 40
stats: {recvpackets,"tsung_controller@ip-172-30-3-45"} 1 0.0 0.0 1712 0 331.2051282051283 39
stats: {sentpackets,"tsung_controller@ip-172-30-3-45"} 1 339.0 0.0 2793 176 742.1538461538462 39
stats: {cpu,"tsung_controller@ip-172-30-3-45"} 1 1.0901883052527255 0.0 7.114180251444337 0.891089108910891 1.818821452376713 40
stats: users_count 0 806
stats: finish_users_count 0 0
stats: request 0 0 0 123.89208984375 1.22021484375 9.945865602706265 2418
stats: connect 0 0 0 116.451904296875 0.93310546875 5.794985787744261 1612
stats: 200 0 2418
stats: size_rcv 0 6214260
stats: newphase 0 6
stats: size_sent 0 553940
stats: connected 0 0
stats: error_connect_etimedout 81 1269
# stats: dump at 1448403690
stats: users 806 806
stats: {freemem,"tsung_controller@ip-172-30-3-45"} 1 3082.5234375 0.0 3173.01953125 3082.19140625 3115.110899390244 41
stats: {load,"tsung_controller@ip-172-30-3-45"} 1 0.01953125 0.0 0.109375 0.01171875 0.039634146341463415 41
stats: {recvpackets,"tsung_controller@ip-172-30-3-45"} 1 1.0 0.0 1712 0 322.92500000000007 40
stats: {sentpackets,"tsung_controller@ip-172-30-3-45"} 1 514.0 0.0 2793 176 732.075 40
stats: {cpu,"tsung_controller@ip-172-30-3-45"} 1 0.9970089730807578 0.0 7.114180251444337 0.891089108910891 1.801049912202957 41
stats: users_count 0 806
stats: finish_users_count 0 0
stats: request 0 0 0 123.89208984375 1.22021484375 9.945865602706265 2418
stats: connect 0 0 0 116.451904296875 0.93310546875 5.794985787744261 1612
stats: 200 0 2418
stats: size_rcv 0 6214260
stats: newphase 0 6
stats: size_sent 0 553940
stats: connected 0 0
stats: error_connect_etimedout 121 1390
# stats: dump at 1448403700
stats: users 806 806
stats: {freemem,"tsung_controller@ip-172-30-3-45"} 1 3082.47265625 0.0 3173.01953125 3082.19140625 3114.335007440476 42
stats: {load,"tsung_controller@ip-172-30-3-45"} 1 0.01171875 0.0 0.109375 0.01171875 0.03915550595238095 42
stats: {recvpackets,"tsung_controller@ip-172-30-3-45"} 1 1.0 0.0 1712 0 315.0731707317074 41
stats: {sentpackets,"tsung_controller@ip-172-30-3-45"} 1 708.0 0.0 2793 176 726.7560975609756 41
stats: {cpu,"tsung_controller@ip-172-30-3-45"} 1 1.1952191235059761 0.0 7.114180251444337 0.891089108910891 1.7819060803190951 42
stats: users_count 0 806
stats: finish_users_count 0 0
stats: request 0 0 0 123.89208984375 1.22021484375 9.945865602706265 2418
stats: connect 0 0 0 116.451904296875 0.93310546875 5.794985787744261 1612
stats: 200 0 2418
stats: size_rcv 0 6214260
stats: newphase 0 6
stats: size_sent 0 553940
stats: connected 0 0
stats: error_connect_etimedout 111 1501
# stats: dump at 1448403710
stats: users 806 806
stats: {freemem,"tsung_controller@ip-172-30-3-45"} 1 3082.375 0.0 3173.01953125 3082.19140625 3113.5940225290697 43
stats: {load,"tsung_controller@ip-172-30-3-45"} 1 0.01171875 0.0 0.109375 0.01171875 0.038517441860465115 43
stats: {recvpackets,"tsung_controller@ip-172-30-3-45"} 1 2.0 0.0 1712 0 307.5952380952382 42
stats: {sentpackets,"tsung_controller@ip-172-30-3-45"} 1 664.0 0.0 2793 176 726.3095238095239 42
stats: {cpu,"tsung_controller@ip-172-30-3-45"} 1 0.9960159362549801 0.0 7.114180251444337 0.891089108910891 1.768262197602511 43
stats: users_count 0 806
stats: finish_users_count 0 0
stats: request 0 0 0 123.89208984375 1.22021484375 9.945865602706265 2418
stats: connect 0 0 0 116.451904296875 0.93310546875 5.794985787744261 1612
stats: 200 0 2418
stats: size_rcv 0 6214260
stats: newphase 0 6
stats: size_sent 0 553940
stats: connected 0 0
stats: error_connect_etimedout 160 1661
# stats: dump at 1448403720
stats: users 806 806
stats: {freemem,"tsung_controller@ip-172-30-3-45"} 1 3082.28515625 0.0 3173.01953125 3082.19140625 3112.8844992897725 44
stats: {load,"tsung_controller@ip-172-30-3-45"} 1 0.01171875 0.0 0.109375 0.01171875 0.037908380681818184 44
stats: {recvpackets,"tsung_controller@ip-172-30-3-45"} 1 1.0 0.0 1712 0 300.4883720930233 43
stats: {sentpackets,"tsung_controller@ip-172-30-3-45"} 1 821.0 0.0 2793 176 724.8604651162791 43
stats: {cpu,"tsung_controller@ip-172-30-3-45"} 1 0.9950248756218906 0.0 7.114180251444337 0.891089108910891 1.750711146208249 44
stats: users_count 0 806
stats: finish_users_count 0 0
stats: request 0 0 0 123.89208984375 1.22021484375 9.945865602706265 2418
stats: connect 0 0 0 116.451904296875 0.93310546875 5.794985787744261 1612
stats: 200 0 2418
stats: size_rcv 0 6214260
stats: newphase 0 6
stats: size_sent 0 553940
stats: connected 0 0
stats: error_connect_etimedout 35 1696
# stats: dump at 1448403730
stats: users 806 806
stats: {freemem,"tsung_controller@ip-172-30-3-45"} 1 3081.53515625 0.0 3173.01953125 3081.53515625 3112.204513888889 45
stats: {load,"tsung_controller@ip-172-30-3-45"} 1 0.01171875 0.0 0.109375 0.01171875 0.03732638888888889 45
stats: {recvpackets,"tsung_controller@ip-172-30-3-45"} 1 164.0 0.0 1712 0 293.68181818181824 44
stats: {sentpackets,"tsung_controller@ip-172-30-3-45"} 1 596.0 0.0 2793 176 727.0454545454545 44
stats: {cpu,"tsung_controller@ip-172-30-3-45"} 1 1.5779092702169626 0.0 7.114180251444337 0.891089108910891 1.7339181179729966 45
stats: users_count 0 806
stats: finish_users_count 0 0
stats: request 0 0 0 123.89208984375 1.22021484375 9.945865602706265 2418
stats: connect 0 0 0 116.451904296875 0.93310546875 5.794985787744261 1612
stats: 200 0 2418
stats: size_rcv 0 6214260
stats: newphase 0 6
stats: size_sent 0 553940
stats: connected 0 0
stats: error_connect_etimedout 18 1714
# stats: dump at 1448403740
stats: users 806 806
stats: {freemem,"tsung_controller@ip-172-30-3-45"} 1 3081.015625 0.0 3173.01953125 3081.015625 3111.537788722826 46
stats: {load,"tsung_controller@ip-172-30-3-45"} 1 0.08984375 0.0 0.109375 0.01171875 0.03676970108695652 46
stats: {recvpackets,"tsung_controller@ip-172-30-3-45"} 1 88.0 0.0 1712 0 290.80000000000007 45
stats: {sentpackets,"tsung_controller@ip-172-30-3-45"} 1 331.0 0.0 2793 176 724.1333333333333 45
stats: {cpu,"tsung_controller@ip-172-30-3-45"} 1 21.03799814643188 0.0 21.03799814643188 0.891089108910891 1.730526621282648 46
stats: users_count 0 806
stats: finish_users_count 0 0
stats: request 0 0 0 123.89208984375 1.22021484375 9.945865602706265 2418
stats: connect 0 0 0 116.451904296875 0.93310546875 5.794985787744261 1612
stats: 200 0 2418
stats: size_rcv 0 6214260
stats: newphase 0 6
stats: size_sent 0 553940
stats: connected 0 0
stats: error_connect_etimedout 15 1729
# stats: dump at 1448403750
stats: users 806 806
stats: {freemem,"tsung_controller@ip-172-30-3-45"} 1 3080.7734375 0.0 3173.01953125 3080.7734375 3110.8883809840427 47
stats: {load,"tsung_controller@ip-172-30-3-45"} 1 0.0703125 0.0 0.109375 0.01171875 0.03789893617021277 47
stats: {recvpackets,"tsung_controller@ip-172-30-3-45"} 1 211.0 0.0 1712 0 286.3913043478262 46
stats: {sentpackets,"tsung_controller@ip-172-30-3-45"} 1 481.0 0.0 2793 176 715.5869565217391 46
stats: {cpu,"tsung_controller@ip-172-30-3-45"} 1 11.461318051575931 0.0 21.03799814643188 0.891089108910891 2.1413238877751852 47
stats: users_count 0 806
stats: finish_users_count 0 0
stats: request 0 0 0 123.89208984375 1.22021484375 9.945865602706265 2418
stats: connect 0 0 0 116.451904296875 0.93310546875 5.794985787744261 1612
stats: 200 0 2418
stats: size_rcv 0 6214260
stats: newphase 0 6
stats: size_sent 0 553940
stats: connected 0 0
stats: error_connect_etimedout 39 1768
# stats: dump at 1448403760
stats: users 806 806
stats: {freemem,"tsung_controller@ip-172-30-3-45"} 1 3080.8359375 0.0 3173.01953125 3080.7734375 3110.260986328125 48
stats: {load,"tsung_controller@ip-172-30-3-45"} 1 0.05859375 0.0 0.109375 0.01171875 0.03857421875000001 48
stats: {recvpackets,"tsung_controller@ip-172-30-3-45"} 1 0.0 0.0 1712 0 284.7872340425533 47
stats: {sentpackets,"tsung_controller@ip-172-30-3-45"} 1 330.0 0.0 2793 176 710.5957446808511 47
stats: {cpu,"tsung_controller@ip-172-30-3-45"} 1 1.0901883052527255 0.0 21.03799814643188 0.891089108910891 2.3354904328543675 48
stats: users_count 0 806
stats: finish_users_count 0 0
stats: request 0 0 0 123.89208984375 1.22021484375 9.945865602706265 2418
stats: connect 0 0 0 116.451904296875 0.93310546875 5.794985787744261 1612
stats: 200 0 2418
stats: size_rcv 0 6214260
stats: newphase 0 6
stats: size_sent 0 553940
stats: connected 0 0
stats: error_connect_etimedout 39 1807
# stats: dump at 1448403770
stats: users 806 806
stats: {freemem,"tsung_controller@ip-172-30-3-45"} 1 3080.859375 0.0 3173.01953125 3080.7734375 3109.660475127551 49
stats: {load,"tsung_controller@ip-172-30-3-45"} 1 0.2109375 0.0 0.2109375 0.01171875 0.03898278061224491 49
stats: {recvpackets,"tsung_controller@ip-172-30-3-45"} 1 1.0 0.0 1712 0 278.85416666666674 48
stats: {sentpackets,"tsung_controller@ip-172-30-3-45"} 1 299.0 0.0 2793 176 702.6666666666666 48
stats: {cpu,"tsung_controller@ip-172-30-3-45"} 1 0.9910802775024776 0.0 21.03799814643188 0.891089108910891 2.31007610371964 49
stats: users_count 0 806
stats: finish_users_count 0 0
stats: request 0 0 0 123.89208984375 1.22021484375 9.945865602706265 2418
stats: connect 0 0 0 116.451904296875 0.93310546875 5.794985787744261 1612
stats: 200 0 2418
stats: size_rcv 0 6214260
stats: newphase 0 6
stats: size_sent 0 553940
stats: connected 0 0
stats: error_connect_etimedout 29 1836
# stats: dump at 1448403780
stats: users 806 806
stats: {freemem,"tsung_controller@ip-172-30-3-45"} 1 3080.52734375 0.0 3173.01953125 3080.52734375 3109.084453125 50
stats: {load,"tsung_controller@ip-172-30-3-45"} 1 0.1796875 0.0 0.2109375 0.01171875 0.04242187500000001 50
stats: {recvpackets,"tsung_controller@ip-172-30-3-45"} 1 597.0 0.0 1712 0 273.1836734693878 49
stats: {sentpackets,"tsung_controller@ip-172-30-3-45"} 1 811.0 0.0 2793 176 694.4285714285714 49
stats: {cpu,"tsung_controller@ip-172-30-3-45"} 1 1.3888888888888888 0.0 21.03799814643188 0.891089108910891 2.283696187195297 50
stats: users_count 0 806
stats: finish_users_count 0 0
stats: request 0 0 0 123.89208984375 1.22021484375 9.945865602706265 2418
stats: connect 0 0 0 116.451904296875 0.93310546875 5.794985787744261 1612
stats: 200 0 2418
stats: size_rcv 0 6214260
stats: newphase 0 6
stats: size_sent 0 553940
stats: connected 0 0
stats: error_connect_etimedout 44 1880
# stats: dump at 1448403790
stats: users 797 806
stats: {freemem,"tsung_controller@ip-172-30-3-45"} 1 3080.5546875 0.0 3173.01953125 3080.52734375 3108.524509803922 51
stats: {load,"tsung_controller@ip-172-30-3-45"} 1 0.1484375 0.0 0.2109375 0.01171875 0.04511335784313726 51
stats: {recvpackets,"tsung_controller@ip-172-30-3-45"} 1 0.0 0.0 1712 0 279.6600000000001 50
stats: {sentpackets,"tsung_controller@ip-172-30-3-45"} 1 305.0 0.0 2793 176 696.76 50
stats: {cpu,"tsung_controller@ip-172-30-3-45"} 1 0.9910802775024776 0.0 21.03799814643188 0.891089108910891 2.266150946052034 51
stats: session 9 509029.6496039496 64.38243258547833 509126.7980957031 508893.10205078125 0 0
stats: users_count 0 806
stats: finish_users_count 9 9
stats: request 0 0 0 123.89208984375 1.22021484375 9.945865602706265 2418
stats: connect 0 0 0 116.451904296875 0.93310546875 5.794985787744261 1612
stats: 200 0 2418
stats: size_rcv 0 6214260
stats: newphase 0 6
stats: size_sent 0 553940
stats: connected 0 0
stats: error_connect_etimedout 71 1951
stats: error_abort_max_conn_retries 8 8
# stats: dump at 1448403800
stats: users 789 806
stats: {freemem,"tsung_controller@ip-172-30-3-45"} 1 3080.59375 0.0 3173.01953125 3080.52734375 3107.986628605769 52
stats: {load,"tsung_controller@ip-172-30-3-45"} 1 0.12890625 0.0 0.2109375 0.01171875 0.04710036057692309 52
stats: {recvpackets,"tsung_controller@ip-172-30-3-45"} 1 142.0 0.0 1712 0 274.17647058823536 51
stats: {sentpackets,"tsung_controller@ip-172-30-3-45"} 1 414.0 0.0 2793 176 689.0784313725491 51
stats: {cpu,"tsung_controller@ip-172-30-3-45"} 1 1.188118811881188 0.0 21.03799814643188 0.891089108910891 2.241630356272235 52
stats: session 8 509044.3206176758 47.45796613202631 509126.7980957031 508893.10205078125 509029.6496039496 9
stats: users_count 0 806
stats: finish_users_count 8 17
stats: request 0 0 0 123.89208984375 1.22021484375 9.945865602706265 2418
stats: connect 0 0 0 116.451904296875 0.93310546875 5.794985787744261 1612
stats: 200 0 2418
stats: size_rcv 0 6214260
stats: newphase 0 6
stats: size_sent 0 553940
stats: connected 0 0
stats: error_connect_etimedout 61 2012
stats: error_abort_max_conn_retries 9 17
# stats: dump at 1448403810
stats: users 778 806
stats: {freemem,"tsung_controller@ip-172-30-3-45"} 1 3080.6171875 0.0 3173.01953125 3080.52734375 3107.4697818396226 53
stats: {load,"tsung_controller@ip-172-30-3-45"} 1 0.109375 0.0 0.2109375 0.01171875 0.04864386792452831 53
stats: {recvpackets,"tsung_controller@ip-172-30-3-45"} 1 0.0 0.0 1712 0 271.6346153846155 52
stats: {sentpackets,"tsung_controller@ip-172-30-3-45"} 1 354.0 0.0 2793 176 683.7884615384615 52
stats: {cpu,"tsung_controller@ip-172-30-3-45"} 1 0.9930486593843099 0.0 21.03799814643188 0.891089108910891 2.2217527799629697 53
stats: session 11 509045.7013050426 79.07013575699659 509141.8361816406 508893.10205078125 509036.553610409 17
stats: users_count 0 806
stats: finish_users_count 11 28
stats: request 0 0 0 123.89208984375 1.22021484375 9.945865602706265 2418
stats: connect 0 0 0 116.451904296875 0.93310546875 5.794985787744261 1612
stats: 200 0 2418
stats: size_rcv 0 6214260
stats: newphase 0 6
stats: size_sent 0 553940
stats: connected 0 0
stats: error_connect_etimedout 89 2101
stats: error_abort_max_conn_retries 11 28
# stats: dump at 1448403820
stats: users 761 806
stats: {freemem,"tsung_controller@ip-172-30-3-45"} 1 3080.5625 0.0 3173.01953125 3080.52734375 3106.972511574074 54
stats: {load,"tsung_controller@ip-172-30-3-45"} 1 0.08984375 0.0 0.2109375 0.01171875 0.049768518518518524 54
stats: {recvpackets,"tsung_controller@ip-172-30-3-45"} 1 1.0 0.0 1712 0 266.5094339622642 53
stats: {sentpackets,"tsung_controller@ip-172-30-3-45"} 1 557.0 0.0 2793 176 677.566037735849 53
stats: {cpu,"tsung_controller@ip-172-30-3-45"} 1 1.0956175298804782 0.0 21.03799814643188 0.891089108910891 2.198998999952254 54
stats: session 17 509017.26338465075 73.96604291050605 509142.8869628906 508893.10205078125 509040.1473475865 28
stats: users_count 0 806
stats: finish_users_count 17 45
stats: request 0 0 0 123.89208984375 1.22021484375 9.945865602706265 2418
stats: connect 0 0 0 116.451904296875 0.93310546875 5.794985787744261 1612
stats: 200 0 2418
stats: size_rcv 0 6214260
stats: newphase 0 6
stats: size_sent 0 553940
stats: connected 0 0
stats: error_connect_etimedout 132 2233
stats: error_abort_max_conn_retries 17 45
# stats: dump at 1448403830
stats: users 746 806
stats: {freemem,"tsung_controller@ip-172-30-3-45"} 1 3080.62109375 0.0 3173.01953125 3080.52734375 3106.4923295454546 55
stats: {load,"tsung_controller@ip-172-30-3-45"} 1 0.078125 0.0 0.2109375 0.01171875 0.0504971590909091 55
stats: {recvpackets,"tsung_controller@ip-172-30-3-45"} 1 1.0 0.0 1712 0 261.59259259259267 54
stats: {sentpackets,"tsung_controller@ip-172-30-3-45"} 1 598.0 0.0 2793 176 675.3333333333334 54
stats: {cpu,"tsung_controller@ip-172-30-3-45"} 1 1.1892963330029733 0.0 21.03799814643188 0.891089108910891 2.1789375186782216 55
stats: session 15 509033.92205403646 83.42107181730142 509173.87890625 508893.10205078125 509031.5022949219 45
stats: users_count 0 806
stats: finish_users_count 15 60
stats: request 0 0 0 123.89208984375 1.22021484375 9.945865602706265 2418
stats: connect 0 0 0 116.451904296875 0.93310546875 5.794985787744261 1612
stats: 200 0 2418
stats: size_rcv 0 6214260
stats: newphase 0 6
stats: size_sent 0 553940
stats: connected 0 0
stats: error_connect_etimedout 99 2332
stats: error_abort_max_conn_retries 15 60
# stats: dump at 1448403840
stats: users 732 806
stats: {freemem,"tsung_controller@ip-172-30-3-45"} 1 3080.6328125 0.0 3173.01953125 3080.52734375 3106.030343191964 56
stats: {load,"tsung_controller@ip-172-30-3-45"} 1 0.05859375 0.0 0.2109375 0.01171875 0.05099051339285715 56
stats: {recvpackets,"tsung_controller@ip-172-30-3-45"} 1 6.0 0.0 1712 0 256.85454545454553 55
stats: {sentpackets,"tsung_controller@ip-172-30-3-45"} 1 656.0 0.0 2793 176 673.9272727272727 55
stats: {cpu,"tsung_controller@ip-172-30-3-45"} 1 1.2922465208747516 0.0 21.03799814643188 0.891089108910891 2.1612653546483065 56
stats: session 14 509013.57678222656 63.8215875567696 509173.87890625 508893.10205078125 509032.1072347005 60
stats: users_count 0 806
stats: finish_users_count 14 74
stats: request 0 0 0 123.89208984375 1.22021484375 9.945865602706265 2418
stats: connect 0 0 0 116.451904296875 0.93310546875 5.794985787744261 1612
stats: 200 0 2418
stats: size_rcv 0 6214260
stats: newphase 0 6
stats: size_sent 0 553940
stats: connected 0 0
stats: error_connect_etimedout 160 2492
stats: error_abort_max_conn_retries 14 74
# stats: dump at 1448403850
stats: users 719 806
stats: {freemem,"tsung_controller@ip-172-30-3-45"} 1 3080.69921875 0.0 3173.01953125 3080.52734375 3105.58477247807 57
stats: {load,"tsung_controller@ip-172-30-3-45"} 1 0.05078125 0.0 0.2109375 0.01171875 0.05112390350877194 57
stats: {recvpackets,"tsung_controller@ip-172-30-3-45"} 1 2.0 0.0 1712 0 252.37500000000006 56
stats: {sentpackets,"tsung_controller@ip-172-30-3-45"} 1 595.0 0.0 2793 176 673.6071428571429 56
stats: {cpu,"tsung_controller@ip-172-30-3-45"} 1 1.2807881773399015 0.0 21.03799814643188 0.891089108910891 2.1460194101961387 57
stats: session 13 509044.14235276444 60.45603261217181 509173.87890625 508893.10205078125 509028.6014734217 74
stats: users_count 0 806
stats: finish_users_count 13 87
stats: request 0 0 0 123.89208984375 1.22021484375 9.945865602706265 2418
stats: connect 0 0 0 116.451904296875 0.93310546875 5.794985787744261 1612
stats: 200 0 2418
stats: size_rcv 0 6214260
stats: newphase 0 6
stats: size_sent 0 553940
stats: connected 0 0
stats: error_connect_etimedout 13 2505
stats: error_abort_max_conn_retries 13 87
# stats: dump at 1448403860
stats: users 697 806
stats: {freemem,"tsung_controller@ip-172-30-3-45"} 1 3080.59765625 0.0 3173.01953125 3080.52734375 3105.1557112068967 58
stats: {load,"tsung_controller@ip-172-30-3-45"} 1 0.109375 0.0 0.2109375 0.01171875 0.05111799568965518 58
stats: {recvpackets,"tsung_controller@ip-172-30-3-45"} 1 2.0 0.0 1712 0 247.98245614035093 57
stats: {sentpackets,"tsung_controller@ip-172-30-3-45"} 1 267.0 0.0 2793 176 672.2280701754386 57
stats: {cpu,"tsung_controller@ip-172-30-3-45"} 1 0.9891196834817012 0.0 21.03799814643188 0.891089108910891 2.131101630319307 58
stats: session 22 509026.96047141333 79.63793066262865 509173.87890625 508893.10205078125 509030.92367378325 87
stats: users_count 0 806
stats: finish_users_count 22 109
stats: request 0 0 0 123.89208984375 1.22021484375 9.945865602706265 2418
stats: connect 0 0 0 116.451904296875 0.93310546875 5.794985787744261 1612
stats: 200 0 2418
stats: size_rcv 0 6214260
stats: newphase 0 6
stats: size_sent 0 553940
stats: connected 0 0
stats: error_connect_etimedout 22 2527
stats: error_abort_max_conn_retries 22 109
# stats: dump at 1448403870
stats: users 678 806
stats: {freemem,"tsung_controller@ip-172-30-3-45"} 1 3080.6484375 0.0 3173.01953125 3080.52734375 3104.739472987288 59
stats: {load,"tsung_controller@ip-172-30-3-45"} 1 0.08984375 0.0 0.2109375 0.01171875 0.05210540254237289 59
stats: {recvpackets,"tsung_controller@ip-172-30-3-45"} 1 0.0 0.0 1712 0 243.74137931034488 58
stats: {sentpackets,"tsung_controller@ip-172-30-3-45"} 1 186.0 0.0 2793 176 665.2413793103449 58
stats: {cpu,"tsung_controller@ip-172-30-3-45"} 1 1.0848126232741617 0.0 21.03799814643188 0.891089108910891 2.1117460041017204 59
stats: session 19 508987.84768194903 69.03264911022623 509173.87890625 508893.10205078125 509030.1237613783 109
stats: users_count 0 806
stats: finish_users_count 19 128
stats: request 0 0 0 123.89208984375 1.22021484375 9.945865602706265 2418
stats: connect 0 0 0 116.451904296875 0.93310546875 5.794985787744261 1612
stats: 200 0 2418
stats: size_rcv 0 6214260
stats: newphase 0 6
stats: size_sent 0 553940
stats: connected 0 0
stats: error_connect_etimedout 19 2546
stats: error_abort_max_conn_retries 19 128
# stats: dump at 1448403880
stats: users 637 806
stats: {freemem,"tsung_controller@ip-172-30-3-45"} 1 3080.86328125 0.0 3173.01953125 3080.52734375 3104.337955729167 60
stats: {load,"tsung_controller@ip-172-30-3-45"} 1 0.078125 0.0 0.2109375 0.01171875 0.05273437500000001 60
stats: {recvpackets,"tsung_controller@ip-172-30-3-45"} 1 1.0 0.0 1712 0 239.61016949152548 59
stats: {sentpackets,"tsung_controller@ip-172-30-3-45"} 1 154.0 0.0 2793 154 657.1186440677966 59
stats: {cpu,"tsung_controller@ip-172-30-3-45"} 1 1.2757605495583906 0.0 21.03799814643188 0.891089108910891 2.0946304477545943 60
stats: session 41 509029.31157702935 75.71553160629188 509173.87890625 508893.10205078125 509023.848405838 128
stats: users_count 0 806
stats: finish_users_count 41 169
stats: request 0 0 0 123.89208984375 1.22021484375 9.945865602706265 2418
stats: connect 0 0 0 116.451904296875 0.93310546875 5.794985787744261 1612
stats: 200 0 2418
stats: size_rcv 0 6214260
stats: newphase 0 6
stats: size_sent 0 553940
stats: connected 0 0
stats: error_connect_etimedout 40 2586
stats: error_abort_max_conn_retries 40 168
# stats: dump at 1448403890
stats: users 601 806
stats: {freemem,"tsung_controller@ip-172-30-3-45"} 1 3080.93359375 0.0 3173.01953125 3080.52734375 3103.953125 61
stats: {load,"tsung_controller@ip-172-30-3-45"} 1 0.0703125 0.0 0.2109375 0.01171875 0.053150614754098366 61
stats: {recvpackets,"tsung_controller@ip-172-30-3-45"} 1 5.0 0.0 1712 0 235.63333333333338 60
stats: {sentpackets,"tsung_controller@ip-172-30-3-45"} 1 109.0 0.0 2793 109 648.7333333333333 60
stats: {cpu,"tsung_controller@ip-172-30-3-45"} 1 1.0848126232741617 0.0 21.03799814643188 0.891089108910891 2.0812063510628533 61
stats: session 36 509030.69031439885 78.95123130787583 509173.87890625 508893.10205078125 509025.1737905649 169
stats: users_count 0 806
stats: finish_users_count 36 205
stats: request 0 0 0 123.89208984375 1.22021484375 9.945865602706265 2418
stats: connect 0 0 0 116.451904296875 0.93310546875 5.794985787744261 1612
stats: 200 0 2418
stats: size_rcv 0 6214260
stats: newphase 0 6
stats: size_sent 0 553940
stats: connected 0 0
stats: error_connect_etimedout 37 2623
stats: error_abort_max_conn_retries 37 205
# stats: dump at 1448403900
stats: users 571 806
stats: {freemem,"tsung_controller@ip-172-30-3-45"} 1 3081.01953125 0.0 3173.01953125 3080.52734375 3103.5818422379034 62
stats: {load,"tsung_controller@ip-172-30-3-45"} 1 0.05859375 0.0 0.2109375 0.01171875 0.05342741935483872 62
stats: {recvpackets,"tsung_controller@ip-172-30-3-45"} 1 2.0 0.0 1712 0 231.8524590163935 61
stats: {sentpackets,"tsung_controller@ip-172-30-3-45"} 1 107.0 0.0 2793 107 639.8852459016393 61
stats: {cpu,"tsung_controller@ip-172-30-3-45"} 1 0.9891196834817012 0.0 21.03799814643188 0.891089108910891 2.0651354844856167 62
stats: session 30 509004.8125976563 76.23267101533598 509173.87890625 508893.10205078125 509026.14254596987 205
stats: users_count 0 806
stats: finish_users_count 30 235
stats: request 0 0 0 123.89208984375 1.22021484375 9.945865602706265 2418
stats: connect 0 0 0 116.451904296875 0.93310546875 5.794985787744261 1612
stats: 200 0 2418
stats: size_rcv 0 6214260
stats: newphase 0 6
stats: size_sent 0 553940
stats: connected 0 0
stats: error_connect_etimedout 30 2653
stats: error_abort_max_conn_retries 30 235
# stats: dump at 1448403910
stats: users 516 806
stats: {freemem,"tsung_controller@ip-172-30-3-45"} 1 3080.984375 0.0 3173.01953125 3080.52734375 3103.2237103174602 63
stats: {load,"tsung_controller@ip-172-30-3-45"} 1 0.05078125 0.0 0.2109375 0.01171875 0.05350942460317461 63
stats: {recvpackets,"tsung_controller@ip-172-30-3-45"} 1 1.0 0.0 1712 0 228.14516129032265 62
stats: {sentpackets,"tsung_controller@ip-172-30-3-45"} 1 87.0 0.0 2793 87 631.2903225806451 62
stats: {cpu,"tsung_controller@ip-172-30-3-45"} 1 0.9861932938856016 0.0 21.03799814643188 0.891089108910891 2.0480558685966654 63
stats: session 55 509017.644029652 76.95320638651397 509173.87890625 508893.10205078125 509023.41957384476 235
stats: users_count 0 806
stats: finish_users_count 55 290
stats: request 0 0 0 123.89208984375 1.22021484375 9.945865602706265 2418
stats: connect 0 0 0 116.451904296875 0.93310546875 5.794985787744261 1612
stats: 200 0 2418
stats: size_rcv 0 6214260
stats: newphase 0 6
stats: size_sent 0 553940
stats: connected 0 0
stats: error_connect_etimedout 53 2706
stats: error_abort_max_conn_retries 53 288
# stats: dump at 1448403920
stats: users 461 806
stats: {freemem,"tsung_controller@ip-172-30-3-45"} 1 3086.55859375 0.0 3173.01953125 3080.52734375 3102.876220703125 64
stats: {load,"tsung_controller@ip-172-30-3-45"} 1 0.0390625 0.0 0.2109375 0.01171875 0.05346679687500001 64
stats: {recvpackets,"tsung_controller@ip-172-30-3-45"} 1 1.0 0.0 1712 0 224.5396825396826 63
stats: {sentpackets,"tsung_controller@ip-172-30-3-45"} 1 1.0 0.0 2793 1 622.6507936507936 63
stats: {cpu,"tsung_controller@ip-172-30-3-45"} 1 1.085883514313919 0.0 21.03799814643188 0.891089108910891 2.031464265866805 64
stats: session 55 509022.69020774146 69.25201828168771 509173.87890625 508893.10205078125 509022.3242120151 290
stats: users_count 0 806
stats: finish_users_count 55 345
stats: request 0 0 0 123.89208984375 1.22021484375 9.945865602706265 2418
stats: connect 0 0 0 116.451904296875 0.93310546875 5.794985787744261 1612
stats: 200 0 2418
stats: size_rcv 0 6214260
stats: newphase 0 6
stats: size_sent 0 553940
stats: connected 0 0
stats: error_connect_etimedout 57 2763
stats: error_abort_max_conn_retries 57 345
# stats: dump at 1448403930
stats: users 409 806
stats: {freemem,"tsung_controller@ip-172-30-3-45"} 1 3089.09765625 0.0 3173.01953125 3080.52734375 3102.6251802884617 65
stats: {load,"tsung_controller@ip-172-30-3-45"} 1 0.03125 0.0 0.2109375 0.01171875 0.05324519230769231 65
stats: {recvpackets,"tsung_controller@ip-172-30-3-45"} 1 7.0 0.0 1712 0 221.04687500000006 64
stats: {sentpackets,"tsung_controller@ip-172-30-3-45"} 1 7.0 0.0 2793 1 612.9375 64
stats: {cpu,"tsung_controller@ip-172-30-3-45"} 1 1.4720314033366046 0.0 21.03799814643188 0.891089108910891 2.0169168696890685 65
stats: session 52 509028.55170616735 72.71483220652249 509173.87890625 508891.1979980469 509022.3825591599 345
stats: users_count 0 806
stats: finish_users_count 52 397
stats: request 0 0 0 123.89208984375 1.22021484375 9.945865602706265 2418
stats: connect 0 0 0 116.451904296875 0.93310546875 5.794985787744261 1612
stats: 200 0 2418
stats: size_rcv 0 6214260
stats: newphase 0 6
stats: size_sent 0 553940
stats: connected 0 0
stats: error_connect_etimedout 52 2815
stats: error_abort_max_conn_retries 52 397
# stats: dump at 1448403940
stats: users 311 806
stats: {freemem,"tsung_controller@ip-172-30-3-45"} 1 3090.65625 0.0 3173.01953125 3080.52734375 3102.4202178030305 66
stats: {load,"tsung_controller@ip-172-30-3-45"} 1 0.03125 0.0 0.2109375 0.01171875 0.05291193181818182 66
stats: {recvpackets,"tsung_controller@ip-172-30-3-45"} 1 283.0 0.0 1712 0 217.7538461538462 65
stats: {sentpackets,"tsung_controller@ip-172-30-3-45"} 1 209.0 0.0 2793 1 603.6153846153846 65
stats: {cpu,"tsung_controller@ip-172-30-3-45"} 1 1.185770750988142 0.0 21.03799814643188 0.891089108910891 2.008661029289789 66
stats: session 98 509023.2436971859 72.70457647032828 509173.87890625 508891.1979980469 509023.19060864195 397
stats: users_count 0 806
stats: finish_users_count 98 495
stats: request 0 0 0 123.89208984375 1.22021484375 9.945865602706265 2418
stats: connect 0 0 0 116.451904296875 0.93310546875 5.794985787744261 1612
stats: 200 0 2418
stats: size_rcv 0 6214260
stats: newphase 0 6
stats: size_sent 0 553940
stats: connected 0 0
stats: error_connect_etimedout 98 2913
stats: error_abort_max_conn_retries 98 495
# stats: dump at 1448403950
stats: users 203 806
stats: {freemem,"tsung_controller@ip-172-30-3-45"} 1 3096.046875 0.0 3173.01953125 3080.52734375 3102.2446361940297 67
stats: {load,"tsung_controller@ip-172-30-3-45"} 1 0.01953125 0.0 0.2109375 0.01171875 0.05258861940298508 67
stats: {recvpackets,"tsung_controller@ip-172-30-3-45"} 1 769.0 0.0 1712 0 218.7424242424243 66
stats: {sentpackets,"tsung_controller@ip-172-30-3-45"} 1 699.0 0.0 2793 1 597.6363636363636 66
stats: {cpu,"tsung_controller@ip-172-30-3-45"} 1 1.678183613030602 0.0 21.03799814643188 0.891089108910891 1.9963790848375256 67
stats: session 108 509010.6272153501 73.05324041418513 509173.87890625 508891.1979980469 509023.20111910114 495
stats: users_count 0 806
stats: finish_users_count 108 603
stats: request 0 0 0 123.89208984375 1.22021484375 9.945865602706265 2418
stats: connect 0 0 0 116.451904296875 0.93310546875 5.794985787744261 1612
stats: 200 0 2418
stats: size_rcv 0 6214260
stats: newphase 0 6
stats: size_sent 0 553940
stats: connected 0 0
stats: error_connect_etimedout 103 3016
stats: error_abort_max_conn_retries 103 598
# stats: dump at 1448403960
stats: users 104 806
stats: {freemem,"tsung_controller@ip-172-30-3-45"} 1 3097.07421875 0.0 3173.01953125 3080.52734375 3102.153492647059 68
stats: {load,"tsung_controller@ip-172-30-3-45"} 1 0.01953125 0.0 0.2109375 0.01171875 0.052102481617647065 68
stats: {recvpackets,"tsung_controller@ip-172-30-3-45"} 1 715.0 0.0 1712 0 226.95522388059706 67
stats: {sentpackets,"tsung_controller@ip-172-30-3-45"} 1 607.0 0.0 2793 1 599.1492537313433 67
stats: {cpu,"tsung_controller@ip-172-30-3-45"} 1 9.686609686609685 0.0 21.03799814643188 0.891089108910891 1.9916997396638942 68
stats: session 99 509015.27073222457 73.19625603278764 509173.87890625 508890.10107421875 509020.94907663827 603
stats: users_count 0 806
stats: finish_users_count 99 702
stats: request 0 0 0 123.89208984375 1.22021484375 9.945865602706265 2418
stats: connect 0 0 0 116.451904296875 0.93310546875 5.794985787744261 1612
stats: 200 0 2418
stats: size_rcv 0 6214260
stats: newphase 0 6
stats: size_sent 0 553940
stats: connected 0 0
stats: error_connect_etimedout 98 3114
stats: error_abort_max_conn_retries 98 696
# stats: dump at 1448403967
stats: users 0 806
stats: {freemem,"tsung_controller@ip-172-30-3-45"} 0 0 0 3173.01953125 3080.52734375 3102.079879981884 69
stats: {load,"tsung_controller@ip-172-30-3-45"} 0 0 0 0.2109375 0.01171875 0.0516304347826087 69
stats: {recvpackets,"tsung_controller@ip-172-30-3-45"} 0 0 0 1712 0 234.13235294117652 68
stats: {sentpackets,"tsung_controller@ip-172-30-3-45"} 0 0 0 2793 1 599.2647058823529 68
stats: {cpu,"tsung_controller@ip-172-30-3-45"} 0 0 0 21.03799814643188 0.891089108910891 2.103220173677601 69
stats: session 104 509011.157808744 77.38175427000984 509173.87890625 508890.10107421875 509020.1482844774 702
stats: users_count 0 806
stats: finish_users_count 104 806
stats: request 0 0 0 123.89208984375 1.22021484375 9.945865602706265 2418
stats: connect 0 0 0 116.451904296875 0.93310546875 5.794985787744261 1612
stats: 200 0 2418
stats: size_rcv 0 6214260
stats: newphase 0 6
stats: size_sent 0 553940
stats: connected 0 0
stats: error_connect_etimedout 110 3224
stats: error_abort_max_conn_retries 110 806
EndMonitor:{1448,403967,181610}
