# stats: dump at 1449002077
stats: users 4 6
stats: {cpu,"tsung_controller@ip-172-30-3-206"} 1 1.1787247152364835 0 1.1787247152364835 1.1787247152364835 0 0
stats: {load,"tsung_controller@ip-172-30-3-206"} 1 0.0 0 0.0 0.0 0 0
stats: {freemem,"tsung_controller@ip-172-30-3-206"} 1 6879.72265625 0 6879.72265625 6879.72265625 0 0
stats: session 6 3274.361328125 2602.410945304024 8222.5322265625 194.02001953125 0 0
stats: users_count 10 10
stats: finish_users_count 6 6
stats: request 205 39.67058403201218 232.4276244385012 2423.302978515625 0.47998046875 0 0
stats: connect 21 5.162795293898809 15.141515802922141 72.6259765625 0.691162109375 0 0
stats: page 21 387.7178431919643 642.6637267541078 2440.89794921875 14.626953125 0 0
stats: 302 18 18
stats: 200 152 152
stats: size_rcv 5268213 5268213
stats: size_sent 62881 62881
stats: connected 3 3
stats: 404 35 35
# stats: dump at 1449002087
stats: users 8 8
stats: {recvpackets,"tsung_controller@ip-172-30-3-206"} 1 4921 0 4921 4921 0 0
stats: {sentpackets,"tsung_controller@ip-172-30-3-206"} 1 2353 0 2353 2353 0 0
stats: {cpu,"tsung_controller@ip-172-30-3-206"} 1 1.935483870967742 0.0 1.935483870967742 1.1787247152364835 1.1787247152364835 1
stats: {load,"tsung_controller@ip-172-30-3-206"} 1 0.0 0.0 0.0 0.0 0.0 1
stats: {freemem,"tsung_controller@ip-172-30-3-206"} 1 6877.69921875 0.0 6879.72265625 6877.69921875 6879.72265625 1
stats: session 10 4462.1131591796875 2458.904037838853 8222.5322265625 194.02001953125 3274.361328125 6
stats: users_count 14 24
stats: finish_users_count 10 16
stats: request 399 5.704349374412594 6.425796862716322 2423.302978515625 0.468994140625 39.67058403201218 205
stats: connect 41 1.435124094893293 0.8553227008177225 72.6259765625 0.64501953125 5.162795293898809 21
stats: page 41 55.84007002667683 44.90501938128211 2440.89794921875 14.02587890625 387.7178431919643 21
stats: 302 37 55
stats: 200 285 437
stats: size_rcv 9900600 15168813
stats: size_sent 121991 184872
stats: connected 4 7
stats: 404 77 112
# stats: dump at 1449002097
stats: users 2 8
stats: {recvpackets,"tsung_controller@ip-172-30-3-206"} 1 6860.0 0.0 6860 4921 4921.0 1
stats: {sentpackets,"tsung_controller@ip-172-30-3-206"} 1 3378.0 0.0 3378 2353 2353.0 1
stats: {cpu,"tsung_controller@ip-172-30-3-206"} 1 1.4925373134328357 0.0 1.935483870967742 1.1787247152364835 1.5571042931021126 2
stats: {load,"tsung_controller@ip-172-30-3-206"} 1 0.0 0.0 0.0 0.0 0.0 2
stats: {freemem,"tsung_controller@ip-172-30-3-206"} 1 6876.44140625 0.0 6879.72265625 6876.44140625 6878.7109375 2
stats: session 12 4360.552917480469 2654.707407348327 8310.7060546875 194.02001953125 4016.7062225341797 16
stats: users_count 6 30
stats: finish_users_count 12 28
stats: request 248 5.265298166582661 5.900102093324137 2423.302978515625 0.468994140625 17.232624382372716 604
stats: connect 26 1.3205284705528846 0.7564090809013557 72.6259765625 0.64501953125 2.697722404233871 62
stats: page 26 50.55502554086539 40.32656305342693 2440.89794921875 14.02587890625 168.25028351814515 62
stats: 302 31 86
stats: 200 133 570
stats: size_rcv 4712897 19881710
stats: size_sent 72663 257535
stats: connected -5 2
stats: 404 84 196
# stats: dump at 1449002107
stats: users 9 10
stats: {recvpackets,"tsung_controller@ip-172-30-3-206"} 1 3104.0 0.0 6860 3104 5890.5 2
stats: {sentpackets,"tsung_controller@ip-172-30-3-206"} 1 1391.0 0.0 3378 1391 2865.5 2
stats: {cpu,"tsung_controller@ip-172-30-3-206"} 1 0.8946322067594433 0.0 1.935483870967742 0.8946322067594433 1.535581966545687 3
stats: {load,"tsung_controller@ip-172-30-3-206"} 1 0.0 0.0 0.0 0.0 0.0 3
stats: {freemem,"tsung_controller@ip-172-30-3-206"} 1 6877.2421875 0.0 6879.72265625 6876.44140625 6877.954427083333 3
stats: session 5 6479.356396484375 5961.584000237 17660.070068359375 194.02001953125 4164.069091796875 28
stats: users_count 12 42
stats: finish_users_count 5 33
stats: request 265 7.386201908903308 24.64361418240854 2423.302978515625 0.468994140625 13.749177314865753 852
stats: connect 27 1.6109754774305556 0.8637524467406754 72.6259765625 0.64501953125 2.290824196555398 88
stats: page 27 72.82725694444444 97.4228414311198 2440.89794921875 14.02587890625 133.4766845703125 88
stats: 302 21 107
stats: 200 209 779
stats: size_rcv 7219110 27100820
stats: newphase 1 1
stats: size_sent 82928 340463
stats: connected 6 8
stats: 404 35 231
# stats: dump at 1449002117
stats: users 17 17
stats: {recvpackets,"tsung_controller@ip-172-30-3-206"} 1 6789.0 0.0 6860 3104 4961.666666666667 3
stats: {sentpackets,"tsung_controller@ip-172-30-3-206"} 1 2844.0 0.0 3378 1391 2374.0 3
stats: {cpu,"tsung_controller@ip-172-30-3-206"} 1 1.2468827930174564 0.0 1.935483870967742 0.8946322067594433 1.375344526599126 4
stats: {load,"tsung_controller@ip-172-30-3-206"} 1 0.0 0.0 0.0 0.0 0.0 4
stats: {freemem,"tsung_controller@ip-172-30-3-206"} 1 6876.375 0.0 6879.72265625 6876.375 6877.7763671875 4
stats: session 14 4703.012712751116 4419.8564161287595 17660.070068359375 194.02001953125 4514.870198567708 33
stats: users_count 22 64
stats: finish_users_count 14 47
stats: request 537 5.9218318093866396 6.805086221536213 2423.302978515625 0.468994140625 12.239608395814681 1117
stats: connect 55 1.484326171875 0.921263931487163 72.6259765625 0.60009765625 2.1312075407608697 115
stats: page 55 58.164772727272734 46.214354650707534 2440.89794921875 14.02587890625 119.23725373641304 115
stats: 302 47 154
stats: 200 399 1178
stats: size_rcv 13828595 40929415
stats: newphase 0 1
stats: size_sent 164751 505214
stats: connected 8 16
stats: 404 91 322
# stats: dump at 1449002127
stats: users 3 18
stats: {recvpackets,"tsung_controller@ip-172-30-3-206"} 1 10269.0 0.0 10269 3104 5418.5 4
stats: {sentpackets,"tsung_controller@ip-172-30-3-206"} 1 4998.0 0.0 4998 1391 2491.5 4
stats: {cpu,"tsung_controller@ip-172-30-3-206"} 1 2.584493041749503 0.0 2.584493041749503 0.8946322067594433 1.349652179882792 5
stats: {load,"tsung_controller@ip-172-30-3-206"} 1 0.0 0.0 0.0 0.0 0.0 5
stats: {freemem,"tsung_controller@ip-172-30-3-206"} 1 6877.21875 0.0 6879.72265625 6876.375 6877.49609375 5
stats: session 25 7459.173564453125 6788.997255143748 31753.676025390625 194.02001953125 4570.912649601064 47
stats: users_count 11 75
stats: finish_users_count 25 72
stats: request 494 5.715152138157893 11.51699387351428 2423.302978515625 0.468994140625 10.18843183782686 1654
stats: page 52 54.65669133112983 55.333982853298025 2440.89794921875 14.02587890625 99.47850988051471 170
stats: connect 52 1.2115901066706731 0.7461379053446651 72.6259765625 0.60009765625 1.9219223920036765 170
stats: 302 65 219
stats: 200 247 1425
stats: size_rcv 8802752 49732167
stats: newphase 0 1
stats: size_sent 143340 648554
stats: connected -13 3
stats: 404 182 504
# stats: dump at 1449002137
stats: users 16 18
stats: {recvpackets,"tsung_controller@ip-172-30-3-206"} 1 5372.0 0.0 10269 3104 6388.6 5
stats: {sentpackets,"tsung_controller@ip-172-30-3-206"} 1 2640.0 0.0 4998 1391 2992.8 5
stats: {cpu,"tsung_controller@ip-172-30-3-206"} 1 1.6898608349900597 0.0 2.584493041749503 0.8946322067594433 1.5554589901939107 6
stats: {load,"tsung_controller@ip-172-30-3-206"} 1 0.0 0.0 0.0 0.0 0.0 6
stats: {freemem,"tsung_controller@ip-172-30-3-206"} 1 6876.92578125 0.0 6879.72265625 6876.375 6877.449869791667 6
stats: session 9 4237.289686414931 5220.491898580256 31753.676025390625 194.02001953125 5573.781022813585 72
stats: users_count 22 97
stats: finish_users_count 9 81
stats: request 513 6.638610007005361 13.450848032974784 2423.302978515625 0.466064453125 9.159660808200943 2148
stats: connect 53 2.070105210790094 3.7536176330176536 72.6259765625 0.60009765625 1.7555382530968469 222
stats: page 52 64.80717116135818 61.71273043461952 2440.89794921875 14.02587890625 88.97970553561373 222
stats: 302 40 259
stats: 200 410 1835
stats: size_rcv 13994380 63726547
stats: newphase 1 2
stats: size_sent 161339 809893
stats: connected 13 16
stats: 404 63 567
# stats: dump at 1449002147
stats: users 14 20
stats: {recvpackets,"tsung_controller@ip-172-30-3-206"} 1 10729.0 0.0 10729 3104 6219.166666666667 6
stats: {sentpackets,"tsung_controller@ip-172-30-3-206"} 1 4877.0 0.0 4998 1391 2934.0 6
stats: {cpu,"tsung_controller@ip-172-30-3-206"} 1 2.380952380952381 0.0 2.584493041749503 0.8946322067594433 1.5746592537362178 7
stats: {load,"tsung_controller@ip-172-30-3-206"} 1 0.0 0.0 0.0 0.0 0.0 7
stats: {freemem,"tsung_controller@ip-172-30-3-206"} 1 6875.05078125 0.0 6879.72265625 6875.05078125 6877.375 7
stats: session 29 6373.442340719289 7044.679518188576 36725.3330078125 194.02001953125 5425.281985435957 81
stats: users_count 27 124
stats: finish_users_count 29 110
stats: request 780 5.479461826422271 5.996538959848811 2423.302978515625 0.466064453125 8.673640867947904 2661
stats: connect 80 1.3402526855468748 0.8310147884621462 72.6259765625 0.60009765625 1.8161638849431818 275
stats: page 81 53.75664303626543 41.8320751169962 2440.89794921875 14.02587890625 84.39221726020757 274
stats: 302 82 341
stats: 200 502 2337
stats: size_rcv 17712553 81439100
stats: newphase 0 2
stats: size_sent 232761 1042654
stats: connected -2 14
stats: 404 196 763
# stats: dump at 1449002157
stats: users 10 20
stats: {recvpackets,"tsung_controller@ip-172-30-3-206"} 1 13539.0 0.0 13539 3104 6863.428571428572 7
stats: {sentpackets,"tsung_controller@ip-172-30-3-206"} 1 6373.0 0.0 6373 1391 3211.5714285714284 7
stats: {cpu,"tsung_controller@ip-172-30-3-206"} 1 2.5449101796407185 0.0 2.584493041749503 0.8946322067594433 1.6754458946382382 8
stats: {load,"tsung_controller@ip-172-30-3-206"} 1 0.0 0.0 0.0 0.0 0.0 8
stats: {freemem,"tsung_controller@ip-172-30-3-206"} 1 6873.72265625 0.0 6879.72265625 6873.72265625 6877.08447265625 8
stats: session 15 7521.123128255208 3825.1416078913176 36725.3330078125 194.02001953125 5675.251533647017 110
stats: users_count 11 135
stats: finish_users_count 15 125
stats: request 384 5.259606043497725 5.969266069355805 2423.302978515625 0.466064453125 7.949589821045843 3441
stats: 302 44 385
stats: connect 40 1.2933776855468748 0.7958884310181077 72.6259765625 0.60009765625 1.7089162907130282 355
stats: page 40 50.83248901367187 39.44865176044081 2440.89794921875 14.02587890625 77.40212849361795 355
stats: 200 228 2565
stats: size_rcv 8017756 89456856
stats: newphase 0 2
stats: size_sent 113834 1156488
stats: connected -4 10
stats: 404 112 875
# stats: dump at 1449002167
stats: users 22 23
stats: {recvpackets,"tsung_controller@ip-172-30-3-206"} 1 5519.0 0.0 13539 3104 7697.875 8
stats: {sentpackets,"tsung_controller@ip-172-30-3-206"} 1 2534.0 0.0 6373 1391 3606.75 8
stats: {cpu,"tsung_controller@ip-172-30-3-206"} 1 1.5888778550148956 0.0 2.584493041749503 0.8946322067594433 1.7720530374162915 9
stats: {load,"tsung_controller@ip-172-30-3-206"} 1 0.0 0.0 0.0 0.0 0.0 9
stats: {freemem,"tsung_controller@ip-172-30-3-206"} 1 6874.48046875 0.0 6879.72265625 6873.72265625 6876.7109375 9
stats: session 24 6220.928883870442 5638.14919853899 36725.3330078125 194.02001953125 5896.756125 125
stats: users_count 36 171
stats: finish_users_count 24 149
stats: connect 92 1.451060419497282 0.8590099044789024 72.6259765625 0.60009765625 1.6668364319620252 395
stats: request 886 5.413136363836768 6.125224373008953 2423.302978515625 0.466064453125 7.679536547691993 3825
stats: page 91 52.9406496823489 41.79910074561174 2440.89794921875 14.02587890625 74.71153209058544 395
stats: 302 82 467
stats: 200 636 3201
stats: size_rcv 21940075 111396931
stats: newphase 1 3
stats: size_sent 273540 1430028
stats: connected 10 20
stats: 404 168 1043
# stats: dump at 1449002177
stats: users 27 37
stats: {recvpackets,"tsung_controller@ip-172-30-3-206"} 1 19610.0 0.0 19610 3104 7455.777777777777 9
stats: {sentpackets,"tsung_controller@ip-172-30-3-206"} 1 9297.0 0.0 9297 1391 3487.5555555555557 9
stats: {cpu,"tsung_controller@ip-172-30-3-206"} 1 4.01985111662531 0.0 4.01985111662531 0.8946322067594433 1.7537355191761521 10
stats: {load,"tsung_controller@ip-172-30-3-206"} 1 0.0 0.0 0.0 0.0 0.0 10
stats: {freemem,"tsung_controller@ip-172-30-3-206"} 1 6873.3046875 0.0 6879.72265625 6873.3046875 6876.487890625 10
stats: session 37 5040.658123944258 4029.228158602921 36725.3330078125 194.02001953125 5948.971871395239 149
stats: users_count 42 213
stats: finish_users_count 37 186
stats: request 1205 5.469495793892633 5.967959524649911 2423.302978515625 0.466064453125 7.25329359229065 4711
stats: connect 123 1.4097910315040652 0.861003665107049 72.6259765625 0.60009765625 1.6260738176976386 487
stats: page 124 53.587443690146166 41.2469835845758 2440.89794921875 13.955078125 70.63509114583333 486
stats: 302 114 581
stats: 200 846 4047
stats: size_rcv 29567804 140964735
stats: newphase 0 3
stats: size_sent 365111 1795139
stats: connected 9 29
stats: 404 245 1288
# stats: dump at 1449002187
stats: users 24 37
stats: {recvpackets,"tsung_controller@ip-172-30-3-206"} 1 20230.0 0.0 20230 3104 8671.2 10
stats: {sentpackets,"tsung_controller@ip-172-30-3-206"} 1 9083.0 0.0 9297 1391 4068.5 10
stats: {cpu,"tsung_controller@ip-172-30-3-206"} 1 3.9 0.0 4.01985111662531 0.8946322067594433 1.9597460280351664 11
stats: {load,"tsung_controller@ip-172-30-3-206"} 1 0.0 0.0 0.0 0.0 0.0 11
stats: {freemem,"tsung_controller@ip-172-30-3-206"} 1 6872.4296875 0.0 6879.72265625 6872.4296875 6876.198508522727 11
stats: session 41 6964.403594226372 6018.8947531283375 36725.3330078125 194.02001953125 5768.285803353915 186
stats: users_count 38 251
stats: finish_users_count 41 227
stats: connect 119 1.4436178768382355 1.0528501015829304 72.6259765625 0.60009765625 1.5824626985143442 610
stats: request 1147 5.38153453983217 5.740544087653467 2423.302978515625 0.466064453125 6.889960876423576 5916
stats: page 119 52.237023618040965 39.35226520980498 2440.89794921875 13.955078125 67.16966772861169 610
stats: 302 124 705
stats: 200 722 4769
stats: size_rcv 25286067 166250802
stats: newphase 0 3
stats: size_sent 343877 2139016
stats: connected -5 24
stats: 404 301 1589
# stats: dump at 1449002197
stats: users 30 37
stats: {recvpackets,"tsung_controller@ip-172-30-3-206"} 1 18755.0 0.0 20230 3104 9722.0 11
stats: {sentpackets,"tsung_controller@ip-172-30-3-206"} 1 9098.0 0.0 9297 1391 4524.363636363636 11
stats: {cpu,"tsung_controller@ip-172-30-3-206"} 1 4.579392732702837 0.0 4.579392732702837 0.8946322067594433 2.1214338590322357 12
stats: {load,"tsung_controller@ip-172-30-3-206"} 1 0.0 0.0 0.0 0.0 0.0 12
stats: {freemem,"tsung_controller@ip-172-30-3-206"} 1 6872.203125 0.0 6879.72265625 6872.203125 6875.884440104167 12
stats: session 49 6530.512336575255 6648.3542132199655 36725.3330078125 194.02001953125 5984.324699502685 227
stats: users_count 55 306
stats: finish_users_count 49 276
stats: connect 158 1.4311260754549047 0.9774183302489629 72.6259765625 0.572998046875 1.5597980431241427 729
stats: request 1528 5.415430837900852 6.72800204724957 2423.302978515625 0.465087890625 6.6449991026630855 7063
stats: page 157 52.53286879229697 43.92954352422117 2440.89794921875 13.955078125 64.7321030521262 729
stats: 302 151 856
stats: 200 1041 5810
stats: size_rcv 36167512 202418314
stats: newphase 1 4
stats: size_sent 464682 2603698
stats: connected 7 31
stats: 404 336 1925
# stats: dump at 1449002207
stats: users 39 39
stats: {recvpackets,"tsung_controller@ip-172-30-3-206"} 1 28692.0 0.0 28692 3104 10474.75 12
stats: {sentpackets,"tsung_controller@ip-172-30-3-206"} 1 13021.0 0.0 13021 1391 4905.5 12
stats: {cpu,"tsung_controller@ip-172-30-3-206"} 1 5.944055944055944 0.0 5.944055944055944 0.8946322067594433 2.310507618545359 13
stats: {load,"tsung_controller@ip-172-30-3-206"} 1 0.0 0.0 0.0 0.0 0.0 13
stats: {freemem,"tsung_controller@ip-172-30-3-206"} 1 6871.5234375 0.0 6879.72265625 6871.5234375 6875.6012620192305 13
stats: session 44 5727.000688032669 4142.5460443591155 36725.3330078125 194.02001953125 6081.292794490206 276
stats: users_count 53 359
stats: finish_users_count 44 320
stats: request 1439 5.384609707533446 6.510734078478868 2423.302978515625 0.465087890625 6.426307412690242 8591
stats: connect 149 1.3897156171350675 0.8728154100060264 72.6259765625 0.572998046875 1.5368778955573563 887
stats: page 149 52.86678114513424 42.25766711122748 2440.89794921875 13.89111328125 62.57038772617453 886
stats: 302 142 998
stats: 200 982 6792
stats: size_rcv 34164540 236582854
stats: newphase 0 4
stats: size_sent 437261 3040959
stats: connected 7 38
stats: 404 315 2240
# stats: dump at 1449002217
stats: users 34 47
stats: {recvpackets,"tsung_controller@ip-172-30-3-206"} 1 26362.0 0.0 28692 3104 11876.076923076924 13
stats: {sentpackets,"tsung_controller@ip-172-30-3-206"} 1 12540.0 0.0 13021 1391 5529.7692307692305 13
stats: {cpu,"tsung_controller@ip-172-30-3-206"} 1 6.007944389275075 0.0 6.007944389275075 0.8946322067594433 2.570046784653258 14
stats: {load,"tsung_controller@ip-172-30-3-206"} 1 0.0 0.0 0.0 0.0 0.0 14
stats: {freemem,"tsung_controller@ip-172-30-3-206"} 1 6871.203125 0.0 6879.72265625 6871.203125 6875.309988839285 14
stats: session 69 6223.643101788949 5214.179446182995 36725.3330078125 194.02001953125 6032.577629852295 320
stats: users_count 64 423
stats: finish_users_count 69 389
stats: connect 198 1.3700197778566916 0.9209472135147397 72.6259765625 0.572998046875 1.515712664394305 1036
stats: request 1922 5.226795970587284 5.274136909783066 2423.302978515625 0.465087890625 6.276855468750001 10030
stats: page 199 50.90560591041144 37.23364367714123 2440.89794921875 13.89111328125 61.17344339711655 1035
stats: 302 201 1199
stats: 200 1245 8037
stats: size_rcv 43666259 280249113
stats: newphase 0 4
stats: size_sent 577277 3618236
stats: connected -3 35
stats: 404 476 2716
# stats: dump at 1449002227
stats: users 50 50
stats: {recvpackets,"tsung_controller@ip-172-30-3-206"} 1 33157.0 0.0 33157 3104 12910.785714285714 14
stats: {sentpackets,"tsung_controller@ip-172-30-3-206"} 1 15545.0 0.0 15545 1391 6030.5 14
stats: {cpu,"tsung_controller@ip-172-30-3-206"} 1 7.160741111667502 0.0 7.160741111667502 0.8946322067594433 2.7992399582947125 15
stats: {load,"tsung_controller@ip-172-30-3-206"} 1 0.0 0.0 0.0 0.0 0.0 15
stats: {freemem,"tsung_controller@ip-172-30-3-206"} 1 6868.60546875 0.0 6879.72265625 6868.60546875 6875.036197916666 15
stats: session 68 5047.753583122702 4402.942193214334 36725.3330078125 194.02001953125 6066.468420504298 389
stats: users_count 84 507
stats: finish_users_count 68 457
stats: request 2248 5.516827783550656 5.929401471335535 2423.302978515625 0.465087890625 6.107995499249604 11952
stats: connect 233 1.4588921673819744 0.928811120172693 72.6259765625 0.572998046875 1.4923356858412682 1234
stats: page 230 53.35822010869565 39.08809838248908 2440.89794921875 13.89111328125 59.517608988806735 1234
stats: 302 220 1419
stats: 200 1546 9583
stats: size_rcv 53537541 333786654
stats: newphase 1 5
stats: size_sent 685367 4303603
stats: connected 13 48
stats: 404 483 3199
# stats: dump at 1449002237
stats: users 65 69
stats: {recvpackets,"tsung_controller@ip-172-30-3-206"} 1 45890.0 0.0 45890 3104 14260.533333333333 15
stats: {sentpackets,"tsung_controller@ip-172-30-3-206"} 1 22185.0 0.0 22185 1391 6664.8 15
stats: {cpu,"tsung_controller@ip-172-30-3-206"} 1 10.557768924302788 0.0 10.557768924302788 0.8946322067594433 3.071833780380512 16
stats: {load,"tsung_controller@ip-172-30-3-206"} 1 0.0 0.0 0.0 0.0 0.0 16
stats: {freemem,"tsung_controller@ip-172-30-3-206"} 1 6866.98828125 0.0 6879.72265625 6866.98828125 6874.63427734375 16
stats: session 93 4518.083230951781 4350.4445932488015 36725.3330078125 144.181884765625 5914.887219318415 457
stats: users_count 108 615
stats: finish_users_count 93 550
stats: request 2984 6.0644381525689095 13.074789973329137 2423.302978515625 0.465087890625 6.014407821440362 14200
stats: connect 307 1.4078961599144948 0.8783116652754707 72.6259765625 0.56201171875 1.4870239341023348 1467
stats: page 309 59.58655614760317 78.57669480548083 2440.89794921875 13.89111328125 58.549945435237376 1464
stats: 302 290 1709
stats: 200 2057 11640
stats: size_rcv 71719272 405505926
stats: newphase 0 5
stats: size_sent 906216 5209819
stats: connected 17 65
stats: 404 637 3836
# stats: dump at 1449002247
stats: users 51 70
stats: {recvpackets,"tsung_controller@ip-172-30-3-206"} 1 49044.0 0.0 49044 3104 16237.375 16
stats: {sentpackets,"tsung_controller@ip-172-30-3-206"} 1 21843.0 0.0 22185 1391 7634.8125 16
stats: {cpu,"tsung_controller@ip-172-30-3-206"} 1 11.221449851042701 0.0 11.221449851042701 0.8946322067594433 3.5121829064935874 17
stats: {load,"tsung_controller@ip-172-30-3-206"} 1 0.078125 0.0 0.078125 0.0 0.0 17
stats: {freemem,"tsung_controller@ip-172-30-3-206"} 1 6865.5390625 0.0 6879.72265625 6865.5390625 6874.184512867647 17
stats: session 104 6002.970787635217 5044.930806389728 36725.3330078125 144.181884765625 5678.700363103693 550
stats: users_count 90 705
stats: finish_users_count 104 654
stats: request 2753 5.255823370243826 5.832912156728843 2423.302978515625 0.465087890625 6.023095583782516 17184
stats: connect 285 1.3655410498903504 0.8609927811164819 72.6259765625 0.56201171875 1.4733304579604707 1774
stats: page 286 51.073434256173506 37.354425911410424 2440.89794921875 13.89111328125 58.73060686226559 1773
stats: 302 300 2009
stats: 200 1717 13357
stats: size_rcv 60360522 465866448
stats: newphase 0 5
stats: size_sent 823708 6033527
stats: connected -15 50
stats: 404 735 4571
# stats: dump at 1449002257
stats: users 119 127
stats: {recvpackets,"tsung_controller@ip-172-30-3-206"} 1 50492.0 0.0 50492 3104 18167.176470588234 17
stats: {sentpackets,"tsung_controller@ip-172-30-3-206"} 1 23710.0 0.0 23710 1391 8470.588235294117 17
stats: {cpu,"tsung_controller@ip-172-30-3-206"} 1 11.211664152840624 0.0 11.221449851042701 0.8946322067594433 3.9404755145240937 18
stats: {load,"tsung_controller@ip-172-30-3-206"} 1 0.0703125 0.0 0.078125 0.0 0.004340277777777778 18
stats: {freemem,"tsung_controller@ip-172-30-3-206"} 1 6864.61328125 0.0 6879.72265625 6864.61328125 6873.704210069444 18
stats: session 153 4797.093702129288 4921.03146409628 36725.3330078125 144.181884765625 5730.266302172926 654
stats: users_count 221 926
stats: finish_users_count 153 807
stats: request 5739 5.610177443737481 5.260745272450168 2423.302978515625 0.4638671875 5.9171468249987464 19937
stats: connect 593 1.4727291216536673 0.9642422489657057 72.6259765625 0.56201171875 1.458410603030901 2059
stats: page 588 55.008620489211324 38.155359487653854 2440.89794921875 13.89111328125 57.66700736477053 2059
stats: 302 523 2532
stats: 200 4162 17519
stats: size_rcv 143872934 609739382
stats: newphase 1 6
stats: size_sent 1762094 7795621
stats: connected 70 120
stats: 404 1057 5628
# stats: dump at 1449002267
stats: users 127 142
stats: {recvpackets,"tsung_controller@ip-172-30-3-206"} 1 119740.0 0.0 119740 3104 19963.0 18
stats: {sentpackets,"tsung_controller@ip-172-30-3-206"} 1 52887.0 0.0 52887 1391 9317.222222222223 18
stats: {cpu,"tsung_controller@ip-172-30-3-206"} 1 26.616915422885572 0.0 26.616915422885572 0.8946322067594433 4.323169653382859 19
stats: {load,"tsung_controller@ip-172-30-3-206"} 1 0.21875 0.0 0.21875 0.0 0.0078125 19
stats: {freemem,"tsung_controller@ip-172-30-3-206"} 1 6842.296875 0.0 6879.72265625 6842.296875 6873.225740131579 19
stats: session 228 4748.446713096215 4504.266409357082 36725.3330078125 144.181884765625 5553.345102908146 807
stats: users_count 236 1162
stats: finish_users_count 228 1035
stats: connect 703 1.401109155516536 0.863453256366306 72.6259765625 0.56201171875 1.4616122929039403 2652
stats: request 6839 5.451470455521633 5.140173061368257 2423.302978515625 0.4638671875 5.848534218710446 25676
stats: page 708 53.28638247042729 35.97526718695679 2440.89794921875 13.89111328125 57.07647790393607 2647
stats: 302 698 3230
stats: 200 4521 22040
stats: size_rcv 158399425 768138807
stats: newphase 0 6
stats: size_sent 2057644 9853265
stats: connected 5 125
stats: 404 1617 7245
# stats: dump at 1449002277
stats: users 134 152
stats: {recvpackets,"tsung_controller@ip-172-30-3-206"} 1 120661.0 0.0 120661 3104 25214.42105263158 19
stats: {sentpackets,"tsung_controller@ip-172-30-3-206"} 1 53758.0 0.0 53758 1391 11610.368421052632 19
stats: {cpu,"tsung_controller@ip-172-30-3-206"} 1 27.22277722277722 0.0 27.22277722277722 0.8946322067594433 5.437856941857994 20
stats: {load,"tsung_controller@ip-172-30-3-206"} 1 0.26953125 0.0 0.26953125 0.0 0.018359375 20
stats: {freemem,"tsung_controller@ip-172-30-3-206"} 1 6840.1171875 0.0 6879.72265625 6840.1171875 6871.679296875 20
stats: session 230 5543.148660411008 5338.285332935417 36725.3330078125 144.181884765625 5376.034153268416 1035
stats: users_count 237 1399
stats: finish_users_count 230 1265
stats: request 6834 5.945419673233108 15.545097077963748 2423.302978515625 0.4638671875 5.765018331383111 32515
stats: connect 707 1.4318260613728784 0.9796257708943334 72.6259765625 0.56201171875 1.4489345863217213 3355
stats: page 705 57.92563926750886 69.90814413662682 2440.89794921875 13.89111328125 56.27666044732677 3355
stats: 302 697 3927
stats: 200 4536 26576
stats: size_rcv 158049520 926188327
stats: newphase 0 6
stats: size_sent 2066664 11919929
stats: connected 10 135
stats: 404 1603 8848
# stats: dump at 1449002287
stats: users 264 274
stats: {recvpackets,"tsung_controller@ip-172-30-3-206"} 1 118782.0 0.0 120661 3104 29986.75 20
stats: {sentpackets,"tsung_controller@ip-172-30-3-206"} 1 52051.0 0.0 53758 1391 13717.75 20
stats: {cpu,"tsung_controller@ip-172-30-3-206"} 1 26.44544997486174 0.0 27.22277722277722 0.8946322067594433 6.475234098092242 21
stats: {load,"tsung_controller@ip-172-30-3-206"} 1 0.30078125 0.0 0.30078125 0.0 0.030319940476190476 21
stats: {freemem,"tsung_controller@ip-172-30-3-206"} 1 6838.92578125 0.0 6879.72265625 6838.92578125 6870.176339285715 21
stats: session 324 5370.9488555531425 5547.279027500614 36725.3330078125 144.181884765625 5406.418609112523 1265
stats: users_count 454 1853
stats: finish_users_count 324 1589
stats: request 11925 8.395751768867951 8.856693524417995 2423.302978515625 0.4638671875 5.796349820625604 39349
stats: page 1224 82.2728744207644 60.4074859529661 2440.89794921875 13.89111328125 56.56299790255543 4060
stats: 302 1095 5022
stats: connect 1227 1.7012864838019557 1.2919748101962951 72.6259765625 0.56201171875 1.4459568100689315 4062
stats: 200 8574 35150
stats: size_rcv 297529163 1223717490
stats: newphase 1 7
stats: size_sent 3654377 15574306
stats: connected 132 267
stats: 404 2256 11104
# stats: dump at 1449002297
stats: users 282 291
stats: {recvpackets,"tsung_controller@ip-172-30-3-206"} 1 233548.0 0.0 233548 3104 34215.09523809524 21
stats: {sentpackets,"tsung_controller@ip-172-30-3-206"} 1 92967.0 0.0 92967 1391 15543.142857142857 21
stats: {cpu,"tsung_controller@ip-172-30-3-206"} 1 49.54591321897074 0.0 49.54591321897074 0.8946322067594433 7.382971183399946 22
stats: {load,"tsung_controller@ip-172-30-3-206"} 1 0.41015625 0.0 0.41015625 0.0 0.04261363636363636 22
stats: {freemem,"tsung_controller@ip-172-30-3-206"} 1 6759.60546875 0.0 6879.72265625 6759.60546875 6868.755859375 22
stats: session 421 5304.382750450008 4398.750073189553 36725.3330078125 144.181884765625 5399.186261627791 1589
stats: users_count 439 2292
stats: finish_users_count 421 2010
stats: connect 1305 1.5586753172892729 0.9577115529247392 72.6259765625 0.56201171875 1.5051909771459633 5289
stats: request 12589 7.885566369015113 7.042622155216613 2423.302978515625 0.45703125 6.400903166040239 51274
stats: page 1298 76.78108880699882 46.52879230637195 2440.89794921875 13.89111328125 62.51850298550164 5284
stats: 302 1285 6307
stats: 200 8336 43486
stats: size_rcv 290686956 1514404446
stats: newphase 0 7
stats: size_sent 3805650 19379956
stats: connected 18 285
stats: 404 2969 14073
# stats: dump at 1449002307
stats: users 288 313
stats: {recvpackets,"tsung_controller@ip-172-30-3-206"} 1 236781.0 0.0 236781 3104 43275.681818181816 22
stats: {sentpackets,"tsung_controller@ip-172-30-3-206"} 1 97994.0 0.0 97994 1391 19062.409090909092 22
stats: {cpu,"tsung_controller@ip-172-30-3-206"} 1 52.002002002002 0.0 52.002002002002 0.8946322067594433 9.216142576250851 23
stats: {load,"tsung_controller@ip-172-30-3-206"} 1 0.4296875 0.0 0.4296875 0.0 0.05859375 23
stats: {freemem,"tsung_controller@ip-172-30-3-206"} 1 6755.2578125 0.0 6879.72265625 6755.2578125 6864.010190217391 23
stats: session 466 5908.360952483739 5381.676659100964 36725.3330078125 144.181884765625 5379.329406799012 2010
stats: users_count 472 2764
stats: finish_users_count 466 2476
stats: request 13624 12.721845464432022 14.892633152371488 2423.302978515625 0.45703125 6.693567542318377 63863
stats: 302 1405 7712
stats: connect 1404 1.5866768774483615 1.0323667600738118 72.6259765625 0.56201171875 1.515775912524644 6594
stats: page 1412 123.76206040855152 103.79510764580279 2440.89794921875 13.89111328125 65.33114904996584 6582
stats: 200 8960 52446
stats: size_rcv 313279454 1827683900
stats: newphase 0 7
stats: size_sent 4102499 23482455
stats: connected 1 286
stats: 404 3259 17332
# stats: dump at 1449002317
stats: users 76 313
stats: {recvpackets,"tsung_controller@ip-172-30-3-206"} 1 228419.0 0.0 236781 3104 51688.95652173913 23
stats: {sentpackets,"tsung_controller@ip-172-30-3-206"} 1 91947.0 0.0 97994 1391 22494.217391304348 23
stats: {cpu,"tsung_controller@ip-172-30-3-206"} 1 50.2262443438914 0.0 52.002002002002 0.8946322067594433 10.998886718990482 24
stats: {load,"tsung_controller@ip-172-30-3-206"} 1 0.58984375 0.0 0.58984375 0.0 0.07405598958333333 24
stats: {freemem,"tsung_controller@ip-172-30-3-206"} 1 6778.59375 0.0 6879.72265625 6755.2578125 6859.478841145833 24
stats: session 294 8238.077035501701 6086.617957883727 36725.3330078125 144.181884765625 5478.896733248561 2476
stats: users_count 82 2846
stats: finish_users_count 294 2770
stats: request 4320 5.930271968135124 4.554301951741787 2423.302978515625 0.45703125 7.753477700291667 77487
stats: connect 460 1.2030549422554353 0.7955453491999074 72.6259765625 0.56201171875 1.5282221434264818 7998
stats: page 463 56.15831069451942 31.93148861311396 2440.89794921875 13.89111328125 75.6519455020953 7994
stats: 302 665 8377
stats: 200 1628 54074
stats: size_rcv 59948833 1887632733
stats: newphase 0 7
stats: size_sent 1212283 24694738
stats: connected -205 81
stats: 404 2024 19356
# stats: dump at 1449002327
stats: users 9 313
stats: {recvpackets,"tsung_controller@ip-172-30-3-206"} 1 5291.0 0.0 236781 3104 59052.708333333336 24
stats: {sentpackets,"tsung_controller@ip-172-30-3-206"} 1 5726.0 0.0 97994 1391 25388.083333333332 24
stats: {cpu,"tsung_controller@ip-172-30-3-206"} 1 5.644355644355644 0.0 52.002002002002 0.8946322067594433 12.567981023986517 25
stats: {load,"tsung_controller@ip-172-30-3-206"} 1 0.5 0.0 0.58984375 0.0 0.0946875 25
stats: {freemem,"tsung_controller@ip-172-30-3-206"} 1 6820.03515625 0.0 6879.72265625 6755.2578125 6856.2434375 25
stats: session 67 17130.628130101446 5651.908793706285 39562.1240234375 144.181884765625 5771.7483609967285 2770
stats: users_count 0 2846
stats: finish_users_count 67 2837
stats: page 72 35.59657796223958 3.1852209689283524 2440.89794921875 13.89111328125 74.58471682574346 8457
stats: request 646 3.913331211904991 0.9407218814051781 2423.302978515625 0.45703125 7.657199279582971 81807
stats: connect 71 0.7510831591109155 0.0794579256202773 72.6259765625 0.56201171875 1.5105374765384845 8458
stats: 302 143 8520
stats: 200 0 54074
stats: size_rcv 969075 1888601808
stats: newphase 0 7
stats: size_sent 163645 24858383
stats: connected -72 9
stats: 404 503 19859
# stats: dump at 1449002337
stats: users 2 313
stats: {recvpackets,"tsung_controller@ip-172-30-3-206"} 1 855.0 0.0 236781 855 56902.24 25
stats: {sentpackets,"tsung_controller@ip-172-30-3-206"} 1 943.0 0.0 97994 943 24601.6 25
stats: {cpu,"tsung_controller@ip-172-30-3-206"} 1 1.4903129657228018 0.0 52.002002002002 0.8946322067594433 12.301687740154561 26
stats: {load,"tsung_controller@ip-172-30-3-206"} 1 0.421875 0.0 0.58984375 0.0 0.1102764423076923 26
stats: {freemem,"tsung_controller@ip-172-30-3-206"} 1 6824.28125 0.0 6879.72265625 6755.2578125 6854.850811298077 26
stats: session 7 26938.212472098214 5852.658455414636 39562.1240234375 144.181884765625 6040.005303023523 2837
stats: users_count 0 2846
stats: finish_users_count 7 2844
stats: request 54 4.097868742766202 1.7214087027298135 2423.302978515625 0.45703125 7.627866947566914 82453
stats: connect 6 2.3286539713541665 3.2581375393432177 72.6259765625 0.56201171875 1.5042153688426987 8529
stats: page 6 37.259928385416664 3.669125038970424 2440.89794921875 13.89111328125 74.25558726797908 8529
stats: 302 12 8532
stats: 200 0 54074
stats: size_rcv 80923 1888682731
stats: newphase 0 7
stats: size_sent 13625 24872008
stats: connected -6 3
stats: 404 42 19901
# stats: dump at 1449002347
stats: users 1 313
stats: {recvpackets,"tsung_controller@ip-172-30-3-206"} 1 135.0 0.0 236781 135 54746.57692307692 26
stats: {sentpackets,"tsung_controller@ip-172-30-3-206"} 1 151.0 0.0 97994 151 23691.653846153848 26
stats: {cpu,"tsung_controller@ip-172-30-3-206"} 1 0.6458022851465475 0.0 52.002002002002 0.6458022851465475 11.901266452212644 27
stats: {load,"tsung_controller@ip-172-30-3-206"} 1 0.359375 0.0 0.58984375 0.0 0.12181712962962964 27
stats: {freemem,"tsung_controller@ip-172-30-3-206"} 1 6835.2578125 0.0 6879.72265625 6755.2578125 6853.718605324074 27
stats: session 1 31851.0908203125 0.0 39562.1240234375 144.181884765625 6091.442521794101 2844
stats: users_count 0 2846
stats: finish_users_count 1 2845
stats: connect 2 0.87158203125 0.0634765625 72.6259765625 0.56201171875 1.5047949390377857 8535
stats: request 18 3.9223225911458335 0.7833155273635618 2423.302978515625 0.45703125 7.6255565993169565 82507
stats: page 2 35.6744384765625 0.2315673828125 2440.89794921875 13.89111328125 74.22957977491578 8535
stats: 302 4 8536
stats: 200 0 54074
stats: size_rcv 26975 1888709706
stats: newphase 0 7
stats: size_sent 4686 24876694
stats: connected -2 1
stats: 404 14 19915
# stats: dump at 1449002355
stats: users 0 313
stats: {recvpackets,"tsung_controller@ip-172-30-3-206"} 1 1.0 0.0 236781 1 52723.92592592593 27
stats: {sentpackets,"tsung_controller@ip-172-30-3-206"} 1 1.0 0.0 97994 1 22819.777777777777 27
stats: {cpu,"tsung_controller@ip-172-30-3-206"} 1 0.546448087431694 0.0 52.002002002002 0.546448087431694 11.49928558910314 28
stats: {load,"tsung_controller@ip-172-30-3-206"} 1 0.30078125 0.0 0.58984375 0.0 0.13030133928571427 28
stats: {freemem,"tsung_controller@ip-172-30-3-206"} 1 6838.54296875 0.0 6879.72265625 6755.2578125 6853.059291294643 28
stats: session 1 45921.126953125 0.0 45921.126953125 144.181884765625 6100.496879719766 2845
stats: users_count 0 2846
stats: finish_users_count 1 2846
stats: request 9 4.378119574652778 1.6930024259438792 2423.302978515625 0.45703125 7.624748865755646 82525
stats: connect 1 0.87890625 0.0 72.6259765625 0.56201171875 1.5046465935047442 8537
stats: page 1 39.81005859375 0.0 2440.89794921875 13.89111328125 74.22054729481776 8537
stats: 302 2 8538
stats: 200 0 54074
stats: size_rcv 13487 1888723193
stats: newphase 0 7
stats: size_sent 2271 24878965
stats: connected -1 0
stats: 404 7 19922
EndMonitor:{1449,2355,501055}
