# stats: dump at 1449003773
stats: users 0 1
stats: {cpu,"tsung_controller@ip-172-30-3-206"} 1 1.7316627850687443 0 1.7316627850687443 1.7316627850687443 0 0
stats: {load,"tsung_controller@ip-172-30-3-206"} 1 0.0 0 0.0 0.0 0 0
stats: {freemem,"tsung_controller@ip-172-30-3-206"} 1 6879.76171875 0 6879.76171875 6879.76171875 0 0
stats: session 8 30.522125244140625 31.230148232418465 113.1279296875 16.9921875 0 0
stats: users_count 8 8
stats: finish_users_count 8 8
stats: page 24 9.370513916015627 13.684892075162605 70.60205078125 1.443115234375 0 0
stats: request 32 7.014579772949219 12.075494379247235 70.60205078125 1.443115234375 0 0
stats: connect 8 9.471710205078125 22.743823526099774 69.64599609375 0.76806640625 0 0
stats: 302 8 8
stats: 200 24 24
stats: size_rcv 116912 116912
stats: size_sent 12123 12123
stats: connected 0 0
# stats: dump at 1449003783
stats: users 0 2
stats: {recvpackets,"tsung_controller@ip-172-30-3-206"} 1 162 0 162 162 0 0
stats: {sentpackets,"tsung_controller@ip-172-30-3-206"} 1 129 0 129 129 0 0
stats: {cpu,"tsung_controller@ip-172-30-3-206"} 1 1.0918114143920596 0.0 1.7316627850687443 1.0918114143920596 1.7316627850687443 1
stats: {load,"tsung_controller@ip-172-30-3-206"} 1 0.078125 0.0 0.078125 0.0 0.0 1
stats: {freemem,"tsung_controller@ip-172-30-3-206"} 1 6879.52734375 0.0 6879.76171875 6879.52734375 6879.76171875 1
stats: session 10 20.74638671875 4.424459167070038 113.1279296875 16.363037109375 30.522125244140625 8
stats: users_count 10 18
stats: finish_users_count 10 18
stats: request 36 4.68096923828125 2.7052880181639902 70.60205078125 0.740966796875 7.014579772949219 32
stats: 302 8 16
stats: connect 9 0.9273003472222222 0.17631482849849947 69.64599609375 0.738037109375 9.471710205078125 8
stats: page 27 6.259494357638889 4.670585620411738 70.60205078125 1.443115234375 9.370513916015627 24
stats: 200 27 51
stats: size_rcv 131715 248627
stats: size_sent 13677 25800
stats: connected 0 0
stats: 400 1 1
# stats: dump at 1449003793
stats: users 0 2
stats: {recvpackets,"tsung_controller@ip-172-30-3-206"} 1 220.0 0.0 220 162 162.0 1
stats: {sentpackets,"tsung_controller@ip-172-30-3-206"} 1 184.0 0.0 184 129 129.0 1
stats: {cpu,"tsung_controller@ip-172-30-3-206"} 1 0.6454816285998014 0.0 1.7316627850687443 0.6454816285998014 1.411737099730402 2
stats: {load,"tsung_controller@ip-172-30-3-206"} 1 0.05859375 0.0 0.078125 0.0 0.0390625 2
stats: {freemem,"tsung_controller@ip-172-30-3-206"} 1 6879.3671875 0.0 6879.76171875 6879.3671875 6879.64453125 2
stats: session 10 20.810205078125 6.441886762898998 113.1279296875 16.363037109375 25.09115939670139 18
stats: users_count 10 28
stats: finish_users_count 10 28
stats: request 44 4.592357288707388 3.69166657146134 70.60205078125 0.740966796875 5.779138901654412 68
stats: connect 11 0.9067826704545454 0.16877568297325282 69.64599609375 0.738037109375 4.948199103860294 17
stats: page 33 6.141120679450758 4.619297275915116 70.60205078125 1.443115234375 7.723503561580883 51
stats: 302 11 27
stats: 200 33 84
stats: size_rcv 160819 409446
stats: size_sent 16682 42482
stats: connected 0 0
stats: 400 0 1
# stats: dump at 1449003803
stats: users 0 2
stats: {recvpackets,"tsung_controller@ip-172-30-3-206"} 1 191.0 0.0 220 162 191.0 2
stats: {sentpackets,"tsung_controller@ip-172-30-3-206"} 1 159.0 0.0 184 129 156.5 2
stats: {cpu,"tsung_controller@ip-172-30-3-206"} 1 0.6454816285998014 0.0 1.7316627850687443 0.6454816285998014 1.1563186093535351 3
stats: {load,"tsung_controller@ip-172-30-3-206"} 1 0.05078125 0.0 0.078125 0.0 0.045572916666666664 3
stats: {freemem,"tsung_controller@ip-172-30-3-206"} 1 6879.3984375 0.0 6879.76171875 6879.3671875 6879.552083333333 3
stats: session 15 18.603548177083333 1.4093636772864422 113.1279296875 15.715087890625 23.562247140066965 28
stats: users_count 15 43
stats: finish_users_count 15 43
stats: request 60 4.0777099609375 1.8641173492424192 70.60205078125 0.6611328125 5.312903267996652 112
stats: connect 15 0.8300944010416667 0.06918369635089498 69.64599609375 0.738037109375 3.360499790736607 28
stats: page 45 5.454747178819444 2.9588887343213846 70.60205078125 1.443115234375 7.101853143601191 84
stats: 302 14 41
stats: 200 45 129
stats: size_rcv 219550 628996
stats: newphase 1 1
stats: size_sent 22877 65359
stats: connected 0 0
stats: 400 1 2
# stats: dump at 1449003813
stats: users 0 2
stats: {recvpackets,"tsung_controller@ip-172-30-3-206"} 1 309.0 0.0 309 162 191.0 3
stats: {sentpackets,"tsung_controller@ip-172-30-3-206"} 1 264.0 0.0 264 129 157.33333333333334 3
stats: {cpu,"tsung_controller@ip-172-30-3-206"} 1 0.7447864945382324 0.0 1.7316627850687443 0.6454816285998014 1.0286093641651017 4
stats: {load,"tsung_controller@ip-172-30-3-206"} 1 0.05078125 0.0 0.078125 0.0 0.046875 4
stats: {freemem,"tsung_controller@ip-172-30-3-206"} 1 6879.22265625 0.0 6879.76171875 6879.22265625 6879.513671875 4
stats: session 9 19.018473307291668 1.4613483596937633 113.1279296875 15.715087890625 21.832468432049417 43
stats: users_count 9 52
stats: finish_users_count 9 52
stats: request 36 4.188652886284724 1.8986720358552769 70.60205078125 0.6611328125 4.882021881813227 172
stats: connect 9 0.8839789496527778 0.09071749193295305 69.64599609375 0.717041015625 2.4778002361918605 43
stats: page 27 5.603208188657407 3.0338054397247043 70.60205078125 1.389892578125 6.527281295421512 129
stats: 302 9 50
stats: 200 27 156
stats: size_rcv 131591 760587
stats: newphase 0 1
stats: size_sent 13615 78974
stats: connected 0 0
stats: 400 0 2
# stats: dump at 1449003823
stats: users 0 2
stats: {recvpackets,"tsung_controller@ip-172-30-3-206"} 1 187.0 0.0 309 162 220.5 4
stats: {sentpackets,"tsung_controller@ip-172-30-3-206"} 1 160.0 0.0 264 129 184.0 4
stats: {cpu,"tsung_controller@ip-172-30-3-206"} 1 0.5961251862891207 0.0 1.7316627850687443 0.5961251862891207 0.9718447902397278 5
stats: {load,"tsung_controller@ip-172-30-3-206"} 1 0.0390625 0.0 0.078125 0.0 0.04765625 5
stats: {freemem,"tsung_controller@ip-172-30-3-206"} 1 6879.24609375 0.0 6879.76171875 6879.22265625 6879.45546875 5
stats: session 14 18.470807756696427 0.7109347196029698 113.1279296875 15.715087890625 21.345430814302883 52
stats: users_count 14 66
stats: finish_users_count 14 66
stats: request 52 4.030714768629811 1.6573043686968882 70.60205078125 0.6611328125 4.762015709510217 208
stats: connect 13 0.8309795673076923 0.08230491428500032 69.64599609375 0.697998046875 2.201946551983173 52
stats: page 39 5.3915264423076925 2.9053387067207423 70.60205078125 1.389892578125 6.367345565404648 156
stats: 302 13 63
stats: 200 39 195
stats: size_rcv 190094 950681
stats: newphase 0 1
stats: size_sent 19745 98719
stats: connected 0 0
stats: 400 0 2
# stats: dump at 1449003833
stats: users 0 2
stats: {recvpackets,"tsung_controller@ip-172-30-3-206"} 1 333.0 0.0 333 162 213.8 5
stats: {sentpackets,"tsung_controller@ip-172-30-3-206"} 1 293.0 0.0 293 129 179.2 5
stats: {cpu,"tsung_controller@ip-172-30-3-206"} 1 0.7447864945382324 0.0 1.7316627850687443 0.5961251862891207 0.90922485624796 6
stats: {load,"tsung_controller@ip-172-30-3-206"} 1 0.03125 0.0 0.078125 0.0 0.046223958333333336 6
stats: {freemem,"tsung_controller@ip-172-30-3-206"} 1 6879.140625 0.0 6879.76171875 6879.140625 6879.420572916667 6
stats: session 25 19.996201171875 8.405424144999161 113.1279296875 15.715087890625 20.735662286931817 66
stats: users_count 25 91
stats: finish_users_count 25 91
stats: request 104 4.42217782827524 4.404783935069865 70.60205078125 0.6611328125 4.615755521334136 260
stats: page 78 5.915211212940706 5.857911904680118 70.60205078125 1.286865234375 6.172181740785256 195
stats: connect 26 0.8302283653846154 0.10582975843139386 69.64599609375 0.65185546875 1.9277531550480766 65
stats: 302 26 89
stats: 200 78 273
stats: size_rcv 380281 1330962
stats: newphase 1 2
stats: size_sent 39464 138183
stats: connected 0 0
stats: 400 0 2
# stats: dump at 1449003843
stats: users 0 2
stats: {recvpackets,"tsung_controller@ip-172-30-3-206"} 1 480.0 0.0 480 162 233.66666666666666 6
stats: {sentpackets,"tsung_controller@ip-172-30-3-206"} 1 409.0 0.0 409 129 198.16666666666666 6
stats: {cpu,"tsung_controller@ip-172-30-3-206"} 1 1.0421836228287842 0.0 1.7316627850687443 0.5961251862891207 0.8857336617179988 7
stats: {load,"tsung_controller@ip-172-30-3-206"} 1 0.03125 0.0 0.078125 0.0 0.04408482142857143 7
stats: {freemem,"tsung_controller@ip-172-30-3-206"} 1 6879.08203125 0.0 6879.76171875 6879.08203125 6879.380580357143 7
stats: session 14 19.067208426339285 1.4211909848993118 113.1279296875 15.715087890625 20.532513628949175 91
stats: users_count 14 105
stats: finish_users_count 14 105
stats: request 52 4.212505634014421 1.8364442867857875 70.60205078125 0.6611328125 4.560447609031594 364
stats: connect 13 0.8973482572115384 0.14252140747256678 69.64599609375 0.65185546875 1.6141746437156594 91
stats: page 39 5.634383764022436 3.1513117182624417 70.60205078125 1.286865234375 6.098761589972527 273
stats: 302 13 102
stats: 200 39 312
stats: size_rcv 190128 1521090
stats: newphase 0 2
stats: size_sent 19830 158013
stats: connected 0 0
stats: 400 0 2
# stats: dump at 1449003853
stats: users 0 2
stats: {recvpackets,"tsung_controller@ip-172-30-3-206"} 1 287.0 0.0 480 162 268.85714285714283 7
stats: {sentpackets,"tsung_controller@ip-172-30-3-206"} 1 246.0 0.0 409 129 228.28571428571428 7
stats: {cpu,"tsung_controller@ip-172-30-3-206"} 1 0.7936507936507936 0.0 1.7316627850687443 0.5961251862891207 0.905289906856847 8
stats: {load,"tsung_controller@ip-172-30-3-206"} 1 0.01953125 0.0 0.078125 0.0 0.04248046875 8
stats: {freemem,"tsung_controller@ip-172-30-3-206"} 1 6879.05859375 0.0 6879.76171875 6879.05859375 6879.34326171875 8
stats: session 8 18.61663818359375 0.5412297806200795 113.1279296875 15.715087890625 20.337139601934524 105
stats: users_count 8 113
stats: finish_users_count 8 113
stats: connect 9 0.8357747395833334 0.04618955953041461 69.64599609375 0.65185546875 1.5245713454026442 104
stats: request 36 4.092068142361111 1.7142196817134252 70.60205078125 0.6611328125 4.5169548621544475 416
stats: page 27 5.472611038773148 2.935981953467698 70.60205078125 1.286865234375 6.040714361728766 312
stats: 302 9 111
stats: 200 27 339
stats: size_rcv 131649 1652739
stats: newphase 0 2
stats: size_sent 13631 171644
stats: connected 0 0
stats: 400 0 2
# stats: dump at 1449003863
stats: users 0 2
stats: {recvpackets,"tsung_controller@ip-172-30-3-206"} 1 212.0 0.0 480 162 271.125 8
stats: {sentpackets,"tsung_controller@ip-172-30-3-206"} 1 184.0 0.0 409 129 230.5 8
stats: {cpu,"tsung_controller@ip-172-30-3-206"} 1 0.6954793840039741 0.0 1.7316627850687443 0.5961251862891207 0.8928855609450633 9
stats: {load,"tsung_controller@ip-172-30-3-206"} 1 0.01953125 0.0 0.078125 0.0 0.03993055555555555 9
stats: {freemem,"tsung_controller@ip-172-30-3-206"} 1 6879.01953125 0.0 6879.76171875 6879.01953125 6879.311631944444 9
stats: session 22 18.659279563210227 1.484480421820195 113.1279296875 15.715087890625 20.215334191786503 113
stats: users_count 22 135
stats: finish_users_count 22 135
stats: request 88 4.095508922230113 1.8029079254748364 70.60205078125 0.6611328125 4.483114326949669 452
stats: connect 22 0.8044544566761364 0.09168617398090784 69.64599609375 0.65185546875 1.469711438744469 113
stats: page 66 5.477420691287879 3.1430579156746483 70.60205078125 1.286865234375 5.995467194413718 339
stats: 302 22 133
stats: 200 66 405
stats: size_rcv 321803 1974542
stats: newphase 1 3
stats: size_sent 33323 204967
stats: connected 0 0
stats: 400 0 2
# stats: dump at 1449003873
stats: users 0 2
stats: {recvpackets,"tsung_controller@ip-172-30-3-206"} 1 538.0 0.0 538 162 264.55555555555554 9
stats: {sentpackets,"tsung_controller@ip-172-30-3-206"} 1 456.0 0.0 456 129 225.33333333333334 9
stats: {cpu,"tsung_controller@ip-172-30-3-206"} 1 1.0907288051561725 0.0 1.7316627850687443 0.5961251862891207 0.8731449432509544 10
stats: {load,"tsung_controller@ip-172-30-3-206"} 1 0.01953125 0.0 0.078125 0.0 0.037890625 10
stats: {freemem,"tsung_controller@ip-172-30-3-206"} 1 6878.90625 0.0 6879.76171875 6878.90625 6879.282421875 10
stats: session 58 17.8592318830819 1.3658236732370514 113.1279296875 15.715087890625 19.96175491898148 135
stats: users_count 58 193
stats: finish_users_count 58 193
stats: page 168 5.213394891648067 3.068519880527597 70.60205078125 1.286865234375 5.9110448013117285 405
stats: request 224 3.896672930036272 1.653464020281436 70.60205078125 0.6611328125 4.419949001736111 540
stats: connect 56 0.7955801827566964 0.25880568590119973 69.64599609375 0.64599609375 1.3612991898148148 135
stats: 302 56 189
stats: 200 168 573
stats: size_rcv 819047 2793589
stats: newphase 0 3
stats: size_sent 85169 290136
stats: connected 0 0
stats: 400 0 2
# stats: dump at 1449003883
stats: users 0 2
stats: {recvpackets,"tsung_controller@ip-172-30-3-206"} 1 1104.0 0.0 1104 162 291.9 10
stats: {sentpackets,"tsung_controller@ip-172-30-3-206"} 1 942.0 0.0 942 129 248.4 10
stats: {cpu,"tsung_controller@ip-172-30-3-206"} 1 1.4910536779324055 0.0 1.7316627850687443 0.5961251862891207 0.8929252943332471 11
stats: {load,"tsung_controller@ip-172-30-3-206"} 1 0.01171875 0.0 0.078125 0.0 0.03622159090909091 11
stats: {freemem,"tsung_controller@ip-172-30-3-206"} 1 6878.4296875 0.0 6879.76171875 6878.4296875 6879.248224431818 11
stats: session 34 18.519330193014707 1.484272834014385 113.1279296875 15.715087890625 19.329908618037564 193
stats: users_count 34 227
stats: finish_users_count 34 227
stats: page 105 5.4142275855654765 3.110555120882595 70.60205078125 1.286865234375 5.706498230939136 573
stats: request 140 4.04757080078125 1.7315923750948699 70.60205078125 0.6611328125 4.266527745112074 764
stats: connect 35 0.8084054129464285 0.10523131895328836 69.64599609375 0.64599609375 1.1954339312009161 191
stats: 302 35 224
stats: 200 105 678
stats: size_rcv 511853 3305442
stats: newphase 0 3
stats: size_sent 53185 343321
stats: connected 0 0
stats: 400 0 2
# stats: dump at 1449003893
stats: users 0 2
stats: {recvpackets,"tsung_controller@ip-172-30-3-206"} 1 701.0 0.0 1104 162 365.72727272727275 11
stats: {sentpackets,"tsung_controller@ip-172-30-3-206"} 1 606.0 0.0 942 129 311.45454545454544 11
stats: {cpu,"tsung_controller@ip-172-30-3-206"} 1 1.2388503468780971 0.0 1.7316627850687443 0.5961251862891207 0.9427693262998437 12
stats: {load,"tsung_controller@ip-172-30-3-206"} 1 0.01171875 0.0 0.078125 0.0 0.0341796875 12
stats: {freemem,"tsung_controller@ip-172-30-3-206"} 1 6878.61328125 0.0 6879.76171875 6878.4296875 6879.180013020833 12
stats: session 59 17.961893372616526 1.425772169300359 113.1279296875 15.715087890625 19.208500395787446 227
stats: users_count 59 286
stats: finish_users_count 59 286
stats: request 240 3.9102101643880207 1.657541715042824 70.60205078125 0.6611328125 4.232618483821902 904
stats: page 180 5.230536566840278 3.134634792499223 70.60205078125 1.251953125 5.661235077894543 678
stats: connect 60 0.74322509765625 0.08836048840564144 69.64599609375 0.613037109375 1.1354958863384956 226
stats: 302 60 284
stats: 200 180 858
stats: size_rcv 877337 4182779
stats: newphase 1 4
stats: size_sent 91125 434446
stats: connected 0 0
stats: 400 0 2
# stats: dump at 1449003903
stats: users 0 3
stats: {recvpackets,"tsung_controller@ip-172-30-3-206"} 1 1395.0 0.0 1395 162 393.6666666666667 12
stats: {sentpackets,"tsung_controller@ip-172-30-3-206"} 1 1201.0 0.0 1201 129 336.0 12
stats: {cpu,"tsung_controller@ip-172-30-3-206"} 1 1.3459621136590227 0.0 1.7316627850687443 0.5961251862891207 0.9655447894212478 13
stats: {load,"tsung_controller@ip-172-30-3-206"} 1 0.01171875 0.0 0.078125 0.0 0.03245192307692308 13
stats: {freemem,"tsung_controller@ip-172-30-3-206"} 1 6878.60546875 0.0 6879.76171875 6878.4296875 6879.1364182692305 13
stats: session 62 18.308042464717733 1.7986650359574117 113.1279296875 15.47119140625 18.951333212685753 286
stats: users_count 62 348
stats: finish_users_count 62 348
stats: request 236 4.009553553694388 1.7394110156558558 70.60205078125 0.655029296875 4.16498037484976 1144
stats: connect 59 0.7982322563559322 0.09484266686804525 69.64599609375 0.613037109375 1.0532013152862763 286
stats: 302 58 342
stats: page 177 5.363584701624292 3.196890863291385 70.60205078125 1.251953125 5.570878746904137 858
stats: 200 177 1035
stats: size_rcv 863050 5045829
stats: newphase 0 4
stats: size_sent 89525 523971
stats: connected 0 0
stats: 400 1 3
# stats: dump at 1449003913
stats: users 1 3
stats: {recvpackets,"tsung_controller@ip-172-30-3-206"} 1 1223.0 0.0 1395 162 470.6923076923077 13
stats: {sentpackets,"tsung_controller@ip-172-30-3-206"} 1 1022.0 0.0 1201 129 402.53846153846155 13
stats: {cpu,"tsung_controller@ip-172-30-3-206"} 1 1.4903129657228018 0.0 1.7316627850687443 0.5961251862891207 0.9927174554382316 14
stats: {load,"tsung_controller@ip-172-30-3-206"} 1 0.01171875 0.0 0.078125 0.0 0.030970982142857147 14
stats: {freemem,"tsung_controller@ip-172-30-3-206"} 1 6878.625 0.0 6879.76171875 6878.4296875 6879.098493303572 14
stats: session 49 18.179582868303573 1.5476701973402756 113.1279296875 15.47119140625 18.83672394149605 348
stats: users_count 50 398
stats: finish_users_count 49 397
stats: request 208 3.9622638408954325 1.6583035010923497 70.60205078125 0.655029296875 4.138400135869566 1380
stats: connect 52 0.8576847956730769 0.5251771371421798 69.64599609375 0.613037109375 1.0095979110054347 345
stats: page 156 5.3002773187099335 3.035422964295738 70.60205078125 1.251953125 5.535428460899759 1035
stats: 302 52 394
stats: 200 156 1191
stats: size_rcv 760630 5806459
stats: newphase 0 4
stats: size_sent 78944 602915
stats: connected 0 0
stats: 400 0 3
# stats: dump at 1449003923
stats: users 1 3
stats: {recvpackets,"tsung_controller@ip-172-30-3-206"} 1 902.0 0.0 1395 162 524.4285714285714 14
stats: {sentpackets,"tsung_controller@ip-172-30-3-206"} 1 763.0 0.0 1201 129 446.7857142857143 14
stats: {cpu,"tsung_controller@ip-172-30-3-206"} 1 1.0452961672473868 0.0 1.7316627850687443 0.5961251862891207 1.025890489457203 15
stats: {load,"tsung_controller@ip-172-30-3-206"} 1 0.01171875 0.0 0.078125 0.0 0.029687500000000002 15
stats: {freemem,"tsung_controller@ip-172-30-3-206"} 1 6878.53125 0.0 6879.76171875 6878.4296875 6879.066927083333 15
stats: session 77 18.569196428571427 4.993807611230104 113.1279296875 15.47119140625 18.755615849338792 397
stats: users_count 77 475
stats: finish_users_count 77 474
stats: connect 74 0.7469812341638512 0.08276716149925771 69.64599609375 0.60986328125 0.9896999714656801 397
stats: request 296 4.078146444784625 2.9870732690405815 70.60205078125 0.655029296875 4.1153293869056995 1588
stats: page 222 5.454532657657658 4.2081900779867 70.60205078125 1.251953125 5.5046278075146935 1191
stats: 302 74 468
stats: 200 222 1413
stats: size_rcv 1082031 6888490
stats: newphase 1 5
stats: size_sent 112559 715474
stats: connected 0 0
stats: 400 0 3
# stats: dump at 1449003933
stats: users 0 3
stats: {recvpackets,"tsung_controller@ip-172-30-3-206"} 1 1799.0 0.0 1799 162 549.6 15
stats: {sentpackets,"tsung_controller@ip-172-30-3-206"} 1 1547.0 0.0 1547 129 467.8666666666667 15
stats: {cpu,"tsung_controller@ip-172-30-3-206"} 1 1.9890601690701142 0.0 1.9890601690701142 0.5961251862891207 1.0271033443190896 16
stats: {load,"tsung_controller@ip-172-30-3-206"} 1 0.01171875 0.0 0.078125 0.0 0.028564453125000003 16
stats: {freemem,"tsung_controller@ip-172-30-3-206"} 1 6878.35546875 0.0 6879.76171875 6878.35546875 6879.033447265625 16
stats: session 126 18.64783877418154 2.1769586649546366 113.1279296875 14.489013671875 18.725332525712027 474
stats: users_count 125 600
stats: finish_users_count 126 600
stats: connect 128 0.7637825012207031 0.10310226744096504 69.64599609375 0.60986328125 0.9515658174097664 471
stats: request 512 4.081825733184818 1.8595677882470747 70.60205078125 0.5859375 4.109487480924894 1884
stats: page 384 5.460578918457031 3.349273238810166 70.60205078125 1.251953125 5.496757231953291 1413
stats: 302 124 592
stats: 200 384 1797
stats: size_rcv 1872426 8760916
stats: newphase 0 5
stats: size_sent 194487 909961
stats: connected 0 0
stats: 400 4 7
# stats: dump at 1449003943
stats: users 0 3
stats: {recvpackets,"tsung_controller@ip-172-30-3-206"} 1 2531.0 0.0 2531 162 627.6875 16
stats: {sentpackets,"tsung_controller@ip-172-30-3-206"} 1 2096.0 0.0 2096 129 535.3125 16
stats: {cpu,"tsung_controller@ip-172-30-3-206"} 1 2.8400597907324365 0.0 2.8400597907324365 0.5961251862891207 1.0836890398926793 17
stats: {load,"tsung_controller@ip-172-30-3-206"} 1 0.01171875 0.0 0.078125 0.0 0.02757352941176471 17
stats: {freemem,"tsung_controller@ip-172-30-3-206"} 1 6878.1953125 0.0 6879.76171875 6878.1953125 6878.99356617647 17
stats: session 115 17.672815472146734 1.6712577511983557 113.1279296875 14.489013671875 18.709058837890623 600
stats: users_count 115 715
stats: finish_users_count 115 715
stats: request 460 3.8459764563519023 1.6418563268351576 70.60205078125 0.5791015625 4.10357645636608 2396
stats: page 345 5.146109318387679 3.0953156634266197 70.60205078125 1.251953125 5.489026306865609 1797
stats: connect 115 0.7949855638586957 0.19372720915237854 69.64599609375 0.60986328125 0.9114384977566778 599
stats: 302 113 705
stats: 200 345 2142
stats: size_rcv 1681994 10442910
stats: newphase 0 5
stats: size_sent 174793 1084754
stats: connected 0 0
stats: 400 2 9
# stats: dump at 1449003953
stats: users 0 4
stats: {recvpackets,"tsung_controller@ip-172-30-3-206"} 1 2044.0 0.0 2531 162 739.6470588235294 17
stats: {sentpackets,"tsung_controller@ip-172-30-3-206"} 1 1698.0 0.0 2096 129 627.1176470588235 17
stats: {cpu,"tsung_controller@ip-172-30-3-206"} 1 2.584493041749503 0.0 2.8400597907324365 0.5961251862891207 1.1812651927171103 18
stats: {load,"tsung_controller@ip-172-30-3-206"} 1 0.0 0.0 0.078125 0.0 0.026692708333333336 18
stats: {freemem,"tsung_controller@ip-172-30-3-206"} 1 6878.9921875 0.0 6879.76171875 6878.1953125 6878.94921875 18
stats: session 150 17.926875 2.0234138237430863 113.1279296875 14.267822265625 18.54239032451923 715
stats: users_count 150 865
stats: finish_users_count 150 865
stats: request 596 3.913455015860948 1.6611499028927306 70.60205078125 0.5791015625 4.062086260285366 2856
stats: connect 149 0.8012416762793624 0.19736186609980755 69.64599609375 0.60986328125 0.8926820728291317 714
stats: page 447 5.236656376712807 3.26942150466984 70.60205078125 1.251953125 5.433794579029528 2142
stats: 302 148 853
stats: 200 447 2589
stats: size_rcv 2178605 12621515
stats: newphase 1 6
stats: size_sent 226050 1310804
stats: connected 0 0
stats: 400 1 10
# stats: dump at 1449003963
stats: users 0 4
stats: {recvpackets,"tsung_controller@ip-172-30-3-206"} 1 3814.0 0.0 3814 162 812.1111111111111 18
stats: {sentpackets,"tsung_controller@ip-172-30-3-206"} 1 3056.0 0.0 3056 129 686.6111111111111 18
stats: {cpu,"tsung_controller@ip-172-30-3-206"} 1 4.423459244532803 0.0 4.423459244532803 0.5961251862891207 1.2551192900346047 19
stats: {load,"tsung_controller@ip-172-30-3-206"} 1 0.0 0.0 0.078125 0.0 0.025287828947368425 19
stats: {freemem,"tsung_controller@ip-172-30-3-206"} 1 6877.60546875 0.0 6879.76171875 6877.60546875 6878.9514802631575 19
stats: session 247 18.266215088879047 3.34713911790562 113.1279296875 13.72802734375 18.435653563041907 865
stats: users_count 247 1112
stats: finish_users_count 247 1112
stats: request 996 3.9880358837694483 2.134651551280536 70.60205078125 0.5791015625 4.03642455064546 3452
stats: connect 249 0.7982133612575302 0.17589736104261464 69.64599609375 0.60986328125 0.8768945651977115 863
stats: page 747 5.336727770456827 3.711843750328779 70.60205078125 1.251953125 5.399757971677047 2589
stats: 302 247 1100
stats: 200 747 3336
stats: size_rcv 3640989 16262504
stats: newphase 0 6
stats: size_sent 377923 1688727
stats: connected 0 0
stats: 400 2 12
# stats: dump at 1449003973
stats: users 0 5
stats: {recvpackets,"tsung_controller@ip-172-30-3-206"} 1 5228.0 0.0 5228 162 970.1052631578947 19
stats: {sentpackets,"tsung_controller@ip-172-30-3-206"} 1 4211.0 0.0 4211 129 811.3157894736842 19
stats: {cpu,"tsung_controller@ip-172-30-3-206"} 1 5.577689243027888 0.0 5.577689243027888 0.5961251862891207 1.4135362877595146 20
stats: {load,"tsung_controller@ip-172-30-3-206"} 1 0.0 0.0 0.078125 0.0 0.0240234375 20
stats: {freemem,"tsung_controller@ip-172-30-3-206"} 1 6877.296875 0.0 6879.76171875 6877.296875 6878.8841796875 20
stats: session 231 22.463293298498378 65.6192190833477 1016.94482421875 13.72802734375 18.398017499086667 1112
stats: users_count 231 1343
stats: finish_users_count 231 1343
stats: connect 230 5.193988833220106 65.64754060225218 998.46484375 0.60986328125 0.8592762020852068 1112
stats: request 920 5.046098526664397 32.8458094959269 999.260009765625 0.5791015625 4.0255893185841956 4448
stats: page 690 6.746111795176628 37.96261744317779 999.260009765625 1.251953125 5.385644194605253 3336
stats: 302 228 1328
stats: 200 690 4026
stats: size_rcv 3362996 19625500
stats: newphase 0 6
stats: size_sent 349227 2037954
stats: connected 0 0
stats: 400 2 14
# stats: dump at 1449003983
stats: users 0 7
stats: {recvpackets,"tsung_controller@ip-172-30-3-206"} 1 4770.0 0.0 5228 162 1183.0 20
stats: {sentpackets,"tsung_controller@ip-172-30-3-206"} 1 4033.0 0.0 4211 129 981.3 20
stats: {cpu,"tsung_controller@ip-172-30-3-206"} 1 4.790419161676647 0.0 5.577689243027888 0.5961251862891207 1.6118292856294372 21
stats: {load,"tsung_controller@ip-172-30-3-206"} 1 0.0 0.0 0.078125 0.0 0.022879464285714284 21
stats: {freemem,"tsung_controller@ip-172-30-3-206"} 1 6877.53125 0.0 6879.76171875 6877.296875 6878.80859375 21
stats: session 395 19.151884518393988 4.4602257605570514 1016.94482421875 13.298095703125 19.097257044629558 1343
stats: users_count 395 1738
stats: finish_users_count 395 1738
stats: request 1573 4.2097174177030325 2.415249914145507 999.260009765625 0.5791015625 4.20049030059496 5368
stats: connect 394 0.73681640625 0.1719314841495128 998.46484375 0.5859375 1.6021852223244222 1342
stats: page 1180 5.631402277542377 4.1020595183815605 999.260009765625 1.251953125 5.618809282631644 4026
stats: 302 390 1718
stats: 200 1180 5206
stats: size_rcv 5752704 25378204
stats: newphase 1 7
stats: size_sent 597139 2635093
stats: connected 1 1
stats: 400 3 17
# stats: dump at 1449003993
stats: users 1 7
stats: {recvpackets,"tsung_controller@ip-172-30-3-206"} 1 8729.0 0.0 8729 162 1353.8095238095239 21
stats: {sentpackets,"tsung_controller@ip-172-30-3-206"} 1 7256.0 0.0 7256 129 1126.6190476190477 21
stats: {cpu,"tsung_controller@ip-172-30-3-206"} 1 8.312468703054583 0.0 8.312468703054583 0.5961251862891207 1.756310643631583 22
stats: {load,"tsung_controller@ip-172-30-3-206"} 1 0.0 0.0 0.078125 0.0 0.021839488636363633 22
stats: {freemem,"tsung_controller@ip-172-30-3-206"} 1 6876.65625 0.0 6879.76171875 6876.65625 6878.750532670455 22
stats: session 454 18.56194772594304 3.1631002774914845 1016.94482421875 13.298095703125 19.109672379576022 1738
stats: users_count 455 2193
stats: finish_users_count 454 2192
stats: request 1820 4.069015871823491 2.1102785203872543 999.260009765625 0.5791015625 4.20258139052595 6941
stats: connect 455 0.7617868947458791 0.42268496217097395 998.46484375 0.5859375 1.4057823919480845 1736
stats: 302 448 2166
stats: page 1364 5.432106711647714 3.6859177807310566 999.260009765625 1.239013671875 5.621663630306378 5206
stats: 200 1367 6573
stats: size_rcv 6661847 32040051
stats: newphase 0 7
stats: size_sent 692435 3327528
stats: connected 2 3
stats: 400 5 22
# stats: dump at 1449004003
stats: users 0 7
stats: {recvpackets,"tsung_controller@ip-172-30-3-206"} 1 9510.0 0.0 9510 162 1689.0454545454545 22
stats: {sentpackets,"tsung_controller@ip-172-30-3-206"} 1 7919.0 0.0 7919 129 1405.2272727272727 22
stats: {cpu,"tsung_controller@ip-172-30-3-206"} 1 9.542943244600703 0.0 9.542943244600703 0.5961251862891207 2.0413609940412787 23
stats: {load,"tsung_controller@ip-172-30-3-206"} 1 0.0 0.0 0.078125 0.0 0.02088994565217391 23
stats: {freemem,"tsung_controller@ip-172-30-3-206"} 1 6877.50390625 0.0 6879.76171875 6876.65625 6878.659476902174 23
stats: session 498 19.260771602033117 3.1299310050952993 1016.94482421875 13.298095703125 18.996229408431233 2192
stats: users_count 497 2690
stats: finish_users_count 498 2690
stats: request 1999 4.237571178167209 2.0986276034982403 999.260009765625 0.5791015625 4.174834644259716 8761
stats: connect 499 0.8014784451715932 0.7523403169631854 998.46484375 0.5859375 1.2720453078645593 2191
stats: page 1500 5.682160156249997 3.836250659636714 999.260009765625 1.239013671875 5.582309652064305 6570
stats: 302 500 2666
stats: 200 1497 8070
stats: size_rcv 7296007 39336058
stats: newphase 0 7
stats: size_sent 758082 4085610
stats: connected -3 0
stats: 400 2 24
# stats: dump at 1449004013
stats: users 0 7
stats: {recvpackets,"tsung_controller@ip-172-30-3-206"} 1 10994.0 0.0 10994 162 2029.0869565217392 23
stats: {sentpackets,"tsung_controller@ip-172-30-3-206"} 1 9002.0 0.0 9002 129 1688.4347826086957 23
stats: {cpu,"tsung_controller@ip-172-30-3-206"} 1 10.332661290322582 0.0 10.332661290322582 0.5961251862891207 2.3539269211479215 24
stats: {load,"tsung_controller@ip-172-30-3-206"} 1 0.078125 0.0 0.078125 0.0 0.020019531249999997 24
stats: {freemem,"tsung_controller@ip-172-30-3-206"} 1 6876.0390625 0.0 6879.76171875 6876.0390625 6878.611328125 24
stats: session 236 19.663436631024886 2.929342685560802 1016.94482421875 13.298095703125 19.045204134235597 2690
stats: users_count 236 2926
stats: finish_users_count 236 2926
stats: connect 236 0.7982881190413134 0.6654571571345876 998.46484375 0.5859375 1.184754280175418 2690
stats: request 944 4.341091608597062 2.0962596700565554 999.260009765625 0.5791015625 4.186489879508887 10760
stats: page 708 5.807714085120935 3.87777364591425 999.260009765625 1.239013671875 5.600869225333021 8070
stats: 302 234 2900
stats: 200 708 8778
stats: size_rcv 3450404 42786462
stats: newphase 0 7
stats: size_sent 358312 4443922
stats: connected 0 0
stats: 400 2 26
EndMonitor:{1449,4013,170118}
