# stats: dump at 1448402798
stats: users 14 16
stats: {freemem,"tsung_controller@ip-172-30-3-45"} 1 3173.0390625 0 3173.0390625 3173.0390625 0 0
stats: {load,"tsung_controller@ip-172-30-3-45"} 1 0.0 0 0.0 0.0 0 0
stats: {cpu,"tsung_controller@ip-172-30-3-45"} 1 6.19118882022351 0 6.19118882022351 6.19118882022351 0 0
stats: session 2 4995.89599609375 1015.6669921875 6011.56298828125 3980.22900390625 0 0
stats: users_count 16 16
stats: finish_users_count 2 2
stats: request 229 256.8532576248638 811.6153613893044 5464.0478515625 1.39404296875 0 0
stats: connect 26 6.423574594350962 20.127056847193497 106.761962890625 1.324951171875 0 0
stats: page 25 2045.81681640625 1816.7811252119823 5541.81396484375 48.402099609375 0 0
stats: 302 33 33
stats: 200 196 196
stats: size_rcv 6319010 6319010
stats: size_sent 112564 112564
stats: connected 14 14
# stats: dump at 1448402808
stats: users 6 16
stats: {freemem,"tsung_controller@ip-172-30-3-45"} 1 3166.796875 0.0 3173.0390625 3166.796875 3173.0390625 1
stats: {load,"tsung_controller@ip-172-30-3-45"} 1 0.0 0.0 0.0 0.0 0.0 1
stats: {recvpackets,"tsung_controller@ip-172-30-3-45"} 1 7986 0 7986 7986 0 0
stats: {sentpackets,"tsung_controller@ip-172-30-3-45"} 1 3553 0 3553 3553 0 0
stats: {cpu,"tsung_controller@ip-172-30-3-45"} 1 4.23228346456693 0.0 6.19118882022351 4.23228346456693 6.19118882022351 1
stats: session 18 6749.50006781684 3695.1841684787564 14465.218017578125 811.18408203125 4995.89599609375 2
stats: users_count 10 26
stats: finish_users_count 18 20
stats: request 471 43.33050420481691 225.1051705150806 5464.0478515625 1.39404296875 256.8532576248638 229
stats: connect 46 2.1785517153532603 0.4892429473490901 106.761962890625 1.2060546875 6.423574594350962 26
stats: page 47 598.1360798287899 961.607793739188 5541.81396484375 26.171875 2045.81681640625 25
stats: 302 173 206
stats: 200 298 494
stats: size_rcv 11266314 17585324
stats: size_sent 153834 266398
stats: connected -8 6
# stats: dump at 1448402818
stats: users 2 16
stats: {freemem,"tsung_controller@ip-172-30-3-45"} 1 3168.40625 0.0 3173.0390625 3166.796875 3169.91796875 2
stats: {load,"tsung_controller@ip-172-30-3-45"} 1 0.0 0.0 0.0 0.0 0.0 2
stats: {recvpackets,"tsung_controller@ip-172-30-3-45"} 1 5258.0 0.0 7986 5258 7986.0 1
stats: {sentpackets,"tsung_controller@ip-172-30-3-45"} 1 2512.0 0.0 3553 2512 3553.0 1
stats: {cpu,"tsung_controller@ip-172-30-3-45"} 1 2.9702970297029703 0.0 6.19118882022351 2.9702970297029703 5.211736142395219 2
stats: session 8 9128.762512207031 6433.027943834104 20504.679931640625 811.18408203125 6574.139660644531 20
stats: users_count 4 30
stats: finish_users_count 8 28
stats: request 152 16.14112613075658 27.250775732945474 5464.0478515625 1.39404296875 113.1829478236608 700
stats: connect 16 1.9317474365234375 0.3633765328336698 106.761962890625 1.2060546875 3.7114766438802085 72
stats: page 16 153.72036743164063 132.53689888276415 5541.81396484375 26.171875 1100.803002251519 72
stats: 302 76 282
stats: 200 76 570
stats: size_rcv 2732537 20317861
stats: size_sent 53377 319775
stats: connected -4 2
# stats: dump at 1448402828
stats: users 3 16
stats: {freemem,"tsung_controller@ip-172-30-3-45"} 1 3168.8984375 0.0 3173.0390625 3166.796875 3169.4140625 3
stats: {load,"tsung_controller@ip-172-30-3-45"} 1 0.0 0.0 0.0 0.0 0.0 3
stats: {recvpackets,"tsung_controller@ip-172-30-3-45"} 1 2133.0 0.0 7986 2133 6622.0 2
stats: {sentpackets,"tsung_controller@ip-172-30-3-45"} 1 1129.0 0.0 3553 1129 3032.5 2
stats: {cpu,"tsung_controller@ip-172-30-3-45"} 1 1.9723865877712032 0.0 6.19118882022351 1.9723865877712032 4.464589771497803 3
stats: session 5 11733.248388671875 12818.590765797899 32341.60498046875 811.18408203125 7304.031903948103 28
stats: users_count 6 36
stats: finish_users_count 5 33
stats: request 148 18.404181403082767 33.983577085070316 5464.0478515625 1.39404296875 95.87032235732107 852
stats: connect 16 2.22613525390625 0.6136886889402187 106.761962890625 1.2060546875 3.3878895152698862 88
stats: page 15 180.18434244791666 136.19797602632298 5541.81396484375 26.171875 928.6061595569957 88
stats: 302 50 332
stats: 200 99 669
stats: size_rcv 3395489 23713350
stats: newphase 1 1
stats: size_sent 56519 376294
stats: connected 1 3
# stats: dump at 1448402838
stats: users 5 16
stats: {freemem,"tsung_controller@ip-172-30-3-45"} 1 3170.52734375 0.0 3173.0390625 3166.796875 3169.28515625 4
stats: {load,"tsung_controller@ip-172-30-3-45"} 1 0.0 0.0 0.0 0.0 0.0 4
stats: {recvpackets,"tsung_controller@ip-172-30-3-45"} 1 3201.0 0.0 7986 2133 5125.666666666667 3
stats: {sentpackets,"tsung_controller@ip-172-30-3-45"} 1 1494.0 0.0 3553 1129 2398.0 3
stats: {cpu,"tsung_controller@ip-172-30-3-45"} 1 2.1696252465483234 0.0 6.19118882022351 1.9723865877712032 3.8415389755661526 4
stats: session 12 3272.0010579427085 3481.196588281341 32341.60498046875 603.22607421875 7975.125310724432 33
stats: users_count 14 50
stats: finish_users_count 12 45
stats: request 405 18.159559461805557 31.751486273782273 5464.0478515625 1.39404296875 84.4053334960938 1000
stats: connect 41 2.4614912823932924 1.0920669925563924 106.761962890625 0.997802734375 3.2091580904447117 104
stats: page 42 176.11733863467262 140.0626921365376 5541.81396484375 26.072021484375 819.6126910459648 103
stats: 302 123 455
stats: 200 281 950
stats: size_rcv 10120115 33833465
stats: newphase 0 1
stats: size_sent 152795 529089
stats: connected 2 5
# stats: dump at 1448402848
stats: users 11 16
stats: {freemem,"tsung_controller@ip-172-30-3-45"} 1 3168.734375 0.0 3173.0390625 3166.796875 3169.53359375 5
stats: {load,"tsung_controller@ip-172-30-3-45"} 1 0.0 0.0 0.0 0.0 0.0 5
stats: {recvpackets,"tsung_controller@ip-172-30-3-45"} 1 7148.0 0.0 7986 2133 4644.5 4
stats: {sentpackets,"tsung_controller@ip-172-30-3-45"} 1 3199.0 0.0 3553 1129 2172.0 4
stats: {cpu,"tsung_controller@ip-172-30-3-45"} 1 3.270564915758176 0.0 6.19118882022351 1.9723865877712032 3.507156229762587 5
stats: session 13 3458.2982459435098 2587.3822760943576 32341.60498046875 603.22607421875 6720.958843315972 45
stats: users_count 19 69
stats: finish_users_count 13 58
stats: request 468 17.756970006176548 30.81894683956521 5464.0478515625 1.364990234375 65.30957656806054 1405
stats: connect 48 2.4276631673177076 1.2149591595109537 106.761962890625 0.997802734375 2.997748855064655 145
stats: page 48 173.53155517578125 137.87384611380236 5541.81396484375 24.60693359375 633.2209337957975 145
stats: 302 126 581
stats: 200 342 1292
stats: size_rcv 12155548 45989013
stats: newphase 0 1
stats: size_sent 179759 708848
stats: connected 6 11
# stats: dump at 1448402858
stats: users 11 18
stats: {freemem,"tsung_controller@ip-172-30-3-45"} 1 3167.92578125 0.0 3173.0390625 3166.796875 3169.400390625 6
stats: {load,"tsung_controller@ip-172-30-3-45"} 1 0.0 0.0 0.0 0.0 0.0 6
stats: {recvpackets,"tsung_controller@ip-172-30-3-45"} 1 9734.0 0.0 9734 2133 5145.2 5
stats: {sentpackets,"tsung_controller@ip-172-30-3-45"} 1 4103.0 0.0 4103 1129 2377.4 5
stats: {cpu,"tsung_controller@ip-172-30-3-45"} 1 4.146100691016782 0.0 6.19118882022351 1.9723865877712032 3.467724344095185 6
stats: session 17 6050.277401194853 3671.936445808019 32341.60498046875 603.22607421875 5989.672847353178 58
stats: users_count 17 86
stats: finish_users_count 17 75
stats: request 517 33.0470804181274 145.91274944547757 5464.0478515625 1.364990234375 53.427772045390114 1873
stats: connect 54 118.30200195312499 401.455901720132 2009.801025390625 0.997802734375 2.855965886091321 193
stats: page 53 287.0526376400354 505.03536362215675 5541.81396484375 24.60693359375 518.8940417037727 193
stats: 302 180 761
stats: 200 337 1629
stats: size_rcv 11904946 57893959
stats: newphase 1 2
stats: size_sent 194188 903036
stats: connected 0 11
# stats: dump at 1448402868
stats: users 13 19
stats: {freemem,"tsung_controller@ip-172-30-3-45"} 1 3167.20703125 0.0 3173.0390625 3166.796875 3169.1897321428573 7
stats: {load,"tsung_controller@ip-172-30-3-45"} 1 0.0 0.0 0.0 0.0 0.0 7
stats: {recvpackets,"tsung_controller@ip-172-30-3-45"} 1 9411.0 0.0 9734 2133 5910.0 6
stats: {sentpackets,"tsung_controller@ip-172-30-3-45"} 1 4039.0 0.0 4103 1129 2665.0 6
stats: {cpu,"tsung_controller@ip-172-30-3-45"} 1 3.956478733926805 0.0 6.19118882022351 1.9723865877712032 3.5646352507982706 7
stats: session 23 6699.893682065217 7603.325306419486 34496.588134765625 603.22607421875 6003.409879557292 75
stats: users_count 25 111
stats: finish_users_count 23 98
stats: request 703 24.74003607585793 84.41495403920159 5464.0478515625 1.337158203125 49.01906176451362 2390
stats: connect 72 2.3196885850694446 1.7678346394572113 2009.801025390625 0.997802734375 28.095180248924592 247
stats: page 73 264.53193560038517 734.663456834978 6360.083984375 24.60693359375 468.9444709095528 246
stats: 302 223 984
stats: 200 480 2109
stats: size_rcv 17224906 75118865
stats: newphase 0 2
stats: size_sent 263713 1166749
stats: connected 3 14
# stats: dump at 1448402878
stats: users 16 24
stats: {freemem,"tsung_controller@ip-172-30-3-45"} 1 3166.5703125 0.0 3173.0390625 3166.5703125 3168.94189453125 8
stats: {load,"tsung_controller@ip-172-30-3-45"} 1 0.0 0.0 0.0 0.0 0.0 8
stats: {recvpackets,"tsung_controller@ip-172-30-3-45"} 1 11878.0 0.0 11878 2133 6410.142857142857 7
stats: {sentpackets,"tsung_controller@ip-172-30-3-45"} 1 5343.0 0.0 5343 1129 2861.285714285714 7
stats: {cpu,"tsung_controller@ip-172-30-3-45"} 1 5.31496062992126 0.0 6.19118882022351 1.9723865877712032 3.613615686189337 8
stats: session 16 8954.936325073242 6783.303044360735 34496.588134765625 586.76611328125 6166.870363819356 98
stats: users_count 19 130
stats: finish_users_count 16 114
stats: request 533 17.11023705001172 32.13506022130193 5464.0478515625 1.337158203125 43.50074457759964 3093
stats: connect 55 2.0735884232954547 0.6203943583182427 2009.801025390625 0.997802734375 22.277514418838162 319
stats: page 55 166.2087713068181 142.56724987053505 6360.083984375 24.60693359375 422.1666806977371 319
stats: 302 172 1156
stats: 200 361 2470
stats: size_rcv 12874468 87993333
stats: newphase 0 2
stats: size_sent 200558 1367307
stats: connected 2 16
# stats: dump at 1448402888
stats: users 30 34
stats: {freemem,"tsung_controller@ip-172-30-3-45"} 1 3166.6953125 0.0 3173.0390625 3166.5703125 3168.6783854166665 9
stats: {load,"tsung_controller@ip-172-30-3-45"} 1 0.0 0.0 0.0 0.0 0.0 9
stats: {recvpackets,"tsung_controller@ip-172-30-3-45"} 1 9468.0 0.0 11878 2133 7093.625 8
stats: {sentpackets,"tsung_controller@ip-172-30-3-45"} 1 3751.0 0.0 5343 1129 3171.5 8
stats: {cpu,"tsung_controller@ip-172-30-3-45"} 1 3.956478733926805 0.0 6.19118882022351 1.9723865877712032 3.8026540132706623 9
stats: session 31 6528.708125945061 5802.913650641713 34496.588134765625 567.830078125 6558.177867153235 114
stats: users_count 45 175
stats: finish_users_count 31 145
stats: request 1112 22.1660641457537 45.22412054093361 5464.0478515625 1.337158203125 39.62150008995365 3626
stats: connect 119 3.1351061909138656 5.109923522436892 2009.801025390625 0.997802734375 19.306348831258354 374
stats: page 113 214.9407753733407 211.7509041057058 6360.083984375 24.60693359375 384.52581166966075 374
stats: 302 303 1459
stats: 200 809 3279
stats: size_rcv 28634378 116627711
stats: newphase 1 3
stats: size_sent 436248 1803555
stats: connected 16 32
# stats: dump at 1448402898
stats: users 41 42
stats: {freemem,"tsung_controller@ip-172-30-3-45"} 1 3161.83203125 0.0 3173.0390625 3161.83203125 3168.480078125 10
stats: {load,"tsung_controller@ip-172-30-3-45"} 1 0.0 0.0 0.0 0.0 0.0 10
stats: {recvpackets,"tsung_controller@ip-172-30-3-45"} 1 23847.0 0.0 23847 2133 7357.444444444444 9
stats: {sentpackets,"tsung_controller@ip-172-30-3-45"} 1 9707.0 0.0 9707 1129 3235.8888888888887 9
stats: {cpu,"tsung_controller@ip-172-30-3-45"} 1 7.960199004975125 0.0 7.960199004975125 1.9723865877712032 3.8180364853362767 10
stats: session 23 6502.66310716712 5068.446290901105 34496.588134765625 567.830078125 6551.877439722522 145
stats: users_count 34 209
stats: finish_users_count 23 168
stats: request 931 19.255086306726614 37.40140768692281 5464.0478515625 1.337158203125 35.52474095741876 4738
stats: connect 92 2.4800972316576084 1.454842574471411 2009.801025390625 0.997802734375 15.402945435313134 493
stats: page 97 185.49788075869841 156.87486170863014 6360.083984375 24.60693359375 345.1765116666132 487
stats: 302 262 1721
stats: 200 670 3949
stats: size_rcv 23843802 140471513
stats: newphase 0 3
stats: size_sent 352331 2155886
stats: connected 9 41
# stats: dump at 1448402908
stats: users 24 43
stats: {freemem,"tsung_controller@ip-172-30-3-45"} 1 3159.46875 0.0 3173.0390625 3159.46875 3167.8757102272725 11
stats: {load,"tsung_controller@ip-172-30-3-45"} 1 0.0 0.0 0.0 0.0 0.0 11
stats: {recvpackets,"tsung_controller@ip-172-30-3-45"} 1 17511.0 0.0 23847 2133 9006.4 10
stats: {sentpackets,"tsung_controller@ip-172-30-3-45"} 1 7250.0 0.0 9707 1129 3883.0 10
stats: {cpu,"tsung_controller@ip-172-30-3-45"} 1 6.620553359683795 0.0 7.960199004975125 1.9723865877712032 4.194596714394354 11
stats: session 51 9149.680644914215 7361.879432358499 34496.588134765625 567.830078125 6545.139763241723 168
stats: users_count 34 243
stats: finish_users_count 51 219
stats: request 1142 16.698017928729737 33.300407212571095 5464.0478515625 1.337158203125 32.852832599719974 5669
stats: connect 118 2.324051161943856 1.4789508533017126 2009.801025390625 0.997802734375 13.370634264823718 585
stats: page 119 163.83600109965857 164.94646812504328 6360.083984375 24.60693359375 318.65454728636024 584
stats: 302 492 2213
stats: 200 649 4598
stats: size_rcv 23576606 164048119
stats: newphase 0 3
stats: size_sent 407352 2563238
stats: connected -18 23
# stats: dump at 1448402918
stats: users 25 43
stats: {freemem,"tsung_controller@ip-172-30-3-45"} 1 3162.359375 0.0 3173.0390625 3159.46875 3167.1751302083335 12
stats: {load,"tsung_controller@ip-172-30-3-45"} 1 0.0 0.0 0.0 0.0 0.0 12
stats: {recvpackets,"tsung_controller@ip-172-30-3-45"} 1 18014.0 0.0 23847 2133 9779.545454545454 11
stats: {sentpackets,"tsung_controller@ip-172-30-3-45"} 1 7633.0 0.0 9707 1129 4189.090909090909 11
stats: {cpu,"tsung_controller@ip-172-30-3-45"} 1 7.0436507936507935 0.0 7.960199004975125 1.9723865877712032 4.396759768168475 12
stats: session 39 8222.268999148637 7621.8188152501325 34808.60888671875 567.830078125 7151.676680891481 219
stats: users_count 40 283
stats: finish_users_count 39 258
stats: request 1157 17.27674827476775 31.925545784909634 5464.0478515625 1.337158203125 30.14415570142738 6811
stats: connect 120 2.474536132812499 1.4295542641347725 2009.801025390625 0.997802734375 11.51644250644559 703
stats: page 120 167.01114705403646 140.08126039494218 6360.083984375 24.60693359375 292.4477094539029 703
stats: 302 391 2604
stats: 200 766 5364
stats: size_rcv 27296047 191344166
stats: newphase 1 4
stats: size_sent 435454 2998692
stats: connected 2 25
# stats: dump at 1448402928
stats: users 37 43
stats: {freemem,"tsung_controller@ip-172-30-3-45"} 1 3157.01171875 0.0 3173.0390625 3157.01171875 3166.8046875 13
stats: {load,"tsung_controller@ip-172-30-3-45"} 1 0.0 0.0 0.0 0.0 0.0 13
stats: {recvpackets,"tsung_controller@ip-172-30-3-45"} 1 22743.0 0.0 23847 2133 10465.75 12
stats: {sentpackets,"tsung_controller@ip-172-30-3-45"} 1 9611.0 0.0 9707 1129 4476.083333333333 12
stats: {cpu,"tsung_controller@ip-172-30-3-45"} 1 8.7857847976308 0.0 8.7857847976308 1.9723865877712032 4.600366770128653 13
stats: session 51 5177.960932712931 4265.929281661009 34808.60888671875 513.35400390625 7313.510403418726 258
stats: users_count 63 346
stats: finish_users_count 51 309
stats: request 1657 20.44414852236722 41.391640884308785 5464.0478515625 1.337158203125 28.27573321239058 7968
stats: connect 173 2.2657929348807815 1.9650943320135192 2009.801025390625 0.997802734375 10.198060046134568 823
stats: page 170 197.49681755514706 187.48631078487716 6360.083984375 24.60693359375 274.1580527248823 823
stats: 302 517 3121
stats: 200 1140 6504
stats: size_rcv 40496345 231840511
stats: newphase 0 4
stats: size_sent 633464 3632156
stats: connected 13 38
# stats: dump at 1448402938
stats: users 38 51
stats: {freemem,"tsung_controller@ip-172-30-3-45"} 1 3155.85546875 0.0 3173.0390625 3155.85546875 3166.1051897321427 14
stats: {load,"tsung_controller@ip-172-30-3-45"} 1 0.0 0.0 0.0 0.0 0.0 14
stats: {recvpackets,"tsung_controller@ip-172-30-3-45"} 1 31513.0 0.0 31513 2133 11410.153846153846 13
stats: {sentpackets,"tsung_controller@ip-172-30-3-45"} 1 13710.0 0.0 13710 1129 4871.076923076923 13
stats: {cpu,"tsung_controller@ip-172-30-3-45"} 1 10.31031031031031 0.0 10.31031031031031 1.9723865877712032 4.899325200664521 14
stats: session 67 5396.890482888293 4358.765086240164 34808.60888671875 513.35400390625 6961.041073302235 309
stats: users_count 68 414
stats: finish_users_count 67 376
stats: request 2010 21.312258653023935 45.238638520500324 5464.0478515625 1.266845703125 26.927480139001624 9625
stats: connect 206 2.3746314187651705 1.3293373081845066 2009.801025390625 0.997802734375 8.820266662352536 996
stats: page 208 208.1792696439303 190.44010935643732 6360.083984375 24.60693359375 261.0337727864583 993
stats: 302 667 3788
stats: 200 1343 7847
stats: size_rcv 48282553 280123064
stats: newphase 0 4
stats: size_sent 746888 4379044
stats: connected 0 38
# stats: dump at 1448402948
stats: users 55 57
stats: {freemem,"tsung_controller@ip-172-30-3-45"} 1 3150.88671875 0.0 3173.0390625 3150.88671875 3165.421875 15
stats: {load,"tsung_controller@ip-172-30-3-45"} 1 0.0 0.0 0.0 0.0 0.0 15
stats: {recvpackets,"tsung_controller@ip-172-30-3-45"} 1 34646.0 0.0 34646 2133 12846.07142857143 14
stats: {sentpackets,"tsung_controller@ip-172-30-3-45"} 1 14548.0 0.0 14548 1129 5502.428571428572 14
stats: {cpu,"tsung_controller@ip-172-30-3-45"} 1 12.289395441030724 0.0 12.289395441030724 1.9723865877712032 5.260057541307574 15
stats: session 71 5869.025050203565 6108.090338830261 36724.883056640625 513.35400390625 6682.3227500103885 376
stats: users_count 88 502
stats: finish_users_count 71 447
stats: request 2306 32.40092146675801 78.56242254522087 5464.0478515625 1.266845703125 25.95742468676139 11635
stats: connect 240 3.0066487630208325 2.910074085762586 2009.801025390625 0.997802734375 7.7156070448991265 1202
stats: page 240 309.2283823649091 297.4880899367394 6360.083984375 24.60693359375 251.87995375761085 1201
stats: 302 731 4519
stats: 200 1575 9422
stats: size_rcv 55817734 335940798
stats: newphase 1 5
stats: size_sent 883373 5262417
stats: connected 16 54
# stats: dump at 1448402958
stats: users 69 74
stats: {freemem,"tsung_controller@ip-172-30-3-45"} 1 3145.4140625 0.0 3173.0390625 3145.4140625 3164.513427734375 16
stats: {load,"tsung_controller@ip-172-30-3-45"} 1 0.0 0.0 0.0 0.0 0.0 16
stats: {recvpackets,"tsung_controller@ip-172-30-3-45"} 1 48716.0 0.0 48716 2133 14299.4 15
stats: {sentpackets,"tsung_controller@ip-172-30-3-45"} 1 21012.0 0.0 21012 1129 6105.466666666666 15
stats: {cpu,"tsung_controller@ip-172-30-3-45"} 1 16.748768472906402 0.0 16.748768472906402 1.9723865877712032 5.69939116004027 16
stats: session 83 6523.772852150791 6016.587534511773 36724.883056640625 513.35400390625 6553.141236170826 447
stats: users_count 97 599
stats: finish_users_count 83 530
stats: request 2648 32.70766059437547 82.18074719430675 5464.0478515625 1.266845703125 27.02325235871263 13941
stats: connect 279 2.542811239919356 2.649993177902883 2009.801025390625 0.926025390625 6.931869189385402 1442
stats: page 272 289.83057807473546 313.8204299937445 6360.083984375 24.60693359375 261.4313922487639 1441
stats: 302 861 5380
stats: 200 1788 11210
stats: size_rcv 63239619 399180417
stats: newphase 0 5
stats: size_sent 1017042 6279459
stats: connected 15 69
# stats: dump at 1448402968
stats: users 86 86
stats: {freemem,"tsung_controller@ip-172-30-3-45"} 1 3142.72265625 0.0 3173.0390625 3142.72265625 3163.389935661765 17
stats: {load,"tsung_controller@ip-172-30-3-45"} 1 0.0 0.0 0.0 0.0 0.0 17
stats: {recvpackets,"tsung_controller@ip-172-30-3-45"} 1 47554.0 0.0 48716 2133 16450.4375 16
stats: {sentpackets,"tsung_controller@ip-172-30-3-45"} 1 20345.0 0.0 21012 1129 7037.125 16
stats: {cpu,"tsung_controller@ip-172-30-3-45"} 1 15.92039800995025 0.0 16.748768472906402 1.9723865877712032 6.3493545313853375 17
stats: session 90 6751.586311848959 6312.925545512474 40434.50390625 513.35400390625 6548.542036409198 530
stats: users_count 107 706
stats: finish_users_count 90 620
stats: request 2823 38.881068317171575 102.30718256299065 5464.0478515625 1.266845703125 27.930619469933028 16589
stats: connect 296 2.98909532701647 3.721781723156363 2009.801025390625 0.926025390625 6.2203368431326265 1721
stats: page 292 365.6135671955264 389.76449968865296 6360.083984375 24.35009765625 265.9407784394611 1713
stats: 302 916 6296
stats: 200 1907 13117
stats: size_rcv 67582739 466763156
stats: newphase 0 5
stats: size_sent 1075216 7354675
stats: connected 16 85
# stats: dump at 1448402978
stats: users 250 250
stats: {freemem,"tsung_controller@ip-172-30-3-45"} 1 3138.4765625 0.0 3173.0390625 3138.4765625 3162.241753472222 18
stats: {load,"tsung_controller@ip-172-30-3-45"} 1 0.0 0.0 0.0 0.0 0.0 18
stats: {recvpackets,"tsung_controller@ip-172-30-3-45"} 1 55208.0 0.0 55208 2133 18280.058823529413 17
stats: {sentpackets,"tsung_controller@ip-172-30-3-45"} 1 23550.0 0.0 23550 1129 7819.941176470588 17
stats: {cpu,"tsung_controller@ip-172-30-3-45"} 1 19.94076999012833 0.0 19.94076999012833 1.9723865877712032 6.881079169083388 18
stats: session 50 7643.716098632813 5188.632803921239 40434.50390625 513.35400390625 6578.0162054246475 620
stats: users_count 214 920
stats: finish_users_count 50 670
stats: request 3383 209.05443924586186 404.3067260532516 5464.0478515625 1.266845703125 29.52309407820391 19412
stats: connect 431 2.5231327490574267 2.288388112277979 2009.801025390625 0.926025390625 5.746143740123017 2017
stats: page 334 1510.5828272653919 1062.9175939012207 7007.928955078125 24.35009765625 280.4567157545589 2005
stats: 302 714 7010
stats: 200 2669 15786
stats: size_rcv 90813930 557577086
stats: newphase 1 6
stats: size_sent 1493428 8848103
stats: connected 165 250
# stats: dump at 1448402988
stats: users 463 463
stats: {freemem,"tsung_controller@ip-172-30-3-45"} 1 3069.22265625 0.0 3173.0390625 3069.22265625 3160.9909539473683 19
stats: {load,"tsung_controller@ip-172-30-3-45"} 1 0.0 0.0 0.0 0.0 0.0 19
stats: {recvpackets,"tsung_controller@ip-172-30-3-45"} 1 74125.0 0.0 74125 2133 20331.61111111111 18
stats: {sentpackets,"tsung_controller@ip-172-30-3-45"} 1 30748.0 0.0 30748 1129 8693.833333333334 18
stats: {cpu,"tsung_controller@ip-172-30-3-45"} 1 24.926686217008797 0.0 24.926686217008797 1.9723865877712032 7.568431317559437 19
stats: session 17 15308.44548483456 4504.601198352444 40434.50390625 513.35400390625 6657.546048201376 670
stats: users_count 230 1150
stats: finish_users_count 17 687
stats: request 3389 679.001331787468 1045.5077056593238 5464.0478515625 1.215087890625 56.16729415287761 22795
stats: connect 482 2.479583866863328 2.1800201593746538 2009.801025390625 0.926025390625 5.178693684097988 2448
stats: page 315 4496.873938957093 1620.1057135673777 12971.5830078125 24.35009765625 456.1138860173285 2339
stats: 302 561 7571
stats: 200 2827 18613
stats: size_rcv 96337311 653914397
stats: newphase 0 6
stats: size_sent 1559087 10407190
stats: connected 213 463
# stats: dump at 1448402998
stats: users 593 605
stats: {freemem,"tsung_controller@ip-172-30-3-45"} 1 2964.37890625 0.0 3173.0390625 2964.37890625 3156.4025390625 20
stats: {load,"tsung_controller@ip-172-30-3-45"} 1 0.0 0.0 0.0 0.0 0.0 20
stats: {recvpackets,"tsung_controller@ip-172-30-3-45"} 1 80961.0 0.0 80961 2133 23162.842105263157 19
stats: {sentpackets,"tsung_controller@ip-172-30-3-45"} 1 33863.0 0.0 33863 1129 9854.578947368422 19
stats: {cpu,"tsung_controller@ip-172-30-3-45"} 1 26.218323586744642 0.0 26.218323586744642 1.9723865877712032 8.436344062531905 20
stats: session 130 18911.996820537854 8324.827494498595 41077.4228515625 513.35400390625 6871.614884333492 687
stats: users_count 260 1410
stats: finish_users_count 130 817
stats: request 7092 536.7964129504394 1255.7959694120284 5464.0478515625 1.215087890625 136.78081972359357 26184
stats: connect 739 4.624858933630763 4.330716741740457 2009.801025390625 0.926025390625 4.734676301194539 2930
stats: page 686 4318.366742993231 4382.193229824153 21197.10107421875 22.4521484375 935.7067332954091 2654
stats: 302 680 8251
stats: 504 1 1
stats: 200 4909 23522
stats: size_rcv 184380988 838295385
stats: newphase 0 6
stats: size_sent 2447188 12854378
stats: connected 138 601
stats: 503 1508 1508
# stats: dump at 1448403008
stats: users 658 670
stats: {freemem,"tsung_controller@ip-172-30-3-45"} 1 2785.25390625 0.0 3173.0390625 2785.25390625 3147.2585565476193 21
stats: {load,"tsung_controller@ip-172-30-3-45"} 1 0.16015625 0.0 0.16015625 0.0 0.0 21
stats: {recvpackets,"tsung_controller@ip-172-30-3-45"} 1 168801.0 0.0 168801 2133 26052.75 20
stats: {sentpackets,"tsung_controller@ip-172-30-3-45"} 1 54986.0 0.0 54986 1129 11055.0 20
stats: {cpu,"tsung_controller@ip-172-30-3-45"} 1 47.85958904109589 0.0 47.85958904109589 1.9723865877712032 9.283104992256321 21
stats: session 291 22114.292018195607 9388.195524418727 53379.154052734375 513.35400390625 8787.465131220355 817
stats: users_count 356 1766
stats: finish_users_count 291 1108
stats: request 10517 456.6651144844734 1027.3826048341639 5464.0478515625 1.215087890625 222.03477414013375 33276
stats: connect 1085 12.995059358798962 11.22466542366402 2009.801025390625 0.8779296875 4.712557185732661 3669
stats: page 1019 4838.857221579059 6004.530405312219 25962.654052734375 22.4521484375 1630.468639478854 3340
stats: 302 1394 9645
stats: 504 0 1
stats: 200 6465 29987
stats: size_rcv 249587843 1087883228
stats: newphase 1 7
stats: size_sent 3329194 16183572
stats: connected 61 662
stats: 503 2657 4165
# stats: dump at 1448403018
stats: users 678 678
stats: {freemem,"tsung_controller@ip-172-30-3-45"} 1 2642.16015625 0.0 3173.0390625 2642.16015625 3130.803799715909 22
stats: {load,"tsung_controller@ip-172-30-3-45"} 1 0.33984375 0.0 0.33984375 0.0 0.007279829545454545 22
stats: {recvpackets,"tsung_controller@ip-172-30-3-45"} 1 201643.0 0.0 201643 2133 32850.28571428572 21
stats: {sentpackets,"tsung_controller@ip-172-30-3-45"} 1 52086.0 0.0 54986 1129 13146.952380952382 21
stats: {cpu,"tsung_controller@ip-172-30-3-45"} 1 59.18686473807663 0.0 59.18686473807663 1.9723865877712032 11.036581539930848 22
stats: session 364 19151.628324068508 9720.28601044748 60255.677978515625 513.35400390625 12287.561362366383 1108
stats: users_count 384 2150
stats: finish_users_count 364 1472
stats: request 11291 396.6894316537712 817.5723956395226 5464.0478515625 1.215087890625 278.38184534789343 43793
stats: connect 1166 14.131365244425385 8.078407112775462 2009.801025390625 0.8779296875 6.60286321387253 4754
stats: page 1171 4144.031049433571 4935.128807252998 25962.654052734375 22.4521484375 2380.491113706913 4359
stats: 302 1696 11341
stats: 504 0 1
stats: 200 6723 36710
stats: size_rcv 256542111 1344425339
stats: newphase 0 7
stats: size_sent 3637498 19821070
stats: connected 7 669
stats: 503 2876 7041
# stats: dump at 1448403028
stats: users 690 691
stats: {freemem,"tsung_controller@ip-172-30-3-45"} 1 2630.0625 0.0 3173.0390625 2630.0625 3109.5584239130435 23
stats: {load,"tsung_controller@ip-172-30-3-45"} 1 0.44140625 0.0 0.44140625 0.0 0.021739130434782608 23
stats: {recvpackets,"tsung_controller@ip-172-30-3-45"} 1 193056.0 0.0 201643 2133 40522.68181818182 22
stats: {sentpackets,"tsung_controller@ip-172-30-3-45"} 1 50430.0 0.0 54986 1129 14916.90909090909 22
stats: {cpu,"tsung_controller@ip-172-30-3-45"} 1 58.99843505477308 0.0 59.18686473807663 1.9723865877712032 13.130072113763275 23
stats: session 368 18400.19353053879 8499.799530330942 60255.677978515625 513.35400390625 13984.925746917725 1472
stats: users_count 380 2530
stats: finish_users_count 368 1840
stats: request 10911 399.70245346224516 821.0293721454029 5464.0478515625 1.215087890625 302.6322802651047 55084
stats: connect 1118 13.342759461650267 7.318387004502246 2009.801025390625 0.8779296875 8.085672904349664 5920
stats: page 1135 3939.961697239811 4265.8772395147125 25962.654052734375 22.4521484375 2753.927870440352 5530
stats: 302 1644 12985
stats: 504 0 1
stats: 200 6445 43155
stats: size_rcv 247730239 1592155578
stats: newphase 0 7
stats: size_sent 3462229 23283299
stats: connected 18 687
stats: 503 2814 9855
# stats: dump at 1448403038
stats: users 426 692
stats: {freemem,"tsung_controller@ip-172-30-3-45"} 1 2621.2421875 0.0 3173.0390625 2621.2421875 3089.5794270833335 24
stats: {load,"tsung_controller@ip-172-30-3-45"} 1 0.6015625 0.0 0.6015625 0.0 0.039225260416666664 24
stats: {recvpackets,"tsung_controller@ip-172-30-3-45"} 1 173905.0 0.0 201643 2133 47154.565217391304 23
stats: {sentpackets,"tsung_controller@ip-172-30-3-45"} 1 45974.0 0.0 54986 1129 16460.956521739132 23
stats: {cpu,"tsung_controller@ip-172-30-3-45"} 1 59.18045705279747 0.0 59.18686473807663 1.9723865877712032 15.041253902972016 24
stats: session 323 19604.309489436204 7930.657212072835 60255.677978515625 513.35400390625 14867.979303641938 1840
stats: users_count 59 2589
stats: finish_users_count 323 2163
stats: request 6485 701.65792295622 943.249227760463 5464.0478515625 1.215087890625 318.6809606159495 65995
stats: connect 595 8.303270253413869 7.27488483110829 2009.801025390625 0.8779296875 8.920771337293978 7038
stats: page 663 6258.048016164101 4928.6913799228905 25962.654052734375 22.4521484375 2955.9006226410097 6665
stats: 302 2325 15310
stats: 504 1 2
stats: 200 3039 46194
stats: size_rcv 119652213 1711807791
stats: newphase 0 7
stats: size_sent 1843259 25126558
stats: connected -252 435
stats: 503 1120 10975
# stats: dump at 1448403048
stats: users 28 692
stats: {freemem,"tsung_controller@ip-172-30-3-45"} 1 3001.765625 0.0 3173.0390625 2621.2421875 3070.8459375 25
stats: {load,"tsung_controller@ip-172-30-3-45"} 1 0.51171875 0.0 0.6015625 0.0 0.06171875 25
stats: {recvpackets,"tsung_controller@ip-172-30-3-45"} 1 40933.0 0.0 201643 2133 52435.833333333336 24
stats: {sentpackets,"tsung_controller@ip-172-30-3-45"} 1 18678.0 0.0 54986 1129 17690.666666666668 24
stats: {cpu,"tsung_controller@ip-172-30-3-45"} 1 25.29296875 0.0 59.18686473807663 1.9723865877712032 16.806822028965033 25
stats: session 398 19034.719846179127 6739.9354396646095 60255.677978515625 513.35400390625 15575.253760420275 2163
stats: users_count 0 2589
stats: finish_users_count 398 2561
stats: request 2349 324.2645314079795 289.39808258630626 5464.0478515625 1.215087890625 352.9470423043691 72480
stats: connect 106 1.9284253390330188 0.4806725089670582 2009.801025390625 0.8779296875 8.872636508929158 7633
stats: page 411 6261.920699442105 4137.084508928801 25962.654052734375 22.4521484375 3254.662047573571 7328
stats: 302 2300 17610
stats: 504 0 2
stats: 200 48 46242
stats: size_rcv 2469467 1714277258
stats: newphase 0 7
stats: size_sent 459383 25585941
stats: connected -407 28
stats: 503 0 10975
# stats: dump at 1448403058
stats: users 5 692
stats: {freemem,"tsung_controller@ip-172-30-3-45"} 1 3008.828125 0.0 3173.0390625 2621.2421875 3068.189002403846 26
stats: {load,"tsung_controller@ip-172-30-3-45"} 1 0.4296875 0.0 0.6015625 0.0 0.0790264423076923 26
stats: {recvpackets,"tsung_controller@ip-172-30-3-45"} 1 1038.0 0.0 201643 1038 51975.72 25
stats: {sentpackets,"tsung_controller@ip-172-30-3-45"} 1 1077.0 0.0 54986 1077 17730.16 25
stats: {cpu,"tsung_controller@ip-172-30-3-45"} 1 3.5467980295566504 0.0 59.18686473807663 1.9723865877712032 17.133212287466378 26
stats: session 23 28280.355723505436 4545.966258646762 60255.677978515625 513.35400390625 16112.882617168429 2561
stats: users_count 0 2589
stats: finish_users_count 23 2584
stats: request 207 10.055254802611719 14.873546448091501 5464.0478515625 1.215087890625 352.04665317588126 74829
stats: connect 23 2.271070397418478 1.6140077100607833 2009.801025390625 0.8779296875 8.777522620311895 7739
stats: page 23 90.89463739809784 42.81526241886767 25962.654052734375 22.4521484375 3414.3704473562257 7739
stats: 302 207 17817
stats: 504 0 2
stats: 200 0 46242
stats: size_rcv 119675 1714396933
stats: newphase 0 7
stats: size_sent 52546 25638487
stats: connected -23 5
stats: 503 0 10975
# stats: dump at 1448403068
stats: users 2 692
stats: {freemem,"tsung_controller@ip-172-30-3-45"} 1 3012.32421875 0.0 3173.0390625 2621.2421875 3065.9904513888887 27
stats: {load,"tsung_controller@ip-172-30-3-45"} 1 0.37109375 0.0 0.6015625 0.0 0.0920138888888889 27
stats: {recvpackets,"tsung_controller@ip-172-30-3-45"} 1 229.0 0.0 201643 229 50016.57692307692 26
stats: {sentpackets,"tsung_controller@ip-172-30-3-45"} 1 250.0 0.0 54986 250 17089.653846153848 26
stats: {cpu,"tsung_controller@ip-172-30-3-45"} 1 1.383399209486166 0.0 59.18686473807663 1.383399209486166 16.63001175939565 27
stats: session 3 35381.52970377604 3419.6515473200825 60255.677978515625 513.35400390625 16221.184428873441 2584
stats: users_count 0 2589
stats: finish_users_count 3 2587
stats: request 27 12.22413917824074 10.299634399814462 5464.0478515625 1.215087890625 351.1032097692062 75036
stats: connect 3 2.1396484375 0.287744835249052 2009.801025390625 0.8779296875 8.758243001511774 7762
stats: page 3 110.51668294270833 37.0599380314935 25962.654052734375 22.4521484375 3404.5224772932215 7762
stats: 302 27 17844
stats: 504 0 2
stats: 200 0 46242
stats: size_rcv 16041 1714412974
stats: newphase 0 7
stats: size_sent 7609 25646096
stats: connected -3 2
stats: 503 0 10975
# stats: dump at 1448403070
stats: users 0 692
stats: {freemem,"tsung_controller@ip-172-30-3-45"} 0 0 0 3173.0390625 2621.2421875 3064.073800223214 28
stats: {load,"tsung_controller@ip-172-30-3-45"} 0 0 0 0.6015625 0.0 0.10198102678571429 28
stats: {recvpackets,"tsung_controller@ip-172-30-3-45"} 0 0 0 201643 229 48172.59259259259 27
stats: {sentpackets,"tsung_controller@ip-172-30-3-45"} 0 0 0 54986 250 16465.962962962964 27
stats: {cpu,"tsung_controller@ip-172-30-3-45"} 0 0 0 59.18686473807663 1.383399209486166 16.085489882613167 28
stats: session 2 45996.94140625 5189.96044921875 60255.677978515625 513.35400390625 16243.403615508425 2587
stats: users_count 0 2589
stats: finish_users_count 2 2589
stats: request 18 8.942803276909721 3.2138564532215357 5464.0478515625 1.215087890625 350.981315694816 75063
stats: connect 2 1.9215087890625 0.1156005859375 2009.801025390625 0.8779296875 8.755685914107778 7765
stats: page 2 80.8680419921875 7.5469970703125 25962.654052734375 22.4521484375 3403.2498414422166 7765
stats: 302 18 17862
stats: 504 0 2
stats: 200 0 46242
stats: size_rcv 9766 1714422740
stats: newphase 0 7
stats: size_sent 3812 25649908
stats: connected -2 0
stats: 503 0 10975
EndMonitor:{1448,403070,413728}
