# stats: dump at 1448468526
stats: users 1 2
stats: {cpu,"tsung_controller@ip-172-30-3-249"} 1 8.220140641806614 0 8.220140641806614 8.220140641806614 0 0
stats: {load,"tsung_controller@ip-172-30-3-249"} 1 0.0 0 0.0 0.0 0 0
stats: {freemem,"tsung_controller@ip-172-30-3-249"} 1 3172.33984375 0 3172.33984375 3172.33984375 0 0
stats: session 9 267.63319227430554 69.44897843894867 436.519775390625 199.571044921875 0 0
stats: users_count 10 10
stats: finish_users_count 9 9
stats: request 36 66.08336046006943 68.12181448285115 211.360107421875 1.47021484375 0 0
stats: connect 9 13.369547526041666 34.277287883755285 110.31787109375 0.794921875 0 0
stats: page 27 88.14072446469908 118.11454200295827 416.197998046875 1.47021484375 0 0
stats: 302 9 9
stats: 200 27 27
stats: size_rcv 377275 377275
stats: size_sent 13700 13700
stats: connected 0 0
# stats: dump at 1448468536
stats: users 0 2
stats: {recvpackets,"tsung_controller@ip-172-30-3-249"} 1 416 0 416 416 0 0
stats: {sentpackets,"tsung_controller@ip-172-30-3-249"} 1 215 0 215 215 0 0
stats: {cpu,"tsung_controller@ip-172-30-3-249"} 1 2.923976608187134 0.0 8.220140641806614 2.923976608187134 8.220140641806614 1
stats: {load,"tsung_controller@ip-172-30-3-249"} 1 0.0 0.0 0.0 0.0 0.0 1
stats: {freemem,"tsung_controller@ip-172-30-3-249"} 1 3171.8046875 0.0 3172.33984375 3171.8046875 3172.33984375 1
stats: session 9 228.63072374131946 31.729305659251047 436.519775390625 198.8349609375 267.63319227430554 9
stats: users_count 8 18
stats: finish_users_count 9 18
stats: request 36 56.484096950954864 57.22578960702973 211.360107421875 1.47021484375 66.08336046006943 36
stats: connect 9 1.0993381076388888 0.2591764659103419 110.31787109375 0.794921875 13.369547526041666 9
stats: page 27 75.34240270543981 99.84690902072099 416.197998046875 1.47021484375 88.14072446469908 27
stats: 302 9 18
stats: 200 27 54
stats: size_rcv 376709 753984
stats: size_sent 13738 27438
stats: connected 0 0
# stats: dump at 1448468546
stats: users 0 2
stats: {recvpackets,"tsung_controller@ip-172-30-3-249"} 1 386.0 0.0 416 386 416.0 1
stats: {sentpackets,"tsung_controller@ip-172-30-3-249"} 1 183.0 0.0 215 183 215.0 1
stats: {cpu,"tsung_controller@ip-172-30-3-249"} 1 1.3738959764474974 0.0 8.220140641806614 1.3738959764474974 5.572058624996874 2
stats: {load,"tsung_controller@ip-172-30-3-249"} 1 0.0 0.0 0.0 0.0 0.0 2
stats: {freemem,"tsung_controller@ip-172-30-3-249"} 1 3171.68359375 0.0 3172.33984375 3171.68359375 3172.072265625 2
stats: session 9 238.41937934027777 44.63096552729351 436.519775390625 167.4228515625 248.1319580078125 18
stats: users_count 9 27
stats: finish_users_count 9 27
stats: request 34 54.114875344669116 61.47658044290875 211.360107421875 1.47021484375 61.283728705512154 72
stats: connect 9 1.1494140625 0.2819015115289098 110.31787109375 0.794921875 7.234442816840278 18
stats: page 26 70.79382324218749 102.45158892413977 416.197998046875 1.47021484375 81.74156358506944 54
stats: 302 8 26
stats: 200 26 80
stats: size_rcv 260902 1014886
stats: size_sent 13223 40661
stats: connected 1 1
# stats: dump at 1448468556
stats: users 2 2
stats: {recvpackets,"tsung_controller@ip-172-30-3-249"} 1 288.0 0.0 416 288 401.0 2
stats: {sentpackets,"tsung_controller@ip-172-30-3-249"} 1 154.0 0.0 215 154 199.0 2
stats: {cpu,"tsung_controller@ip-172-30-3-249"} 1 1.3618677042801557 0.0 8.220140641806614 1.3618677042801557 4.172671075480415 3
stats: {load,"tsung_controller@ip-172-30-3-249"} 1 0.0 0.0 0.0 0.0 0.0 3
stats: {freemem,"tsung_controller@ip-172-30-3-249"} 1 3171.734375 0.0 3172.33984375 3171.68359375 3171.9427083333335 3
stats: session 18 233.29405381944446 41.18593254832565 436.519775390625 159.52294921875 244.89443178530092 27
stats: users_count 20 47
stats: finish_users_count 18 45
stats: request 71 57.57450071522887 63.53396900265849 211.360107421875 1.47021484375 58.984285174675705 106
stats: connect 18 1.2376166449652777 0.2677684123480968 110.31787109375 0.794921875 5.206099898726852 27
stats: page 53 75.73163878242924 106.3454071392875 416.197998046875 1.47021484375 78.18354797363281 80
stats: 302 18 44
stats: 200 53 133
stats: size_rcv 622759 1637645
stats: newphase 1 1
stats: size_sent 27540 68201
stats: connected 1 2
# stats: dump at 1448468566
stats: users 2 2
stats: {recvpackets,"tsung_controller@ip-172-30-3-249"} 1 742.0 0.0 742 288 363.3333333333333 3
stats: {sentpackets,"tsung_controller@ip-172-30-3-249"} 1 373.0 0.0 373 154 184.0 3
stats: {cpu,"tsung_controller@ip-172-30-3-249"} 1 2.131782945736434 0.0 8.220140641806614 1.3618677042801557 3.46997023268035 4
stats: {load,"tsung_controller@ip-172-30-3-249"} 1 0.0 0.0 0.0 0.0 0.0 4
stats: {freemem,"tsung_controller@ip-172-30-3-249"} 1 3171.77734375 0.0 3172.33984375 3171.68359375 3171.890625 4
stats: session 20 239.22711181640625 53.37841632052187 436.519775390625 153.837890625 240.25428059895833 45
stats: users_count 20 67
stats: finish_users_count 20 65
stats: request 83 61.28601515436747 67.40003857957232 263.677978515625 1.39111328125 58.41877841410664 177
stats: connect 20 1.4535888671875 1.0587604430876012 110.31787109375 0.75390625 3.6187065972222223 45
stats: page 62 83.29269704511088 111.29672506079604 416.197998046875 1.39111328125 77.20647137864192 133
stats: 302 21 65
stats: 200 62 195
stats: size_rcv 740622 2378267
stats: newphase 0 1
stats: size_sent 31029 99230
stats: connected -2 0
# stats: dump at 1448468576
stats: users 0 2
stats: {recvpackets,"tsung_controller@ip-172-30-3-249"} 1 775.0 0.0 775 288 458.0 4
stats: {sentpackets,"tsung_controller@ip-172-30-3-249"} 1 404.0 0.0 404 154 231.25 4
stats: {cpu,"tsung_controller@ip-172-30-3-249"} 1 2.0368574199806013 0.0 8.220140641806614 1.3618677042801557 3.202332775291567 5
stats: {load,"tsung_controller@ip-172-30-3-249"} 1 0.0 0.0 0.0 0.0 0.0 5
stats: {freemem,"tsung_controller@ip-172-30-3-249"} 1 3171.42578125 0.0 3172.33984375 3171.42578125 3171.86796875 5
stats: session 9 220.50279405381946 42.76529949497984 436.519775390625 153.837890625 239.93822866586538 65
stats: users_count 7 74
stats: finish_users_count 9 74
stats: request 36 54.55468071831597 58.239635444236576 263.677978515625 1.39111328125 59.334088604266825 260
stats: connect 9 1.2923719618055556 0.3338627209831806 110.31787109375 0.75390625 2.9525165264423077 65
stats: page 27 72.76871744791667 99.57376498570562 416.197998046875 1.39111328125 79.1415790264423 195
stats: 302 9 74
stats: 200 27 222
stats: size_rcv 295168 2673435
stats: newphase 0 1
stats: size_sent 13711 112941
stats: connected 0 0
# stats: dump at 1448468586
stats: users 0 3
stats: {recvpackets,"tsung_controller@ip-172-30-3-249"} 1 181.0 0.0 775 181 521.4 5
stats: {sentpackets,"tsung_controller@ip-172-30-3-249"} 1 96.0 0.0 404 96 265.8 5
stats: {cpu,"tsung_controller@ip-172-30-3-249"} 1 1.0816125860373649 0.0 8.220140641806614 1.0816125860373649 3.0080868827397396 6
stats: {load,"tsung_controller@ip-172-30-3-249"} 1 0.0 0.0 0.0 0.0 0.0 6
stats: {freemem,"tsung_controller@ip-172-30-3-249"} 1 3171.66796875 0.0 3172.33984375 3171.42578125 3171.7942708333335 6
stats: session 15 240.98082682291667 48.41024310824595 436.519775390625 153.837890625 237.57445959142737 74
stats: users_count 15 89
stats: finish_users_count 15 89
stats: request 60 59.61636555989584 63.4272851651837 263.677978515625 1.35400390625 58.752809266786315 296
stats: connect 15 1.2244303385416666 0.8935294035418926 110.31787109375 0.672119140625 2.750607052364865 74
stats: page 45 79.51570638020833 109.24969238739392 416.197998046875 1.35400390625 78.36650126689189 222
stats: 302 15 89
stats: 200 45 267
stats: size_rcv 534773 3208208
stats: newphase 1 2
stats: size_sent 22882 135823
stats: connected 0 0
# stats: dump at 1448468596
stats: users 0 4
stats: {recvpackets,"tsung_controller@ip-172-30-3-249"} 1 771.0 0.0 775 181 464.6666666666667 6
stats: {sentpackets,"tsung_controller@ip-172-30-3-249"} 1 417.0 0.0 417 96 237.5 6
stats: {cpu,"tsung_controller@ip-172-30-3-249"} 1 2.318840579710145 0.0 8.220140641806614 1.0816125860373649 2.7328762689251147 7
stats: {load,"tsung_controller@ip-172-30-3-249"} 1 0.0 0.0 0.0 0.0 0.0 7
stats: {freemem,"tsung_controller@ip-172-30-3-249"} 1 3170.87109375 0.0 3172.33984375 3170.87109375 3171.7762276785716 7
stats: session 17 252.78479721966912 50.817661616523566 436.519775390625 153.837890625 238.14856642819524 89
stats: users_count 17 106
stats: finish_users_count 17 106
stats: request 68 62.57174144071693 70.36028072111266 308.47705078125 1.273193359375 58.898352462254216 356
stats: connect 17 1.7074620863970589 1.3587006772919572 110.31787109375 0.658935546875 2.493386257900281 89
stats: page 51 83.45788813572304 115.33911129700562 416.197998046875 1.273193359375 78.56018752194522 267
stats: 302 17 106
stats: 200 51 318
stats: size_rcv 617701 3825909
stats: newphase 0 2
stats: size_sent 25965 161788
stats: connected 0 0
# stats: dump at 1448468606
stats: users 0 4
stats: {recvpackets,"tsung_controller@ip-172-30-3-249"} 1 533.0 0.0 775 181 508.42857142857144 7
stats: {sentpackets,"tsung_controller@ip-172-30-3-249"} 1 268.0 0.0 417 96 263.14285714285717 7
stats: {cpu,"tsung_controller@ip-172-30-3-249"} 1 1.7458777885548011 0.0 8.220140641806614 1.0816125860373649 2.6811218077732435 8
stats: {load,"tsung_controller@ip-172-30-3-249"} 1 0.0 0.0 0.0 0.0 0.0 8
stats: {freemem,"tsung_controller@ip-172-30-3-249"} 1 3171.52734375 0.0 3172.33984375 3170.87109375 3171.6630859375 8
stats: session 22 226.41246448863637 38.7563786883399 436.519775390625 153.837890625 240.4958864607901 106
stats: users_count 22 128
stats: finish_users_count 22 128
stats: request 88 56.02583174272017 59.288875339493295 308.47705078125 1.273193359375 59.487480883328416 424
stats: connect 22 2.1844593394886362 1.4253813295112323 110.31787109375 0.658935546875 2.3673418153007075 106
stats: page 66 74.73126035748109 101.47973336975113 416.197998046875 1.273193359375 79.34566780906053 318
stats: 302 22 128
stats: 200 66 384
stats: size_rcv 846451 4672360
stats: newphase 0 2
stats: size_sent 33517 195305
stats: connected 0 0
# stats: dump at 1448468616
stats: users 0 4
stats: {recvpackets,"tsung_controller@ip-172-30-3-249"} 1 815.0 0.0 815 181 511.5 8
stats: {sentpackets,"tsung_controller@ip-172-30-3-249"} 1 391.0 0.0 417 96 263.75 8
stats: {cpu,"tsung_controller@ip-172-30-3-249"} 1 1.7424975798644726 0.0 8.220140641806614 1.0816125860373649 2.577205805637861 9
stats: {load,"tsung_controller@ip-172-30-3-249"} 1 0.0 0.0 0.0 0.0 0.0 9
stats: {freemem,"tsung_controller@ip-172-30-3-249"} 1 3171.7109375 0.0 3172.33984375 3170.87109375 3171.648003472222 9
stats: session 24 225.75142415364584 30.785641217718084 436.519775390625 153.837890625 238.07529830932617 128
stats: users_count 24 152
stats: finish_users_count 24 152
stats: request 94 53.73076223819814 56.94871861690577 308.47705078125 1.273193359375 58.89250993728638 512
stats: connect 24 1.3360087076822917 0.7811235436112378 110.31787109375 0.658935546875 2.335908889770508 128
stats: page 70 69.98033970424106 98.54370671474587 416.197998046875 1.273193359375 78.55256652832031 384
stats: 302 24 152
stats: 200 70 454
stats: size_rcv 893496 5565856
stats: newphase 1 3
stats: size_sent 36619 231924
stats: connected 2 2
# stats: dump at 1448468626
stats: users 1 6
stats: {recvpackets,"tsung_controller@ip-172-30-3-249"} 1 1290.0 0.0 1290 181 545.2222222222222 9
stats: {sentpackets,"tsung_controller@ip-172-30-3-249"} 1 597.0 0.0 597 96 277.8888888888889 9
stats: {cpu,"tsung_controller@ip-172-30-3-249"} 1 1.932367149758454 0.0 8.220140641806614 1.0816125860373649 2.493734983060522 10
stats: {load,"tsung_controller@ip-172-30-3-249"} 1 0.0 0.0 0.0 0.0 0.0 10
stats: {freemem,"tsung_controller@ip-172-30-3-249"} 1 3170.8671875 0.0 3172.33984375 3170.8671875 3171.654296875 10
stats: session 51 269.78503178615193 96.5227093894381 569.77880859375 153.837890625 236.1294234426398 152
stats: users_count 52 204
stats: finish_users_count 51 203
stats: request 206 67.71533084610134 79.81020281895091 382.93212890625 1.273193359375 58.091842802444305 606
stats: connect 51 1.2912549785539218 0.8185302214577851 110.31787109375 0.658935546875 2.178029913651316 152
stats: page 155 91.01908707157259 128.848151659012 521.9140625 1.273193359375 77.23085754663408 454
stats: 302 51 203
stats: 200 155 609
stats: size_rcv 1959655 7525511
stats: newphase 0 3
stats: size_sent 77885 309809
stats: connected -2 0
# stats: dump at 1448468636
stats: users 1 6
stats: {recvpackets,"tsung_controller@ip-172-30-3-249"} 1 1967.0 0.0 1967 181 619.7 10
stats: {sentpackets,"tsung_controller@ip-172-30-3-249"} 1 1038.0 0.0 1038 96 309.8 10
stats: {cpu,"tsung_controller@ip-172-30-3-249"} 1 3.5984848484848486 0.0 8.220140641806614 1.0816125860373649 2.442701543669425 11
stats: {load,"tsung_controller@ip-172-30-3-249"} 1 0.0 0.0 0.0 0.0 0.0 11
stats: {freemem,"tsung_controller@ip-172-30-3-249"} 1 3170.453125 0.0 3172.33984375 3170.453125 3171.5827414772725 11
stats: session 33 234.65604285037878 56.17080253120748 569.77880859375 153.837890625 244.58477332204433 203
stats: users_count 33 237
stats: finish_users_count 33 236
stats: request 132 58.05335212476326 65.00011688903155 382.93212890625 1.273193359375 60.53326957214055 812
stats: connect 33 1.5586307410037878 0.9758226643874599 110.31787109375 0.658935546875 1.9552440925184729 203
stats: page 99 77.43594144570704 108.13327815388466 521.9140625 1.273193359375 80.74017704805522 609
stats: 302 33 236
stats: 200 99 708
stats: size_rcv 1141907 8667418
stats: newphase 0 3
stats: size_sent 50347 360156
stats: connected 0 0
# stats: dump at 1448468646
stats: users 3 8
stats: {recvpackets,"tsung_controller@ip-172-30-3-249"} 1 1583.0 0.0 1967 181 742.1818181818181 11
stats: {sentpackets,"tsung_controller@ip-172-30-3-249"} 1 850.0 0.0 1038 96 376.0 11
stats: {cpu,"tsung_controller@ip-172-30-3-249"} 1 2.387774594078319 0.0 8.220140641806614 1.0816125860373649 2.5390168190707105 12
stats: {load,"tsung_controller@ip-172-30-3-249"} 1 0.0 0.0 0.0 0.0 0.0 12
stats: {freemem,"tsung_controller@ip-172-30-3-249"} 1 3169.54296875 0.0 3172.33984375 3169.54296875 3171.4886067708335 12
stats: session 61 340.5597344070184 109.65664709903605 627.5859375 153.837890625 243.19643389168434 236
stats: users_count 63 300
stats: finish_users_count 61 297
stats: request 247 83.5346047096407 103.87434411895407 510.1748046875 1.273193359375 60.18650145449881 944
stats: connect 63 1.4634486607142858 1.1858631957497532 110.31787109375 0.631103515625 1.8997854459083687 236
stats: page 186 110.95807606686827 161.82098787624616 615.044921875 1.273193359375 80.27814410365907 708
stats: 302 61 297
stats: 200 186 894
stats: size_rcv 2273982 10941400
stats: newphase 1 4
stats: size_sent 94433 454589
stats: connected 2 2
# stats: dump at 1448468656
stats: users 5 8
stats: {recvpackets,"tsung_controller@ip-172-30-3-249"} 1 2580.0 0.0 2580 181 812.25 12
stats: {sentpackets,"tsung_controller@ip-172-30-3-249"} 1 1294.0 0.0 1294 96 415.5 12
stats: {cpu,"tsung_controller@ip-172-30-3-249"} 1 4.119850187265917 0.0 8.220140641806614 1.0816125860373649 2.5273828017636033 13
stats: {load,"tsung_controller@ip-172-30-3-249"} 1 0.0 0.0 0.0 0.0 0.0 13
stats: {freemem,"tsung_controller@ip-172-30-3-249"} 1 3169.12109375 0.0 3172.33984375 3169.12109375 3171.3389423076924 13
stats: session 65 334.1830866887019 106.04753201023277 627.5859375 153.837890625 263.19361009180346 297
stats: users_count 67 367
stats: finish_users_count 65 362
stats: request 268 81.33884441318794 103.78270228660244 510.1748046875 1.273193359375 65.02863537894889 1191
stats: connect 67 1.36328125 1.491056563522198 110.31787109375 0.631103515625 1.8078482637437292 299
stats: page 200 107.88968139648438 159.80582321792986 615.044921875 1.273193359375 86.66121719667575 894
stats: 302 68 365
stats: 200 200 1094
stats: size_rcv 2367444 13308844
stats: newphase 0 4
stats: size_sent 103452 558041
stats: connected 2 4
# stats: dump at 1448468666
stats: users 2 8
stats: {recvpackets,"tsung_controller@ip-172-30-3-249"} 1 2348.0 0.0 2580 181 948.2307692307693 13
stats: {sentpackets,"tsung_controller@ip-172-30-3-249"} 1 1127.0 0.0 1294 96 483.0769230769231 13
stats: {cpu,"tsung_controller@ip-172-30-3-249"} 1 3.3112582781456954 0.0 8.220140641806614 1.0816125860373649 2.6411304721566258 14
stats: {load,"tsung_controller@ip-172-30-3-249"} 1 0.078125 0.0 0.078125 0.0 0.0 14
stats: {freemem,"tsung_controller@ip-172-30-3-249"} 1 3168.87109375 0.0 3172.33984375 3168.87109375 3171.1805245535716 14
stats: session 58 275.7966434873384 71.96427566580053 627.5859375 152.471923828125 275.9403393150034 362
stats: users_count 55 422
stats: finish_users_count 58 420
stats: request 224 69.92325374058316 82.65618883810953 510.1748046875 1.23291015625 68.02461620223612 1459
stats: connect 55 1.588924893465909 1.2336046420018572 110.31787109375 0.60986328125 1.726465777621243 366
stats: page 168 94.18694341750373 130.15271603871955 615.044921875 1.23291015625 90.54210644709781 1094
stats: 302 56 421
stats: 200 168 1262
stats: size_rcv 1985118 15293962
stats: newphase 0 4
stats: size_sent 84603 642644
stats: connected -3 1
# stats: dump at 1448468676
stats: users 5 10
stats: {recvpackets,"tsung_controller@ip-172-30-3-249"} 1 2003.0 0.0 2580 181 1048.2142857142858 14
stats: {sentpackets,"tsung_controller@ip-172-30-3-249"} 1 995.0 0.0 1294 96 529.0714285714286 14
stats: {cpu,"tsung_controller@ip-172-30-3-249"} 1 2.6565464895635675 0.0 8.220140641806614 1.0816125860373649 2.685805659222564 15
stats: {load,"tsung_controller@ip-172-30-3-249"} 1 0.05859375 0.0 0.078125 0.0 0.005208333333333333 15
stats: {freemem,"tsung_controller@ip-172-30-3-249"} 1 3168.81640625 0.0 3172.33984375 3168.81640625 3171.0265625 15
stats: session 71 430.37704252860914 186.4399073534428 880.31396484375 152.471923828125 275.9204956054687 420
stats: users_count 74 496
stats: finish_users_count 71 491
stats: request 295 104.49343303098519 141.4374397725616 634.671875 1.23291015625 68.27731662326389 1683
stats: connect 75 1.2999316406250003 0.747777302146535 110.31787109375 0.60986328125 1.7084972535629455 421
stats: page 221 138.0679539469033 211.09763936651814 856.47900390625 1.23291015625 91.02731453824535 1262
stats: 302 74 495
stats: 200 221 1483
stats: size_rcv 2532206 17826168
stats: newphase 1 5
stats: size_sent 113950 756594
stats: connected 4 5
# stats: dump at 1448468686
stats: users 3 13
stats: {recvpackets,"tsung_controller@ip-172-30-3-249"} 1 3036.0 0.0 3036 181 1111.8666666666666 15
stats: {sentpackets,"tsung_controller@ip-172-30-3-249"} 1 1555.0 0.0 1555 96 560.1333333333333 15
stats: {cpu,"tsung_controller@ip-172-30-3-249"} 1 3.91425908667288 0.0 8.220140641806614 1.0816125860373649 2.6839769611188764 16
stats: {load,"tsung_controller@ip-172-30-3-249"} 1 0.05078125 0.0 0.078125 0.0 0.008544921875 16
stats: {freemem,"tsung_controller@ip-172-30-3-249"} 1 3168.6953125 0.0 3172.33984375 3168.6953125 3170.888427734375 16
stats: session 94 530.0768757272273 264.46242528304595 1283.116943359375 152.471923828125 298.25535269618763 491
stats: users_count 92 588
stats: finish_users_count 94 585
stats: request 368 133.77000294560975 163.11384189704873 830.55810546875 1.216064453125 73.67860799853071 1978
stats: connect 91 1.3544063358516483 0.9599419855763042 110.31787109375 0.60205078125 1.6467181790259577 496
stats: page 276 179.28274049620703 254.9547509056644 1178.469970703125 1.216064453125 98.03741656745196 1483
stats: 302 92 587
stats: 200 276 1759
stats: size_rcv 3370065 21196233
stats: newphase 0 5
stats: size_sent 139535 896129
stats: connected -3 2
# stats: dump at 1448468696
stats: users 3 13
stats: {recvpackets,"tsung_controller@ip-172-30-3-249"} 1 3830.0 0.0 3830 181 1232.125 16
stats: {sentpackets,"tsung_controller@ip-172-30-3-249"} 1 1857.0 0.0 1857 96 622.3125 16
stats: {cpu,"tsung_controller@ip-172-30-3-249"} 1 4.003724394785848 0.0 8.220140641806614 1.0816125860373649 2.7563464979161707 17
stats: {load,"tsung_controller@ip-172-30-3-249"} 1 0.05078125 0.0 0.078125 0.0 0.011029411764705883 17
stats: {freemem,"tsung_controller@ip-172-30-3-249"} 1 3167.82421875 0.0 3172.33984375 3167.82421875 3170.7594209558824 17
stats: session 91 485.586932842548 194.54350916379124 1283.116943359375 152.471923828125 335.50530682425216 585
stats: users_count 91 679
stats: finish_users_count 91 676
stats: request 364 120.22694749098558 148.82148375682945 830.55810546875 1.216064453125 83.10470916669996 2346
stats: connect 92 1.4532497240149456 1.0336549936613726 110.31787109375 0.60205078125 1.6014023736956984 587
stats: page 274 159.7044864849451 227.7632394104069 1178.469970703125 1.216064453125 110.78540372170801 1759
stats: 302 90 677
stats: 200 275 2034
stats: size_rcv 3145542 24341775
stats: newphase 0 5
stats: size_sent 139581 1035710
stats: connected 2 4
# stats: dump at 1448468706
stats: users 99 100
stats: {recvpackets,"tsung_controller@ip-172-30-3-249"} 1 3199.0 0.0 3830 181 1384.9411764705883 17
stats: {sentpackets,"tsung_controller@ip-172-30-3-249"} 1 1631.0 0.0 1857 96 694.9411764705883 17
stats: {cpu,"tsung_controller@ip-172-30-3-249"} 1 4.267161410018553 0.0 8.220140641806614 1.0816125860373649 2.825645269964486 18
stats: {load,"tsung_controller@ip-172-30-3-249"} 1 0.0390625 0.0 0.078125 0.0 0.013237847222222222 18
stats: {freemem,"tsung_controller@ip-172-30-3-249"} 1 3167.65625 0.0 3172.33984375 3167.65625 3170.5963541666665 18
stats: session 95 1459.9633095189138 1111.0804375769487 3914.52490234375 152.471923828125 355.7086026344074 676
stats: users_count 191 870
stats: finish_users_count 95 771
stats: request 541 427.2100579619629 499.1439237088708 1930.380859375 1.216064453125 88.09086959106895 2710
stats: connect 178 1.5683017687851124 1.1929259086854742 110.31787109375 0.60205078125 1.5813286715298234 679
stats: page 414 434.10496159797685 622.910268198777 2921.447021484375 1.216064453125 117.37853145270995 2033
stats: 302 127 804
stats: 200 413 2447
stats: size_rcv 3870429 28212204
stats: newphase 1 6
stats: size_sent 220355 1256065
stats: connected 87 91
# stats: dump at 1448468716
stats: users 105 109
stats: {recvpackets,"tsung_controller@ip-172-30-3-249"} 1 5321.0 0.0 5321 181 1485.7222222222222 18
stats: {sentpackets,"tsung_controller@ip-172-30-3-249"} 1 2965.0 0.0 2965 96 746.9444444444445 18
stats: {cpu,"tsung_controller@ip-172-30-3-249"} 1 7.180851063829788 0.0 8.220140641806614 1.0816125860373649 2.9015145404936473 19
stats: {load,"tsung_controller@ip-172-30-3-249"} 1 0.03125 0.0 0.078125 0.0 0.01459703947368421 19
stats: {freemem,"tsung_controller@ip-172-30-3-249"} 1 3156.45703125 0.0 3172.33984375 3156.45703125 3170.4416118421054 19
stats: session 231 3481.0739957470914 3583.7850041461943 9461.140869140625 5.27197265625 491.77111515584465 771
stats: users_count 237 1107
stats: finish_users_count 231 1002
stats: request 920 978.141673477836 1322.8694994880286 3935.575927734375 0.60107421875 144.52380742824323 3251
stats: connect 241 1.5932657708765559 1.4537685451470737 110.31787109375 0.60205078125 1.5786229671091014 857
stats: page 693 1219.18754403691 1912.894728959524 6310.662841796875 0.64990234375 170.9644497527265 2447
stats: 302 116 920
stats: 200 459 2906
stats: size_rcv 4829819 33042023
stats: newphase 0 6
stats: size_sent 260933 1516998
stats: connected 15 106
stats: 503 345 345
# stats: dump at 1448468726
stats: users 106 109
stats: {recvpackets,"tsung_controller@ip-172-30-3-249"} 1 5749.0 0.0 5749 181 1687.578947368421 19
stats: {sentpackets,"tsung_controller@ip-172-30-3-249"} 1 3494.0 0.0 3494 96 863.6842105263158 19
stats: {cpu,"tsung_controller@ip-172-30-3-249"} 1 9.24956369982548 0.0 9.24956369982548 1.0816125860373649 3.115481366660455 20
stats: {load,"tsung_controller@ip-172-30-3-249"} 1 0.03125 0.0 0.078125 0.0 0.0154296875 20
stats: {freemem,"tsung_controller@ip-172-30-3-249"} 1 3152.88671875 0.0 3172.33984375 3152.88671875 3169.7423828125 20
stats: session 261 4083.2278748727867 4487.588058337338 9802.0859375 5.01611328125 1180.921779244246 1002
stats: users_count 262 1369
stats: finish_users_count 261 1263
stats: request 1035 1025.4493673573356 1512.3308253320054 4531.85791015625 0.60107421875 328.3954057896974 4171
stats: connect 260 1.5460965670072115 1.9993800927518046 110.31787109375 0.601806640625 1.5818369158413024 1098
stats: page 782 1378.5188703219908 2308.803298191805 7510.01904296875 0.6259765625 402.30795431926765 3140
stats: 302 117 1037
stats: 200 483 3389
stats: size_rcv 5167871 38209894
stats: newphase 0 6
stats: size_sent 282432 1799430
stats: connected 0 106
stats: 503 435 780
# stats: dump at 1448468736
stats: users 107 110
stats: {recvpackets,"tsung_controller@ip-172-30-3-249"} 1 6307.0 0.0 6307 181 1890.65 20
stats: {sentpackets,"tsung_controller@ip-172-30-3-249"} 1 3792.0 0.0 3792 96 995.2 20
stats: {cpu,"tsung_controller@ip-172-30-3-249"} 1 9.130434782608695 0.0 9.24956369982548 1.0816125860373649 3.407580525382599 21
stats: {load,"tsung_controller@ip-172-30-3-249"} 1 0.01953125 0.0 0.078125 0.0 0.016183035714285716 21
stats: {freemem,"tsung_controller@ip-172-30-3-249"} 1 3151.82421875 0.0 3172.33984375 3151.82421875 3168.9397321428573 21
stats: session 399 2673.9203085839586 4017.8559722490513 9999.992919921875 5.01611328125 1780.6857467494312 1263
stats: users_count 400 1769
stats: finish_users_count 399 1662
stats: request 1564 698.5568850778255 1360.4453558552511 4721.0771484375 0.60107421875 466.9760531624414 5206
stats: connect 391 1.3901448359574808 1.0138217901747233 110.31787109375 0.601806640625 1.5749941391867637 1358
stats: page 1173 913.3112274716281 1995.1702617307587 7510.01904296875 0.6259765625 596.9527621505092 3922
stats: 302 120 1157
stats: 200 606 3995
stats: size_rcv 6071766 44281660
stats: newphase 1 7
stats: size_sent 381654 2181084
stats: connected 0 106
stats: 503 838 1618
# stats: dump at 1448468746
stats: users 106 111
stats: {recvpackets,"tsung_controller@ip-172-30-3-249"} 1 8368.0 0.0 8368 181 2100.9523809523807 21
stats: {sentpackets,"tsung_controller@ip-172-30-3-249"} 1 5960.0 0.0 5960 96 1128.3809523809523 21
stats: {cpu,"tsung_controller@ip-172-30-3-249"} 1 15.11437908496732 0.0 15.11437908496732 1.0816125860373649 3.6677102643474213 22
stats: {load,"tsung_controller@ip-172-30-3-249"} 1 0.01953125 0.0 0.078125 0.0 0.016335227272727276 22
stats: {freemem,"tsung_controller@ip-172-30-3-249"} 1 3151.4609375 0.0 3172.33984375 3151.4609375 3168.1617542613635 22
stats: session 498 2114.047266703529 3519.8372232745137 9999.992919921875 5.01611328125 1995.1265350598865 1662
stats: users_count 497 2266
stats: finish_users_count 498 2160
stats: request 2026 546.6728407171604 1145.4655690413817 4721.0771484375 0.580078125 520.4756722341787 6770
stats: connect 502 1.4725492561005975 1.1200089550195493 110.31787109375 0.56787109375 1.533669909591195 1749
stats: page 1524 739.763099490188 1728.047815542827 7510.01904296875 0.619873046875 669.7866149123683 5095
stats: 302 133 1290
stats: 200 750 4745
stats: size_rcv 6887392 51169052
stats: newphase 0 7
stats: size_sent 493712 2674796
stats: connected 0 106
stats: 503 1143 2761
# stats: dump at 1448468756
stats: users 107 111
stats: {recvpackets,"tsung_controller@ip-172-30-3-249"} 1 8734.0 0.0 8734 181 2385.8181818181815 22
stats: {sentpackets,"tsung_controller@ip-172-30-3-249"} 1 6197.0 0.0 6197 96 1348.0 22
stats: {cpu,"tsung_controller@ip-172-30-3-249"} 1 15.483870967741936 0.0 15.483870967741936 1.0816125860373649 4.165391517417852 23
stats: {load,"tsung_controller@ip-172-30-3-249"} 1 0.171875 0.0 0.171875 0.0 0.0164741847826087 23
stats: {freemem,"tsung_controller@ip-172-30-3-249"} 1 3151.0390625 0.0 3172.33984375 3151.0390625 3167.4356317934785 23
stats: session 469 2253.4204830340486 3715.970378256284 9999.992919921875 5.01611328125 2022.5443704110596 2160
stats: users_count 470 2736
stats: finish_users_count 469 2629
stats: request 1882 551.503548211677 1172.5382401023442 4721.0771484375 0.580078125 526.5097176351019 8796
stats: connect 469 1.3137680736940298 0.8851860771772664 110.31787109375 0.56787109375 1.520039270740782 2251
stats: page 1403 732.0413589531921 1786.1881990673542 7510.01904296875 0.60693359375 685.8984388278535 6619
stats: 302 130 1420
stats: 200 684 5429
stats: size_rcv 6402709 57571761
stats: newphase 0 7
stats: size_sent 446478 3121274
stats: connected 1 107
stats: 503 1068 3829
# stats: dump at 1448468766
stats: users 28 111
stats: {recvpackets,"tsung_controller@ip-172-30-3-249"} 1 8190.0 0.0 8734 181 2661.8260869565215 23
stats: {sentpackets,"tsung_controller@ip-172-30-3-249"} 1 5697.0 0.0 6197 96 1558.8260869565217 23
stats: {cpu,"tsung_controller@ip-172-30-3-249"} 1 13.440405748098055 0.0 15.483870967741936 1.0816125860373649 4.636994827848023 24
stats: {load,"tsung_controller@ip-172-30-3-249"} 1 0.21875 0.0 0.21875 0.0 0.022949218750000003 24
stats: {freemem,"tsung_controller@ip-172-30-3-249"} 1 3150.7421875 0.0 3172.33984375 3150.7421875 3166.75244140625 24
stats: session 228 4539.816621479232 4389.950936205464 9999.992919921875 5.01611328125 2063.7314745647996 2629
stats: users_count 149 2885
stats: finish_users_count 228 2857
stats: request 829 1113.4440602853592 1493.626935528992 4721.0771484375 0.580078125 530.9148861259349 10678
stats: connect 165 1.4512251420454545 1.0048380135885888 110.31787109375 0.56787109375 1.48447265625 2720
stats: page 600 1566.9523046874997 2431.6412075554226 7510.01904296875 0.60693359375 693.968560609934 8022
stats: 302 116 1536
stats: 200 348 5777
stats: size_rcv 4274955 61846716
stats: newphase 0 7
stats: size_sent 215052 3336326
stats: connected -74 33
stats: 503 365 4194
# stats: dump at 1448468770
stats: users 0 111
stats: {recvpackets,"tsung_controller@ip-172-30-3-249"} 1 2603.0 0.0 8734 181 2892.1666666666665 24
stats: {sentpackets,"tsung_controller@ip-172-30-3-249"} 1 984.0 0.0 6197 96 1731.25 24
stats: {cpu,"tsung_controller@ip-172-30-3-249"} 1 2.083333333333333 0.0 15.483870967741936 1.0816125860373649 4.989131264658024 25
stats: {load,"tsung_controller@ip-172-30-3-249"} 1 0.3203125 0.0 0.3203125 0.0 0.030781250000000003 25
stats: {freemem,"tsung_controller@ip-172-30-3-249"} 1 3150.828125 0.0 3172.33984375 3150.7421875 3166.11203125 25
stats: session 28 8929.070216587612 182.64296148249522 9999.992919921875 5.01611328125 2261.3329493623114 2857
stats: users_count 0 2885
stats: finish_users_count 28 2885
stats: request 33 3362.595791903409 155.98203096302151 4721.0771484375 0.580078125 572.8820961179539 11507
stats: connect 0 0 0 110.31787109375 0.56787109375 1.4825711519714038 2885
stats: page 33 5950.255223129735 251.90132400116184 7510.01904296875 0.60693359375 754.7189951316853 8622
stats: 302 0 1536
stats: 200 33 5810
stats: size_rcv 905680 62752396
stats: newphase 0 7
stats: size_sent 0 3336326
stats: connected -33 0
stats: 503 0 4194
EndMonitor:{1448,468770,170697}
