# stats: dump at 1449002561
stats: users 0 1
stats: {cpu,"tsung_controller@ip-172-30-3-206"} 1 1.9865350734822225 0 1.9865350734822225 1.9865350734822225 0 0
stats: {load,"tsung_controller@ip-172-30-3-206"} 1 0.01171875 0 0.01171875 0.01171875 0 0
stats: {freemem,"tsung_controller@ip-172-30-3-206"} 1 6880.05078125 0 6880.05078125 6880.05078125 0 0
stats: session 7 27.949148995535715 25.898115991838427 91.364990234375 16.424072265625 0 0
stats: users_count 7 7
stats: finish_users_count 7 7
stats: request 28 6.3455810546875 12.392860560455476 70.2509765625 1.337158203125 0 0
stats: page 21 8.481015159970237 14.11398587982281 70.2509765625 1.337158203125 0 0
stats: connect 7 10.619489397321429 24.044544097744517 69.51611328125 0.68505859375 0 0
stats: 302 7 7
stats: 200 21 21
stats: size_rcv 102324 102324
stats: size_sent 10559 10559
stats: connected 0 0
# stats: dump at 1449002571
stats: users 0 1
stats: {recvpackets,"tsung_controller@ip-172-30-3-206"} 1 177 0 177 177 0 0
stats: {sentpackets,"tsung_controller@ip-172-30-3-206"} 1 145 0 145 145 0 0
stats: {cpu,"tsung_controller@ip-172-30-3-206"} 1 1.0432190760059614 0.0 1.9865350734822225 1.0432190760059614 1.9865350734822225 1
stats: {load,"tsung_controller@ip-172-30-3-206"} 1 0.01171875 0.0 0.01171875 0.01171875 0.01171875 1
stats: {freemem,"tsung_controller@ip-172-30-3-206"} 1 6879.3828125 0.0 6880.05078125 6879.3828125 6880.05078125 1
stats: session 11 18.779119318181817 2.985505788297277 91.364990234375 15.7861328125 27.949148995535715 7
stats: users_count 11 18
stats: finish_users_count 11 18
stats: request 40 4.150830078125 1.8968196782272906 70.2509765625 0.897216796875 6.3455810546875 28
stats: 302 9 16
stats: connect 10 1.646142578125 2.405381455158496 69.51611328125 0.68505859375 10.619489397321429 7
stats: page 30 5.551944986979167 3.1986606455352593 70.2509765625 1.337158203125 8.481015159970237 21
stats: 200 30 51
stats: size_rcv 146404 248728
stats: size_sent 15107 25666
stats: connected 0 0
stats: 400 1 1
# stats: dump at 1449002581
stats: users 0 2
stats: {recvpackets,"tsung_controller@ip-172-30-3-206"} 1 216.0 0.0 216 177 177.0 1
stats: {sentpackets,"tsung_controller@ip-172-30-3-206"} 1 171.0 0.0 171 145 145.0 1
stats: {cpu,"tsung_controller@ip-172-30-3-206"} 1 0.6458022851465475 0.0 1.9865350734822225 0.6458022851465475 1.514877074744092 2
stats: {load,"tsung_controller@ip-172-30-3-206"} 1 0.01171875 0.0 0.01171875 0.01171875 0.01171875 2
stats: {freemem,"tsung_controller@ip-172-30-3-206"} 1 6879.0703125 0.0 6880.05078125 6879.0703125 6879.716796875 2
stats: session 10 17.9435546875 1.3324555145911092 91.364990234375 15.7861328125 22.34524197048611 18
stats: users_count 10 28
stats: finish_users_count 10 28
stats: request 40 3.917828369140625 1.6923248315312318 70.2509765625 0.897216796875 5.0545510684742645 68
stats: connect 10 0.8088134765625 0.0696887386536959 69.51611328125 0.669921875 5.3410500919117645 17
stats: page 30 5.240242513020834 3.05989551050712 70.2509765625 1.3310546875 6.758032705269608 51
stats: 302 10 26
stats: 200 30 81
stats: size_rcv 146192 394920
stats: size_sent 15089 40755
stats: connected 0 0
stats: 400 0 1
# stats: dump at 1449002591
stats: users 0 2
stats: {recvpackets,"tsung_controller@ip-172-30-3-206"} 1 216.0 0.0 216 177 196.5 2
stats: {sentpackets,"tsung_controller@ip-172-30-3-206"} 1 169.0 0.0 171 145 158.0 2
stats: {cpu,"tsung_controller@ip-172-30-3-206"} 1 0.5961251862891207 0.0 1.9865350734822225 0.5961251862891207 1.2251854782115772 3
stats: {load,"tsung_controller@ip-172-30-3-206"} 1 0.01171875 0.0 0.01171875 0.01171875 0.01171875 3
stats: {freemem,"tsung_controller@ip-172-30-3-206"} 1 6878.69921875 0.0 6880.05078125 6878.69921875 6879.501302083333 3
stats: session 9 17.67670355902778 0.7037992167440013 91.364990234375 15.7861328125 20.773210797991073 28
stats: users_count 9 37
stats: finish_users_count 9 37
stats: request 40 3.865191650390625 1.4754613169968955 70.2509765625 0.897216796875 4.633542661313657 108
stats: connect 10 0.8425048828125 0.09196634759853367 69.51611328125 0.669921875 3.6624439380787037 27
stats: page 30 5.170955403645833 2.9307502864797303 70.2509765625 1.3310546875 6.195888189621914 81
stats: 302 10 36
stats: 200 30 111
stats: size_rcv 146374 541294
stats: newphase 1 1
stats: size_sent 15108 55863
stats: connected 0 0
stats: 400 0 1
# stats: dump at 1449002601
stats: users 0 2
stats: {recvpackets,"tsung_controller@ip-172-30-3-206"} 1 314.0 0.0 314 177 203.0 3
stats: {sentpackets,"tsung_controller@ip-172-30-3-206"} 1 267.0 0.0 267 145 161.66666666666666 3
stats: {cpu,"tsung_controller@ip-172-30-3-206"} 1 0.8924144769459593 0.0 1.9865350734822225 0.5961251862891207 1.067920405230963 4
stats: {load,"tsung_controller@ip-172-30-3-206"} 1 0.01171875 0.0 0.01171875 0.01171875 0.01171875 4
stats: {freemem,"tsung_controller@ip-172-30-3-206"} 1 6878.34765625 0.0 6880.05078125 6878.34765625 6879.30078125 4
stats: session 18 18.37204318576389 1.7543209936210509 91.364990234375 15.7861328125 20.02000633445946 37
stats: users_count 18 55
stats: finish_users_count 18 55
stats: request 72 4.0350307888454875 1.7640762072120895 70.2509765625 0.654052734375 4.425880225929054 148
stats: connect 18 1.1547580295138888 1.3872965219791686 69.51611328125 0.661865234375 2.9002982474662162 37
stats: page 54 5.398053204571757 3.1230796712050934 70.2509765625 1.3310546875 5.918879328547297 111
stats: 302 17 53
stats: 200 54 165
stats: size_rcv 263279 804573
stats: newphase 0 1
stats: size_sent 27239 83102
stats: connected 0 0
stats: 400 1 2
# stats: dump at 1449002611
stats: users 1 2
stats: {recvpackets,"tsung_controller@ip-172-30-3-206"} 1 246.0 0.0 314 177 230.75 4
stats: {sentpackets,"tsung_controller@ip-172-30-3-206"} 1 216.0 0.0 267 145 188.0 4
stats: {cpu,"tsung_controller@ip-172-30-3-206"} 1 0.5964214711729622 0.0 1.9865350734822225 0.5961251862891207 1.0328192195739623 5
stats: {load,"tsung_controller@ip-172-30-3-206"} 1 0.0 0.0 0.01171875 0.0 0.01171875 5
stats: {freemem,"tsung_controller@ip-172-30-3-206"} 1 6878.3671875 0.0 6880.05078125 6878.34765625 6879.11015625 5
stats: session 14 18.3834228515625 1.5408635234484727 91.364990234375 15.7861328125 19.48067294034091 55
stats: users_count 15 70
stats: finish_users_count 14 69
stats: request 56 4.0359104701450885 1.7128146868411394 70.2509765625 0.654052734375 4.297965864701705 220
stats: page 42 5.39933849516369 3.2022345416090787 70.2509765625 1.3310546875 5.748427142518938 165
stats: connect 14 0.8748081752232143 0.07309189720064524 69.51611328125 0.661865234375 2.3290305397727273 55
stats: 302 14 67
stats: 200 42 207
stats: size_rcv 204984 1009557
stats: newphase 0 1
stats: size_sent 21151 104253
stats: connected 0 0
stats: 400 0 2
# stats: dump at 1449002621
stats: users 0 2
stats: {recvpackets,"tsung_controller@ip-172-30-3-206"} 1 354.0 0.0 354 177 233.8 5
stats: {sentpackets,"tsung_controller@ip-172-30-3-206"} 1 306.0 0.0 306 145 193.6 5
stats: {cpu,"tsung_controller@ip-172-30-3-206"} 1 0.69617105917454 0.0 1.9865350734822225 0.5961251862891207 0.960086261507129 6
stats: {load,"tsung_controller@ip-172-30-3-206"} 1 0.0 0.0 0.01171875 0.0 0.009765625 6
stats: {freemem,"tsung_controller@ip-172-30-3-206"} 1 6878.53125 0.0 6880.05078125 6878.34765625 6878.986328125 6
stats: session 25 17.336767578125 1.4852956980295278 91.364990234375 15.7861328125 19.25804248754529 69
stats: users_count 24 94
stats: finish_users_count 25 94
stats: request 92 3.772508704144022 1.6266134280636115 70.2509765625 0.654052734375 4.244795204936595 276
stats: connect 23 0.7776197350543478 0.0990375598519325 69.51611328125 0.635986328125 2.0339709295742754 69
stats: page 69 5.046008123867755 3.127099301618548 70.2509765625 1.319091796875 5.6775975618961345 207
stats: 302 23 90
stats: 200 69 276
stats: size_rcv 336231 1345788
stats: newphase 1 2
stats: size_sent 34709 138962
stats: connected 0 0
stats: 400 0 2
# stats: dump at 1449002631
stats: users 0 2
stats: {recvpackets,"tsung_controller@ip-172-30-3-206"} 1 472.0 0.0 472 177 253.83333333333334 6
stats: {sentpackets,"tsung_controller@ip-172-30-3-206"} 1 402.0 0.0 402 145 212.33333333333334 6
stats: {cpu,"tsung_controller@ip-172-30-3-206"} 1 0.7455268389662028 0.0 1.9865350734822225 0.5961251862891207 0.9223840897453306 7
stats: {load,"tsung_controller@ip-172-30-3-206"} 1 0.0 0.0 0.01171875 0.0 0.008370535714285714 7
stats: {freemem,"tsung_controller@ip-172-30-3-206"} 1 6878.2890625 0.0 6880.05078125 6878.2890625 6878.921316964285 7
stats: session 16 17.641738891601563 1.332946188955519 91.364990234375 15.7861328125 18.747065118018618 94
stats: users_count 16 110
stats: finish_users_count 16 110
stats: request 68 3.8047772575827206 1.5900822231419216 70.2509765625 0.654052734375 4.126723579738452 368
stats: connect 17 0.7619485294117647 0.06435385121839307 69.51611328125 0.635986328125 1.7198831309442935 92
stats: page 51 5.090217141544117 2.990912409865784 70.2509765625 1.304931640625 5.519700202389039 276
stats: 302 17 107
stats: 200 51 327
stats: size_rcv 248440 1594228
stats: newphase 0 2
stats: size_sent 25739 164701
stats: connected 0 0
stats: 400 0 2
# stats: dump at 1449002641
stats: users 0 2
stats: {recvpackets,"tsung_controller@ip-172-30-3-206"} 1 364.0 0.0 472 177 285.0 7
stats: {sentpackets,"tsung_controller@ip-172-30-3-206"} 1 315.0 0.0 402 145 239.42857142857142 7
stats: {cpu,"tsung_controller@ip-172-30-3-206"} 1 0.6461232604373758 0.0 1.9865350734822225 0.5961251862891207 0.9002769333979397 8
stats: {load,"tsung_controller@ip-172-30-3-206"} 1 0.0 0.0 0.01171875 0.0 0.00732421875 8
stats: {freemem,"tsung_controller@ip-172-30-3-206"} 1 6877.9921875 0.0 6880.05078125 6877.9921875 6878.84228515625 8
stats: session 24 18.03626505533854 1.5837307627466746 91.364990234375 15.7861328125 18.586290394176135 110
stats: users_count 24 134
stats: finish_users_count 24 134
stats: request 100 3.9487451171875 1.6282240381046795 70.2509765625 0.654052734375 4.076511768026091 436
stats: page 75 5.284075520833333 3.1501502930076533 70.2509765625 1.304931640625 5.452716605743501 327
stats: connect 25 0.848046875 0.06649476379201126 69.51611328125 0.635986328125 1.570480486668578 109
stats: 302 25 132
stats: 200 75 402
stats: size_rcv 365513 1959741
stats: newphase 0 2
stats: size_sent 37684 202385
stats: connected 0 0
stats: 400 0 2
# stats: dump at 1449002651
stats: users 0 2
stats: {recvpackets,"tsung_controller@ip-172-30-3-206"} 1 425.0 0.0 472 177 294.875 8
stats: {sentpackets,"tsung_controller@ip-172-30-3-206"} 1 364.0 0.0 402 145 248.875 8
stats: {cpu,"tsung_controller@ip-172-30-3-206"} 1 0.7956240676280457 0.0 1.9865350734822225 0.5961251862891207 0.8720376364023215 9
stats: {load,"tsung_controller@ip-172-30-3-206"} 1 0.0 0.0 0.01171875 0.0 0.006510416666666667 9
stats: {freemem,"tsung_controller@ip-172-30-3-206"} 1 6878.32421875 0.0 6880.05078125 6877.9921875 6878.747829861111 9
stats: session 35 17.31514369419643 1.404273789242512 91.364990234375 15.7861328125 18.487778393190297 134
stats: users_count 35 169
stats: finish_users_count 35 169
stats: page 105 5.047095889136903 3.0237775469441925 70.2509765625 1.304931640625 5.4212537167677235 402
stats: request 140 3.7722708565848215 1.5893660701255952 70.2509765625 0.654052734375 4.052674706302473 536
stats: connect 35 0.825048828125 0.09107525601077852 69.51611328125 0.635986328125 1.435698096431903 134
stats: 302 35 167
stats: 200 105 507
stats: size_rcv 511783 2471524
stats: newphase 1 3
stats: size_sent 52999 255384
stats: connected 0 0
stats: 400 0 2
# stats: dump at 1449002661
stats: users 0 2
stats: {recvpackets,"tsung_controller@ip-172-30-3-206"} 1 794.0 0.0 794 177 309.3333333333333 9
stats: {sentpackets,"tsung_controller@ip-172-30-3-206"} 1 660.0 0.0 660 145 261.6666666666667 9
stats: {cpu,"tsung_controller@ip-172-30-3-206"} 1 1.1448481831757094 0.0 1.9865350734822225 0.5961251862891207 0.8643962795248938 10
stats: {load,"tsung_controller@ip-172-30-3-206"} 1 0.0 0.0 0.01171875 0.0 0.005859375 10
stats: {freemem,"tsung_controller@ip-172-30-3-206"} 1 6878.31640625 0.0 6880.05078125 6877.9921875 6878.70546875 10
stats: session 41 17.043486804496947 1.1114831877923494 91.364990234375 15.7861328125 18.24492505316198 169
stats: users_count 41 210
stats: finish_users_count 41 210
stats: request 164 3.6965629763719514 1.4556386794322889 70.2509765625 0.654052734375 3.9946029031065096 676
stats: connect 41 0.8059558403201219 0.06403690032046622 69.51611328125 0.635986328125 1.3092322716346154 169
stats: page 123 4.945354182545732 3.0257422134678325 70.2509765625 1.304931640625 5.343765409270217 507
stats: 302 41 208
stats: 200 123 630
stats: size_rcv 599471 3070995
stats: newphase 0 3
stats: size_sent 61870 317254
stats: connected 0 0
stats: 400 0 2
# stats: dump at 1449002671
stats: users 0 2
stats: {recvpackets,"tsung_controller@ip-172-30-3-206"} 1 863.0 0.0 863 177 357.8 10
stats: {sentpackets,"tsung_controller@ip-172-30-3-206"} 1 715.0 0.0 715 145 301.5 10
stats: {cpu,"tsung_controller@ip-172-30-3-206"} 1 1.0956175298804782 0.0 1.9865350734822225 0.5961251862891207 0.8898919071295134 11
stats: {load,"tsung_controller@ip-172-30-3-206"} 1 0.0 0.0 0.01171875 0.0 0.005326704545454545 11
stats: {freemem,"tsung_controller@ip-172-30-3-206"} 1 6878.0078125 0.0 6880.05078125 6877.9921875 6878.670099431818 11
stats: session 39 17.332676031650642 1.7744030234486492 91.364990234375 15.7861328125 18.010358537946427 210
stats: users_count 39 249
stats: finish_users_count 39 249
stats: request 152 3.7807954487047697 1.607387143497831 70.2509765625 0.654052734375 3.936414155505953 840
stats: connect 38 0.8508236533717105 0.06800683661232339 69.51611328125 0.635986328125 1.2109735398065475 210
stats: 302 38 246
stats: page 114 5.0579384251644735 3.1099683622572614 70.2509765625 1.304931640625 5.265980360243056 630
stats: 200 114 744
stats: size_rcv 555334 3626329
stats: newphase 0 3
stats: size_sent 57472 374726
stats: connected 0 0
stats: 400 0 2
# stats: dump at 1449002681
stats: users 0 2
stats: {recvpackets,"tsung_controller@ip-172-30-3-206"} 1 796.0 0.0 863 177 403.72727272727275 11
stats: {sentpackets,"tsung_controller@ip-172-30-3-206"} 1 661.0 0.0 715 145 339.09090909090907 11
stats: {cpu,"tsung_controller@ip-172-30-3-206"} 1 0.9481037924151697 0.0 1.9865350734822225 0.5961251862891207 0.9070357090254272 12
stats: {load,"tsung_controller@ip-172-30-3-206"} 1 0.0 0.0 0.01171875 0.0 0.004882812499999999 12
stats: {freemem,"tsung_controller@ip-172-30-3-206"} 1 6877.98828125 0.0 6880.05078125 6877.98828125 6878.614908854167 12
stats: session 59 17.708632646980934 1.941900312792458 91.364990234375 15.7861328125 17.904215494791668 249
stats: users_count 59 308
stats: finish_users_count 59 308
stats: request 225 3.86234592013889 1.6809569254711876 70.2509765625 0.654052734375 3.9125693536573847 992
stats: connect 57 0.7875419750548246 0.0920045562230778 69.51611328125 0.635986328125 1.155789283014113 248
stats: 302 56 302
stats: page 169 5.159618851701179 3.2994457602539553 70.2509765625 1.304931640625 5.234102966964886 744
stats: 200 169 913
stats: size_rcv 824656 4450985
stats: newphase 1 4
stats: size_sent 84883 459609
stats: connected 1 1
stats: 400 0 2
# stats: dump at 1449002691
stats: users 0 3
stats: {recvpackets,"tsung_controller@ip-172-30-3-206"} 1 1226.0 0.0 1226 177 436.4166666666667 12
stats: {sentpackets,"tsung_controller@ip-172-30-3-206"} 1 999.0 0.0 999 145 365.9166666666667 12
stats: {cpu,"tsung_controller@ip-172-30-3-206"} 1 1.7386984600099353 0.0 1.9865350734822225 0.5961251862891207 0.9101947923630996 13
stats: {load,"tsung_controller@ip-172-30-3-206"} 1 0.0 0.0 0.01171875 0.0 0.004507211538461537 13
stats: {freemem,"tsung_controller@ip-172-30-3-206"} 1 6878.10546875 0.0 6880.05078125 6877.98828125 6878.5667067307695 13
stats: session 54 17.35087528935185 1.5295180938115933 91.364990234375 13.72216796875 17.86674994926948 308
stats: users_count 54 362
stats: finish_users_count 54 362
stats: request 227 3.7824362868254404 1.5884404839589101 70.2509765625 0.64111328125 3.9032840023495283 1217
stats: connect 56 0.7702157156808036 0.07544692229075531 69.51611328125 0.635986328125 1.0869692943135245 305
stats: page 170 5.068333524816174 3.048316113385687 70.2509765625 1.304931640625 5.220315655377189 913
stats: 302 56 358
stats: 200 170 1083
stats: size_rcv 827657 5278642
stats: newphase 0 4
stats: size_sent 85726 545335
stats: connected -1 0
stats: 400 1 3
# stats: dump at 1449002701
stats: users 0 3
stats: {recvpackets,"tsung_controller@ip-172-30-3-206"} 1 1186.0 0.0 1226 177 497.15384615384613 13
stats: {sentpackets,"tsung_controller@ip-172-30-3-206"} 1 965.0 0.0 999 145 414.61538461538464 13
stats: {cpu,"tsung_controller@ip-172-30-3-206"} 1 1.5430562468889994 0.0 1.9865350734822225 0.5961251862891207 0.969373625766445 14
stats: {load,"tsung_controller@ip-172-30-3-206"} 1 0.0 0.0 0.01171875 0.0 0.004185267857142856 14
stats: {freemem,"tsung_controller@ip-172-30-3-206"} 1 6878.1640625 0.0 6880.05078125 6877.98828125 6878.533761160715 14
stats: session 62 16.86188334803428 0.9315759100590587 91.364990234375 13.72216796875 17.78979627071823 362
stats: users_count 62 424
stats: finish_users_count 62 424
stats: request 248 3.6456761513986895 1.3868832569124365 70.2509765625 0.64111328125 3.88428647366257 1444
stats: page 186 4.8784573462701575 2.976532612788075 70.2509765625 1.304931640625 5.1964588112448045 1083
stats: connect 62 0.7702085433467742 0.06804953706940094 69.51611328125 0.635986328125 1.0378330051073408 361
stats: 302 62 420
stats: 200 186 1269
stats: size_rcv 906728 6185370
stats: newphase 0 4
stats: size_sent 93809 639144
stats: connected 0 0
stats: 400 0 3
# stats: dump at 1449002711
stats: users 1 3
stats: {recvpackets,"tsung_controller@ip-172-30-3-206"} 1 1283.0 0.0 1283 177 546.3571428571429 14
stats: {sentpackets,"tsung_controller@ip-172-30-3-206"} 1 1055.0 0.0 1055 145 453.92857142857144 14
stats: {cpu,"tsung_controller@ip-172-30-3-206"} 1 1.5453639082751744 0.0 1.9865350734822225 0.5961251862891207 1.007619133841282 15
stats: {load,"tsung_controller@ip-172-30-3-206"} 1 0.0 0.0 0.01171875 0.0 0.003906249999999999 15
stats: {freemem,"tsung_controller@ip-172-30-3-206"} 1 6878.02734375 0.0 6880.05078125 6877.98828125 6878.509114583333 15
stats: session 84 17.14026460193451 1.0919320578098775 91.364990234375 13.72216796875 17.654110890514445 424
stats: users_count 85 509
stats: finish_users_count 84 508
stats: connect 84 0.7792184012276786 0.10643171378191474 69.51611328125 0.635986328125 0.9986067246601655 423
stats: request 336 3.7192499069940474 1.454552691776621 70.2509765625 0.64111328125 3.8493128566877224 1692
stats: page 252 4.976914178757441 2.991519399818246 70.2509765625 1.304931640625 5.149848667442374 1269
stats: 302 83 503
stats: 200 252 1521
stats: size_rcv 1227905 7413275
stats: newphase 1 5
stats: size_sent 126887 766031
stats: connected 0 0
stats: 400 1 4
# stats: dump at 1449002721
stats: users 0 3
stats: {recvpackets,"tsung_controller@ip-172-30-3-206"} 1 1813.0 0.0 1813 177 595.4666666666667 15
stats: {sentpackets,"tsung_controller@ip-172-30-3-206"} 1 1519.0 0.0 1519 145 494.0 15
stats: {cpu,"tsung_controller@ip-172-30-3-206"} 1 1.996007984031936 0.0 1.996007984031936 0.5961251862891207 1.0412281822434004 16
stats: {load,"tsung_controller@ip-172-30-3-206"} 1 0.0 0.0 0.01171875 0.0 0.003662109374999999 16
stats: {freemem,"tsung_controller@ip-172-30-3-206"} 1 6878.015625 0.0 6880.05078125 6877.98828125 6878.47900390625 16
stats: session 89 17.19656063465591 1.5751954946561553 91.364990234375 13.72119140625 17.56914418137918 508
stats: users_count 88 597
stats: finish_users_count 89 597
stats: request 358 3.717763890101257 1.5335498287884346 70.2509765625 0.591064453125 3.827763965614214 2028
stats: connect 90 0.858642578125 0.8522819427480082 69.51611328125 0.6298828125 0.9622583633814102 507
stats: page 269 4.964732116926116 3.002402447502784 70.2509765625 1.2900390625 5.121196799494574 1521
stats: 302 86 589
stats: 200 269 1790
stats: size_rcv 1311998 8725273
stats: newphase 0 5
stats: size_sent 135625 901656
stats: connected 1 1
stats: 400 3 7
# stats: dump at 1449002731
stats: users 0 3
stats: {recvpackets,"tsung_controller@ip-172-30-3-206"} 1 1913.0 0.0 1913 177 671.5625 16
stats: {sentpackets,"tsung_controller@ip-172-30-3-206"} 1 1631.0 0.0 1631 145 558.0625 16
stats: {cpu,"tsung_controller@ip-172-30-3-206"} 1 1.991040318566451 0.0 1.996007984031936 0.5961251862891207 1.0973916999956672 17
stats: {load,"tsung_controller@ip-172-30-3-206"} 1 0.0 0.0 0.01171875 0.0 0.0034466911764705873 17
stats: {freemem,"tsung_controller@ip-172-30-3-206"} 1 6877.69140625 0.0 6880.05078125 6877.69140625 6878.45174632353 17
stats: session 94 17.710225856050524 4.068762608999848 91.364990234375 13.72119140625 17.51359990054439 597
stats: users_count 94 691
stats: finish_users_count 94 691
stats: request 370 3.8583100190033783 2.4477327985819204 70.2509765625 0.575927734375 3.811259344057785 2386
stats: connect 92 0.7694755222486414 0.1008059934016731 69.51611328125 0.6298828125 0.9466378932422529 597
stats: page 277 5.171620282885832 3.762094424257217 70.2509765625 1.2900390625 5.09768339189071 1790
stats: 302 92 681
stats: 200 277 2067
stats: size_rcv 1349473 10074746
stats: newphase 0 5
stats: size_sent 139622 1041278
stats: connected -1 0
stats: 400 1 8
# stats: dump at 1449002741
stats: users 1 3
stats: {recvpackets,"tsung_controller@ip-172-30-3-206"} 1 1926.0 0.0 1926 177 744.5882352941177 17
stats: {sentpackets,"tsung_controller@ip-172-30-3-206"} 1 1.6e3 0.0 1631 145 621.1764705882352 17
stats: {cpu,"tsung_controller@ip-172-30-3-206"} 1 2.192326856003986 0.0 2.192326856003986 0.5961251862891207 1.1470388454718219 18
stats: {load,"tsung_controller@ip-172-30-3-206"} 1 0.0 0.0 0.01171875 0.0 0.0032552083333333326 18
stats: {freemem,"tsung_controller@ip-172-30-3-206"} 1 6877.765625 0.0 6880.05078125 6877.69140625 6878.409505208333 18
stats: session 224 17.078182765415736 1.5419808312410779 91.364990234375 13.06884765625 17.540347859759407 691
stats: users_count 225 916
stats: finish_users_count 224 915
stats: request 900 3.691223415798611 1.5276528475507185 70.2509765625 0.575927734375 3.817576016673848 2756
stats: connect 225 0.7215375434027775 0.10388304529057933 69.51611328125 0.60498046875 0.9229819598149492 689
stats: page 675 4.939133391203712 3.1203023002089694 70.2509765625 1.27099609375 5.1075917222272595 2067
stats: 302 223 904
stats: 200 675 2742
stats: size_rcv 3289404 13364150
stats: newphase 1 6
stats: size_sent 339585 1380863
stats: connected 0 0
stats: 400 2 10
# stats: dump at 1449002751
stats: users 0 4
stats: {recvpackets,"tsung_controller@ip-172-30-3-206"} 1 5018.0 0.0 5018 177 810.2222222222222 18
stats: {sentpackets,"tsung_controller@ip-172-30-3-206"} 1 4180.0 0.0 4180 145 675.5555555555555 18
stats: {cpu,"tsung_controller@ip-172-30-3-206"} 1 5.187032418952618 0.0 5.187032418952618 0.5961251862891207 1.2020540039208834 19
stats: {load,"tsung_controller@ip-172-30-3-206"} 1 0.0 0.0 0.01171875 0.0 0.0030838815789473676 19
stats: {freemem,"tsung_controller@ip-172-30-3-206"} 1 6877.20703125 0.0 6880.05078125 6877.20703125 6878.375616776316 19
stats: session 254 16.877553864726856 1.6781049404916724 91.364990234375 13.06884765625 17.427205803876365 915
stats: users_count 253 1169
stats: finish_users_count 254 1169
stats: connect 250 0.7335400390624998 0.4633099209435668 69.51611328125 0.60498046875 0.8733922511795679 914
stats: request 1000 3.643744140625 1.5146863227365872 70.2509765625 0.575927734375 3.786471711206749 3656
stats: page 750 4.875762695312498 3.0921155292534905 70.2509765625 1.260009765625 5.066122220607678 2742
stats: 302 247 1151
stats: 200 750 3492
stats: size_rcv 3655194 17019344
stats: newphase 0 6
stats: size_sent 377484 1758347
stats: connected 0 0
stats: 400 3 13
# stats: dump at 1449002761
stats: users 2 5
stats: {recvpackets,"tsung_controller@ip-172-30-3-206"} 1 5375.0 0.0 5375 177 1031.6842105263158 19
stats: {sentpackets,"tsung_controller@ip-172-30-3-206"} 1 4467.0 0.0 4467 145 860.0 19
stats: {cpu,"tsung_controller@ip-172-30-3-206"} 1 5.271084337349398 0.0 5.271084337349398 0.5961251862891207 1.40130292467247 20
stats: {load,"tsung_controller@ip-172-30-3-206"} 1 0.0 0.0 0.01171875 0.0 0.002929687499999999 20
stats: {freemem,"tsung_controller@ip-172-30-3-206"} 1 6877.27734375 0.0 6880.05078125 6877.20703125 6878.3171875 20
stats: session 265 17.259149285082547 3.192170742700379 91.364990234375 13.06884765625 17.307777580998714 1169
stats: users_count 267 1436
stats: finish_users_count 265 1434
stats: page 806 4.9986308739143945 3.5943140564908806 70.2509765625 1.258056640625 5.025237442838095 3492
stats: request 1075 3.7384970021802326 2.0372955595843902 70.2509765625 0.575927734375 3.755817164260497 4656
stats: connect 269 0.7137401254646842 0.08849648219226865 69.51611328125 0.586181640625 0.8433552640410223 1164
stats: 302 266 1417
stats: 200 807 4299
stats: size_rcv 3932627 20951971
stats: newphase 0 6
stats: size_sent 406449 2164796
stats: connected 1 1
stats: 400 2 15
# stats: dump at 1449002771
stats: users 0 5
stats: {recvpackets,"tsung_controller@ip-172-30-3-206"} 1 5460.0 0.0 5460 177 1248.85 20
stats: {sentpackets,"tsung_controller@ip-172-30-3-206"} 1 4582.0 0.0 4582 145 1040.35 20
stats: {cpu,"tsung_controller@ip-172-30-3-206"} 1 5.9351620947630925 0.0 5.9351620947630925 0.5961251862891207 1.5855782300380379 21
stats: {load,"tsung_controller@ip-172-30-3-206"} 1 0.0 0.0 0.01171875 0.0 0.0027901785714285706 21
stats: {freemem,"tsung_controller@ip-172-30-3-206"} 1 6876.80859375 0.0 6880.05078125 6876.80859375 6878.267671130952 21
stats: session 364 17.95427393651269 2.4463737589283587 91.364990234375 13.06884765625 17.29879118042843 1434
stats: users_count 362 1798
stats: finish_users_count 364 1798
stats: request 1457 3.9121782437693033 1.808336344563011 70.2509765625 0.575927734375 3.752568311662995 5731
stats: connect 364 0.7663849212311129 0.6321916988809748 69.51611328125 0.586181640625 0.819024159870028 1433
stats: page 1093 5.23854638716548 3.474146766172036 70.2509765625 1.25 5.020247937358221 4298
stats: 302 360 1777
stats: 200 1092 5391
stats: size_rcv 5321581 26273552
stats: newphase 1 7
stats: size_sent 549932 2714728
stats: connected -1 0
stats: 400 5 20
# stats: dump at 1449002781
stats: users 1 7
stats: {recvpackets,"tsung_controller@ip-172-30-3-206"} 1 8502.0 0.0 8502 177 1449.3809523809523 21
stats: {sentpackets,"tsung_controller@ip-172-30-3-206"} 1 6937.0 0.0 6937 145 1209.0 21
stats: {cpu,"tsung_controller@ip-172-30-3-206"} 1 8.186840783525867 0.0 8.186840783525867 0.5961251862891207 1.7832865875255406 22
stats: {load,"tsung_controller@ip-172-30-3-206"} 1 0.0 0.0 0.01171875 0.0 0.002663352272727272 22
stats: {freemem,"tsung_controller@ip-172-30-3-206"} 1 6876.6328125 0.0 6880.05078125 6876.6328125 6878.201349431818 22
stats: session 502 18.3220667136143 4.096309213179333 91.364990234375 13.06884765625 17.431491805130694 1798
stats: users_count 503 2301
stats: finish_users_count 502 2300
stats: request 1999 3.9893762799368395 2.289510506994946 70.2509765625 0.573974609375 3.7849210761425294 7188
stats: connect 502 0.745140531623506 0.3302385066345399 69.51611328125 0.586181640625 0.808361565065039 1797
stats: page 1500 5.332277669270836 3.8463831290678407 70.2509765625 1.25 5.064506925605175 5391
stats: 302 495 2272
stats: 200 1501 6892
stats: size_rcv 7316546 33590098
stats: newphase 0 7
stats: size_sent 755446 3470174
stats: connected 4 4
stats: 400 3 23
# stats: dump at 1449002791
stats: users 2 9
stats: {recvpackets,"tsung_controller@ip-172-30-3-206"} 1 10643.0 0.0 10643 177 1769.9545454545455 22
stats: {sentpackets,"tsung_controller@ip-172-30-3-206"} 1 8575.0 0.0 8575 145 1469.3636363636363 22
stats: {cpu,"tsung_controller@ip-172-30-3-206"} 1 10.261569416498995 0.0 10.261569416498995 0.5961251862891207 2.0617019873516416 23
stats: {load,"tsung_controller@ip-172-30-3-206"} 1 0.0 0.0 0.01171875 0.0 0.0025475543478260866 23
stats: {freemem,"tsung_controller@ip-172-30-3-206"} 1 6876.8203125 0.0 6880.05078125 6876.6328125 6878.133152173913 23
stats: session 501 18.80481761087201 4.917466781766557 91.364990234375 13.06884765625 17.62586945906929 2300
stats: users_count 502 2803
stats: finish_users_count 501 2801
stats: connect 502 0.7265459645791833 0.27176882164500765 69.51611328125 0.586181640625 0.7945568852965963 2299
stats: request 2017 4.131667931953399 2.5788108036573485 70.2509765625 0.573974609375 3.8294084988468753 9187
stats: page 1512 5.534597729879714 4.297081623925286 70.2509765625 1.25 5.122793983434008 6891
stats: 302 504 2776
stats: 200 1511 8403
stats: size_rcv 7359943 40950041
stats: newphase 0 7
stats: size_sent 761398 4231572
stats: connected -4 0
stats: 400 2 25
# stats: dump at 1449002799
stats: users 0 9
stats: {recvpackets,"tsung_controller@ip-172-30-3-206"} 1 10864.0 0.0 10864 177 2155.7391304347825 23
stats: {sentpackets,"tsung_controller@ip-172-30-3-206"} 1 9012.0 0.0 9012 145 1778.304347826087 23
stats: {cpu,"tsung_controller@ip-172-30-3-206"} 1 10.837932764676367 0.0 10.837932764676367 0.5961251862891207 2.403363130232781 24
stats: {load,"tsung_controller@ip-172-30-3-206"} 1 0.0 0.0 0.01171875 0.0 0.0024414062499999996 24
stats: {freemem,"tsung_controller@ip-172-30-3-206"} 1 6875.6484375 0.0 6880.05078125 6875.6484375 6878.078450520833 24
stats: session 175 18.53802455357143 2.7821886968146976 91.364990234375 13.06884765625 17.836741656160743 2801
stats: users_count 173 2976
stats: finish_users_count 175 2976
stats: request 700 4.059245605468749 2.04338350602943 70.2509765625 0.573974609375 3.8838227505940957 11204
stats: connect 175 0.7975878906249998 0.936137201228708 69.51611328125 0.586181640625 0.7823678520227151 2801
stats: page 525 5.431434151785717 3.7185082701571206 70.2509765625 1.25 5.196892194147551 8403
stats: 302 174 2950
stats: 200 525 8928
stats: size_rcv 2557980 43508021
stats: newphase 0 7
stats: size_sent 264377 4495949
stats: connected 0 0
stats: 400 1 26
EndMonitor:{1449,2799,843150}
